[ 2018-03-23T22:17:49+08:00 ] ::1 /test_t/
INFO: [ app_init ] --START--
INFO: Run Behavior\BuildLiteBehavior [ RunTime:0.000015s ]
INFO: [ app_init ] --END-- [ RunTime:0.019855s ]
INFO: [ app_begin ] --START--
INFO: Run Behavior\ReadHtmlCacheBehavior [ RunTime:0.011442s ]
INFO: [ app_begin ] --END-- [ RunTime:0.011490s ]
SQL: SHOW COLUMNS FROM `think_data` [ RunTime:0.0937s ]
SQL: SELECT * FROM `think_data` WHERE `id` = 3 LIMIT 1   [ RunTime:0.0012s ]
INFO: [ view_parse ] --START--
INFO: [ template_filter ] --START--
INFO: Run Behavior\ContentReplaceBehavior [ RunTime:0.000625s ]
INFO: [ template_filter ] --END-- [ RunTime:0.000669s ]
INFO: Run Behavior\ParseTemplateBehavior [ RunTime:0.086011s ]
INFO: [ view_parse ] --END-- [ RunTime:0.086108s ]
INFO: [ view_filter ] --START--
INFO: Run Behavior\WriteHtmlCacheBehavior [ RunTime:0.039632s ]
INFO: [ view_filter ] --END-- [ RunTime:0.039851s ]
INFO: [ app_end ] --START--
INFO: Run Behavior\ShowPageTraceBehavior [ RunTime:0.016631s ]
INFO: [ app_end ] --END-- [ RunTime:0.016730s ]

