[ 2018-04-02T14:31:52+08:00 ] 192.168.199.179 /lab_sys/Public/lab_sys/css/tb_excp.css
INFO: [ app_init ] --START--
INFO: Run Behavior\BuildLiteBehavior [ RunTime:0.000010s ]
INFO: [ app_init ] --END-- [ RunTime:0.000743s ]
ERR: 无法加载模块:Public

[ 2018-04-02T15:39:56+08:00 ] 192.168.199.179 /lab_sys/Public/lab_sys/css/tb_excp.css
INFO: [ app_init ] --START--
INFO: Run Behavior\BuildLiteBehavior [ RunTime:0.000011s ]
INFO: [ app_init ] --END-- [ RunTime:0.001033s ]
ERR: 无法加载模块:Public

[ 2018-04-02T15:39:57+08:00 ] 192.168.199.179 /lab_sys/Public/lab_sys/css/tb_excp.css
INFO: [ app_init ] --START--
INFO: Run Behavior\BuildLiteBehavior [ RunTime:0.000011s ]
INFO: [ app_init ] --END-- [ RunTime:0.000947s ]
ERR: 无法加载模块:Public

[ 2018-04-02T15:42:55+08:00 ] 192.168.199.179 /lab_sys/Public/lab_sys/css/tb_excp.css
INFO: [ app_init ] --START--
INFO: Run Behavior\BuildLiteBehavior [ RunTime:0.000015s ]
INFO: [ app_init ] --END-- [ RunTime:0.001689s ]
ERR: 无法加载模块:Public

[ 2018-04-02T15:42:57+08:00 ] 192.168.199.179 /lab_sys/Public/lab_sys/css/tb_excp.css
INFO: [ app_init ] --START--
INFO: Run Behavior\BuildLiteBehavior [ RunTime:0.000012s ]
INFO: [ app_init ] --END-- [ RunTime:0.001015s ]
ERR: 无法加载模块:Public

[ 2018-04-02T15:44:25+08:00 ] 192.168.199.179 /lab_sys/Public/lab_sys/css/tb_excp.css
INFO: [ app_init ] --START--
INFO: Run Behavior\BuildLiteBehavior [ RunTime:0.000011s ]
INFO: [ app_init ] --END-- [ RunTime:0.000957s ]
ERR: 无法加载模块:Public

[ 2018-04-02T15:45:24+08:00 ] 192.168.199.179 /lab_sys/Public/lab_sys/css/tb_excp.css
INFO: [ app_init ] --START--
INFO: Run Behavior\BuildLiteBehavior [ RunTime:0.000013s ]
INFO: [ app_init ] --END-- [ RunTime:0.001007s ]
ERR: 无法加载模块:Public

[ 2018-04-02T15:46:57+08:00 ] 192.168.199.179 /lab_sys/Public/lab_sys/css/tb_excp.css
INFO: [ app_init ] --START--
INFO: Run Behavior\BuildLiteBehavior [ RunTime:0.000013s ]
INFO: [ app_init ] --END-- [ RunTime:0.027573s ]
ERR: 无法加载模块:Public

[ 2018-04-02T15:48:09+08:00 ] 192.168.199.179 /lab_sys/Public/lab_sys/css/tb_excp.css
INFO: [ app_init ] --START--
INFO: Run Behavior\BuildLiteBehavior [ RunTime:0.000011s ]
INFO: [ app_init ] --END-- [ RunTime:0.000927s ]
ERR: 无法加载模块:Public

[ 2018-04-02T15:48:53+08:00 ] 192.168.199.179 /lab_sys/Public/lab_sys/css/tb_excp.css
INFO: [ app_init ] --START--
INFO: Run Behavior\BuildLiteBehavior [ RunTime:0.000012s ]
INFO: [ app_init ] --END-- [ RunTime:0.001244s ]
ERR: 无法加载模块:Public

[ 2018-04-02T15:49:24+08:00 ] 192.168.199.179 /lab_sys/Public/lab_sys/css/tb_excp.css
INFO: [ app_init ] --START--
INFO: Run Behavior\BuildLiteBehavior [ RunTime:0.000015s ]
INFO: [ app_init ] --END-- [ RunTime:0.002708s ]
ERR: 无法加载模块:Public

[ 2018-04-02T15:49:49+08:00 ] 192.168.199.179 /lab_sys/Public/lab_sys/css/tb_excp.css
INFO: [ app_init ] --START--
INFO: Run Behavior\BuildLiteBehavior [ RunTime:0.000020s ]
INFO: [ app_init ] --END-- [ RunTime:0.002324s ]
ERR: 无法加载模块:Public

[ 2018-04-02T16:00:21+08:00 ] 192.168.199.179 /lab_sys/Public/lab_sys/css/tb_excp.css
INFO: [ app_init ] --START--
INFO: Run Behavior\BuildLiteBehavior [ RunTime:0.000011s ]
INFO: [ app_init ] --END-- [ RunTime:0.000963s ]
ERR: 无法加载模块:Public

[ 2018-04-02T16:00:56+08:00 ] 192.168.199.179 /lab_sys/Public/lab_sys/css/tb_excp.css
INFO: [ app_init ] --START--
INFO: Run Behavior\BuildLiteBehavior [ RunTime:0.000012s ]
INFO: [ app_init ] --END-- [ RunTime:0.000917s ]
ERR: 无法加载模块:Public

[ 2018-04-02T16:01:05+08:00 ] 192.168.199.179 /lab_sys/Public/lab_sys/css/tb_excp.css
INFO: [ app_init ] --START--
INFO: Run Behavior\BuildLiteBehavior [ RunTime:0.000088s ]
INFO: [ app_init ] --END-- [ RunTime:0.002099s ]
ERR: 无法加载模块:Public

[ 2018-04-02T17:08:49+08:00 ] 192.168.199.179 /lab_sys/Public/lab_sys/css/tb_excp.css
INFO: [ app_init ] --START--
INFO: Run Behavior\BuildLiteBehavior [ RunTime:0.000008s ]
INFO: [ app_init ] --END-- [ RunTime:0.000642s ]
ERR: 无法加载模块:Public

