[ 2018-03-26T20:30:38+08:00 ] ::1 /sysulab/index.php/%3Cscript%3Ealert('%E6%84%9F%E8%B0%A2%E5%8F%8D%E9%A6%88');%3C/script%3Emain/main.html
INFO: [ app_init ] --START--
INFO: Run Behavior\BuildLiteBehavior [ RunTime:0.000013s ]
INFO: [ app_init ] --END-- [ RunTime:0.000721s ]
ERR: 无法加载模块:alert('感谢反馈');

[ 2018-03-26T20:30:44+08:00 ] ::1 /sysulab/index.php/%3Cscript%3Ealert('%E6%84%9F%E8%B0%A2%E5%8F%8D%E9%A6%88');%3C/script%3Emain/main.html
INFO: [ app_init ] --START--
INFO: Run Behavior\BuildLiteBehavior [ RunTime:0.000009s ]
INFO: [ app_init ] --END-- [ RunTime:0.000626s ]
ERR: 无法加载模块:alert('感谢反馈');

[ 2018-03-26T20:57:37+08:00 ] ::1 /sysulab/logm
INFO: [ app_init ] --START--
INFO: Run Behavior\BuildLiteBehavior [ RunTime:0.000009s ]
INFO: [ app_init ] --END-- [ RunTime:0.000628s ]
ERR: 无法加载模块:Logm

[ 2018-03-26T20:58:21+08:00 ] ::1 /sysulab/logm
INFO: [ app_init ] --START--
INFO: Run Behavior\BuildLiteBehavior [ RunTime:0.000009s ]
INFO: [ app_init ] --END-- [ RunTime:0.000547s ]
ERR: 无法加载模块:Logm

[ 2018-03-26T20:58:23+08:00 ] ::1 /sysulab/logm
INFO: [ app_init ] --START--
INFO: Run Behavior\BuildLiteBehavior [ RunTime:0.000010s ]
INFO: [ app_init ] --END-- [ RunTime:0.000794s ]
ERR: 无法加载模块:Logm

[ 2018-03-26T20:59:27+08:00 ] ::1 /sysulab/logm
INFO: [ app_init ] --START--
INFO: Run Behavior\BuildLiteBehavior [ RunTime:0.000010s ]
INFO: [ app_init ] --END-- [ RunTime:0.000703s ]
ERR: 无法加载模块:Logm

[ 2018-03-26T21:02:42+08:00 ] ::1 /sysulab/logm_
INFO: [ app_init ] --START--
INFO: Run Behavior\BuildLiteBehavior [ RunTime:0.000011s ]
INFO: [ app_init ] --END-- [ RunTime:0.000761s ]
ERR: 无法加载模块:Logm_

[ 2018-03-26T21:05:02+08:00 ] ::1 /sysulab/logm_
INFO: [ app_init ] --START--
INFO: Run Behavior\BuildLiteBehavior [ RunTime:0.000009s ]
INFO: [ app_init ] --END-- [ RunTime:0.000617s ]
ERR: 无法加载模块:Logm_

[ 2018-03-26T21:05:11+08:00 ] ::1 /sysulab/logm_
INFO: [ app_init ] --START--
INFO: Run Behavior\BuildLiteBehavior [ RunTime:0.000009s ]
INFO: [ app_init ] --END-- [ RunTime:0.000613s ]
ERR: 无法加载模块:Logm_

[ 2018-03-26T21:05:59+08:00 ] ::1 /sysulab/logm_
INFO: [ app_init ] --START--
INFO: Run Behavior\BuildLiteBehavior [ RunTime:0.000012s ]
INFO: [ app_init ] --END-- [ RunTime:0.000818s ]
ERR: 无法加载模块:Logm_

[ 2018-03-26T21:14:54+08:00 ] ::1 /sysulab/main/main_m
INFO: [ app_init ] --START--
INFO: Run Behavior\BuildLiteBehavior [ RunTime:0.000009s ]
INFO: [ app_init ] --END-- [ RunTime:0.000602s ]
ERR: 无法加载模块:Main

