[ 2018-03-24T23:24:47+08:00 ] ::1 /sysulab/excpsts_a
INFO: [ app_init ] --START--
INFO: Run Behavior\BuildLiteBehavior [ RunTime:0.000048s ]
INFO: [ app_init ] --END-- [ RunTime:0.000752s ]
ERR: 无法加载模块:Excpsts_a

[ 2018-03-24T23:25:21+08:00 ] ::1 /sysulab/excpsts_a.html
INFO: [ app_init ] --START--
INFO: Run Behavior\BuildLiteBehavior [ RunTime:0.000011s ]
INFO: [ app_init ] --END-- [ RunTime:0.000818s ]
ERR: 无法加载模块:Excpsts_a

[ 2018-03-24T23:26:01+08:00 ] ::1 /sysulab/excpsts_a.html
INFO: [ app_init ] --START--
INFO: Run Behavior\BuildLiteBehavior [ RunTime:0.000010s ]
INFO: [ app_init ] --END-- [ RunTime:0.000726s ]
ERR: 无法加载模块:Excpsts_a

[ 2018-03-24T23:26:06+08:00 ] ::1 /sysulab/excpsts_a
INFO: [ app_init ] --START--
INFO: Run Behavior\BuildLiteBehavior [ RunTime:0.000009s ]
INFO: [ app_init ] --END-- [ RunTime:0.000547s ]
ERR: 无法加载模块:Excpsts_a

[ 2018-03-24T23:26:34+08:00 ] ::1 /sysulab/excpsts_a.html
INFO: [ app_init ] --START--
INFO: Run Behavior\BuildLiteBehavior [ RunTime:0.000009s ]
INFO: [ app_init ] --END-- [ RunTime:0.000623s ]
ERR: 无法加载模块:Excpsts_a

[ 2018-03-24T23:26:44+08:00 ] ::1 /sysulab/eception/excpsts_a.html
INFO: [ app_init ] --START--
INFO: Run Behavior\BuildLiteBehavior [ RunTime:0.000022s ]
INFO: [ app_init ] --END-- [ RunTime:0.000749s ]
ERR: 无法加载模块:Eception

[ 2018-03-24T23:26:48+08:00 ] ::1 /sysulab/ex/ception/excpsts_a.html
INFO: [ app_init ] --START--
INFO: Run Behavior\BuildLiteBehavior [ RunTime:0.000014s ]
INFO: [ app_init ] --END-- [ RunTime:0.001950s ]
ERR: 无法加载模块:Ex

[ 2018-03-24T23:26:52+08:00 ] ::1 /sysulab/exception/excpsts_a.html
INFO: [ app_init ] --START--
INFO: Run Behavior\BuildLiteBehavior [ RunTime:0.000009s ]
INFO: [ app_init ] --END-- [ RunTime:0.000600s ]
ERR: 无法加载模块:Exception

[ 2018-03-24T23:27:14+08:00 ] ::1 /sysulab/lab_sys/excpsts_a.html
INFO: [ app_init ] --START--
INFO: Run Behavior\BuildLiteBehavior [ RunTime:0.000011s ]
INFO: [ app_init ] --END-- [ RunTime:0.000700s ]
ERR: 无法加载模块:Lab_sys

[ 2018-03-24T23:29:06+08:00 ] ::1 /sysulab/index.php/lab_sys/excpsts_a.html
INFO: [ app_init ] --START--
INFO: Run Behavior\BuildLiteBehavior [ RunTime:0.000010s ]
INFO: [ app_init ] --END-- [ RunTime:0.000632s ]
ERR: 无法加载模块:Lab_sys

[ 2018-03-24T23:29:13+08:00 ] ::1 /sysulab/lab_sys/excpsts_a.html
INFO: [ app_init ] --START--
INFO: Run Behavior\BuildLiteBehavior [ RunTime:0.000013s ]
INFO: [ app_init ] --END-- [ RunTime:0.000957s ]
ERR: 无法加载模块:Lab_sys

[ 2018-03-24T23:29:24+08:00 ] ::1 /sysulab/lab_sys-excpsts_a.html
INFO: [ app_init ] --START--
INFO: Run Behavior\BuildLiteBehavior [ RunTime:0.000014s ]
INFO: [ app_init ] --END-- [ RunTime:0.000787s ]
ERR: 无法加载模块:Lab_sys-excpsts_a

[ 2018-03-24T23:29:27+08:00 ] ::1 /sysulab/lab_sys/excpsts_a.html
INFO: [ app_init ] --START--
INFO: Run Behavior\BuildLiteBehavior [ RunTime:0.000014s ]
INFO: [ app_init ] --END-- [ RunTime:0.001152s ]
ERR: 无法加载模块:Lab_sys

[ 2018-03-24T23:30:32+08:00 ] ::1 /sysulab/lab_sys/exception
INFO: [ app_init ] --START--
INFO: Run Behavior\BuildLiteBehavior [ RunTime:0.000009s ]
INFO: [ app_init ] --END-- [ RunTime:0.000646s ]
ERR: 无法加载模块:Lab_sys

[ 2018-03-24T23:45:34+08:00 ] ::1 /sysulab/main/main
INFO: [ app_init ] --START--
INFO: Run Behavior\BuildLiteBehavior [ RunTime:0.000041s ]
INFO: [ app_init ] --END-- [ RunTime:0.001889s ]
ERR: 无法加载模块:Main

[ 2018-03-24T23:45:38+08:00 ] ::1 /sysulab/main/index
INFO: [ app_init ] --START--
INFO: Run Behavior\BuildLiteBehavior [ RunTime:0.000008s ]
INFO: [ app_init ] --END-- [ RunTime:0.000546s ]
ERR: 无法加载模块:Main

[ 2018-03-24T23:45:43+08:00 ] ::1 /sysulab/main/main
INFO: [ app_init ] --START--
INFO: Run Behavior\BuildLiteBehavior [ RunTime:0.000012s ]
INFO: [ app_init ] --END-- [ RunTime:0.000746s ]
ERR: 无法加载模块:Main

