[ 2018-03-31T13:46:40+08:00 ] ::1 /lab_sys/
INFO: [ app_init ] --START--
INFO: Run Behavior\BuildLiteBehavior [ RunTime:0.000018s ]
INFO: [ app_init ] --END-- [ RunTime:0.005751s ]
NOTIC: [2] Use of undefined constant TMPL_PARSE_STRING - assumed 'TMPL_PARSE_STRING' (this will throw an Error in a future version of PHP) D:\xampp\htdocs\lab_sys\lab_sys\Home\Conf\config.php 第 12 行.
INFO: [ app_begin ] --START--
INFO: Run Behavior\ReadHtmlCacheBehavior [ RunTime:0.003614s ]
INFO: [ app_begin ] --END-- [ RunTime:0.003706s ]
INFO: [ view_parse ] --START--
INFO: [ template_filter ] --START--
INFO: Run Behavior\ContentReplaceBehavior [ RunTime:0.011400s ]
INFO: [ template_filter ] --END-- [ RunTime:0.011483s ]
INFO: Run Behavior\ParseTemplateBehavior [ RunTime:0.036827s ]
INFO: [ view_parse ] --END-- [ RunTime:0.036922s ]
INFO: [ view_filter ] --START--
INFO: Run Behavior\WriteHtmlCacheBehavior [ RunTime:0.002613s ]
INFO: [ view_filter ] --END-- [ RunTime:0.002674s ]
INFO: [ app_end ] --START--
INFO: Run Behavior\ShowPageTraceBehavior [ RunTime:0.003696s ]
INFO: [ app_end ] --END-- [ RunTime:0.003759s ]

[ 2018-03-31T13:50:16+08:00 ] ::1 /lab_sys/index.php/Home/Login/log_
INFO: [ app_init ] --START--
INFO: Run Behavior\BuildLiteBehavior [ RunTime:0.000011s ]
INFO: [ app_init ] --END-- [ RunTime:0.000789s ]
NOTIC: [2] Use of undefined constant TMPL_PARSE_STRING - assumed 'TMPL_PARSE_STRING' (this will throw an Error in a future version of PHP) D:\xampp\htdocs\lab_sys\lab_sys\Home\Conf\config.php 第 12 行.
INFO: [ app_begin ] --START--
INFO: Run Behavior\ReadHtmlCacheBehavior [ RunTime:0.001438s ]
INFO: [ app_begin ] --END-- [ RunTime:0.001489s ]
ERR: SQLSTATE[HY000] [1049] Unknown database 'lab_sys'

[ 2018-03-31T13:50:16+08:00 ] ::1 /lab_sys/index.php/Home/Login/log_
INFO: [ app_init ] --START--
INFO: Run Behavior\BuildLiteBehavior [ RunTime:0.000013s ]
INFO: [ app_init ] --END-- [ RunTime:0.000789s ]
NOTIC: [2] Use of undefined constant TMPL_PARSE_STRING - assumed 'TMPL_PARSE_STRING' (this will throw an Error in a future version of PHP) D:\xampp\htdocs\lab_sys\lab_sys\Home\Conf\config.php 第 12 行.
INFO: [ app_begin ] --START--
INFO: Run Behavior\ReadHtmlCacheBehavior [ RunTime:0.001896s ]
INFO: [ app_begin ] --END-- [ RunTime:0.002003s ]
ERR: SQLSTATE[HY000] [1049] Unknown database 'lab_sys'

[ 2018-03-31T13:53:29+08:00 ] ::1 /lab_sys/index.php/Home/Login/log_
INFO: [ app_init ] --START--
INFO: Run Behavior\BuildLiteBehavior [ RunTime:0.000009s ]
INFO: [ app_init ] --END-- [ RunTime:0.000792s ]
NOTIC: [2] Use of undefined constant TMPL_PARSE_STRING - assumed 'TMPL_PARSE_STRING' (this will throw an Error in a future version of PHP) D:\xampp\htdocs\lab_sys\lab_sys\Home\Conf\config.php 第 12 行.
INFO: [ app_begin ] --START--
INFO: Run Behavior\ReadHtmlCacheBehavior [ RunTime:0.001399s ]
INFO: [ app_begin ] --END-- [ RunTime:0.001442s ]
SQL: SHOW COLUMNS FROM `stu` [ RunTime:0.0068s ]
SQL: SELECT * FROM `stu` WHERE (  id=10000  )  [ RunTime:0.0004s ]
INFO: [ view_parse ] --START--
INFO: [ template_filter ] --START--
INFO: Run Behavior\ContentReplaceBehavior [ RunTime:0.000030s ]
INFO: [ template_filter ] --END-- [ RunTime:0.000061s ]
INFO: Run Behavior\ParseTemplateBehavior [ RunTime:0.018685s ]
INFO: [ view_parse ] --END-- [ RunTime:0.018726s ]
INFO: [ view_filter ] --START--
INFO: Run Behavior\WriteHtmlCacheBehavior [ RunTime:0.000975s ]
INFO: [ view_filter ] --END-- [ RunTime:0.001018s ]

[ 2018-03-31T13:53:46+08:00 ] ::1 /lab_sys/home/login/logm
INFO: [ app_init ] --START--
INFO: Run Behavior\BuildLiteBehavior [ RunTime:0.000010s ]
INFO: [ app_init ] --END-- [ RunTime:0.000824s ]
NOTIC: [2] Use of undefined constant TMPL_PARSE_STRING - assumed 'TMPL_PARSE_STRING' (this will throw an Error in a future version of PHP) D:\xampp\htdocs\lab_sys\lab_sys\Home\Conf\config.php 第 12 行.
INFO: [ app_begin ] --START--
INFO: Run Behavior\ReadHtmlCacheBehavior [ RunTime:0.001379s ]
INFO: [ app_begin ] --END-- [ RunTime:0.001417s ]
INFO: [ view_parse ] --START--
INFO: [ template_filter ] --START--
INFO: Run Behavior\ContentReplaceBehavior [ RunTime:0.000034s ]
INFO: [ template_filter ] --END-- [ RunTime:0.000074s ]
INFO: Run Behavior\ParseTemplateBehavior [ RunTime:0.010870s ]
INFO: [ view_parse ] --END-- [ RunTime:0.010928s ]
INFO: [ view_filter ] --START--
INFO: Run Behavior\WriteHtmlCacheBehavior [ RunTime:0.001308s ]
INFO: [ view_filter ] --END-- [ RunTime:0.001344s ]
INFO: [ app_end ] --START--
INFO: Run Behavior\ShowPageTraceBehavior [ RunTime:0.001589s ]
INFO: [ app_end ] --END-- [ RunTime:0.001630s ]

[ 2018-03-31T13:53:49+08:00 ] ::1 /lab_sys/index.php/Home/Login/logm_
INFO: [ app_init ] --START--
INFO: Run Behavior\BuildLiteBehavior [ RunTime:0.000009s ]
INFO: [ app_init ] --END-- [ RunTime:0.000881s ]
NOTIC: [2] Use of undefined constant TMPL_PARSE_STRING - assumed 'TMPL_PARSE_STRING' (this will throw an Error in a future version of PHP) D:\xampp\htdocs\lab_sys\lab_sys\Home\Conf\config.php 第 12 行.
INFO: [ app_begin ] --START--
INFO: Run Behavior\ReadHtmlCacheBehavior [ RunTime:0.000932s ]
INFO: [ app_begin ] --END-- [ RunTime:0.000965s ]
SQL: SHOW COLUMNS FROM `man` [ RunTime:0.0083s ]
SQL: SELECT * FROM `man` WHERE ( id=10000 )  [ RunTime:0.0798s ]

[ 2018-03-31T13:53:49+08:00 ] ::1 /lab_sys/index.php/Home/Login/logm_
INFO: [ app_init ] --START--
INFO: Run Behavior\BuildLiteBehavior [ RunTime:0.000012s ]
INFO: [ app_init ] --END-- [ RunTime:0.000797s ]
NOTIC: [2] Use of undefined constant TMPL_PARSE_STRING - assumed 'TMPL_PARSE_STRING' (this will throw an Error in a future version of PHP) D:\xampp\htdocs\lab_sys\lab_sys\Home\Conf\config.php 第 12 行.
INFO: [ app_begin ] --START--
INFO: Run Behavior\ReadHtmlCacheBehavior [ RunTime:0.001242s ]
INFO: [ app_begin ] --END-- [ RunTime:0.001276s ]
SQL: SHOW COLUMNS FROM `man` [ RunTime:0.0048s ]
SQL: SELECT * FROM `man` WHERE ( id=10000 )  [ RunTime:0.0004s ]

[ 2018-03-31T13:53:49+08:00 ] ::1 /lab_sys/index.php/Home/main/main_m.html
INFO: [ app_init ] --START--
INFO: Run Behavior\BuildLiteBehavior [ RunTime:0.000011s ]
INFO: [ app_init ] --END-- [ RunTime:0.000869s ]
NOTIC: [2] Use of undefined constant TMPL_PARSE_STRING - assumed 'TMPL_PARSE_STRING' (this will throw an Error in a future version of PHP) D:\xampp\htdocs\lab_sys\lab_sys\Home\Conf\config.php 第 12 行.
INFO: [ app_begin ] --START--
INFO: Run Behavior\ReadHtmlCacheBehavior [ RunTime:0.001180s ]
INFO: [ app_begin ] --END-- [ RunTime:0.001315s ]
INFO: [ view_parse ] --START--
INFO: [ template_filter ] --START--
INFO: Run Behavior\ContentReplaceBehavior [ RunTime:0.000030s ]
INFO: [ template_filter ] --END-- [ RunTime:0.000058s ]
INFO: Run Behavior\ParseTemplateBehavior [ RunTime:0.008556s ]
INFO: [ view_parse ] --END-- [ RunTime:0.008592s ]
INFO: [ view_filter ] --START--
INFO: Run Behavior\WriteHtmlCacheBehavior [ RunTime:0.001047s ]
INFO: [ view_filter ] --END-- [ RunTime:0.001077s ]
INFO: [ app_end ] --START--
INFO: Run Behavior\ShowPageTraceBehavior [ RunTime:0.001237s ]
INFO: [ app_end ] --END-- [ RunTime:0.001267s ]

[ 2018-03-31T13:53:51+08:00 ] ::1 /lab_sys/index.php/Home/main/excpsts
INFO: [ app_init ] --START--
INFO: Run Behavior\BuildLiteBehavior [ RunTime:0.000021s ]
INFO: [ app_init ] --END-- [ RunTime:0.000961s ]
NOTIC: [2] Use of undefined constant TMPL_PARSE_STRING - assumed 'TMPL_PARSE_STRING' (this will throw an Error in a future version of PHP) D:\xampp\htdocs\lab_sys\lab_sys\Home\Conf\config.php 第 12 行.
INFO: [ app_begin ] --START--
INFO: Run Behavior\ReadHtmlCacheBehavior [ RunTime:0.001331s ]
INFO: [ app_begin ] --END-- [ RunTime:0.001367s ]

[ 2018-03-31T13:53:51+08:00 ] ::1 /lab_sys/index.php/Home/exception/excpsts.html
INFO: [ app_init ] --START--
INFO: Run Behavior\BuildLiteBehavior [ RunTime:0.000007s ]
INFO: [ app_init ] --END-- [ RunTime:0.000732s ]
NOTIC: [2] Use of undefined constant TMPL_PARSE_STRING - assumed 'TMPL_PARSE_STRING' (this will throw an Error in a future version of PHP) D:\xampp\htdocs\lab_sys\lab_sys\Home\Conf\config.php 第 12 行.
INFO: [ app_begin ] --START--
INFO: Run Behavior\ReadHtmlCacheBehavior [ RunTime:0.000930s ]
INFO: [ app_begin ] --END-- [ RunTime:0.000957s ]
SQL: SHOW COLUMNS FROM `excp` [ RunTime:0.0048s ]
SQL: SELECT * FROM `excp`  [ RunTime:0.0004s ]
INFO: [ view_parse ] --START--
INFO: [ template_filter ] --START--
INFO: Run Behavior\ContentReplaceBehavior [ RunTime:0.000139s ]
INFO: [ template_filter ] --END-- [ RunTime:0.000219s ]
NOTIC: [2] Use of undefined constant pc - assumed 'pc' (this will throw an Error in a future version of PHP) D:\xampp\htdocs\lab_sys\lab_sys\Runtime\Cache\Home\a5a14055ce9fb5b618757cc4711010b2.php 第 70 行.
NOTIC: [2] Use of undefined constant wire - assumed 'wire' (this will throw an Error in a future version of PHP) D:\xampp\htdocs\lab_sys\lab_sys\Runtime\Cache\Home\a5a14055ce9fb5b618757cc4711010b2.php 第 70 行.
NOTIC: [2] Use of undefined constant box - assumed 'box' (this will throw an Error in a future version of PHP) D:\xampp\htdocs\lab_sys\lab_sys\Runtime\Cache\Home\a5a14055ce9fb5b618757cc4711010b2.php 第 70 行.
NOTIC: [2] Use of undefined constant oscp - assumed 'oscp' (this will throw an Error in a future version of PHP) D:\xampp\htdocs\lab_sys\lab_sys\Runtime\Cache\Home\a5a14055ce9fb5b618757cc4711010b2.php 第 70 行.
NOTIC: [2] Use of undefined constant gen - assumed 'gen' (this will throw an Error in a future version of PHP) D:\xampp\htdocs\lab_sys\lab_sys\Runtime\Cache\Home\a5a14055ce9fb5b618757cc4711010b2.php 第 70 行.
NOTIC: [8] Undefined index: delID D:\xampp\htdocs\lab_sys\lab_sys\Runtime\Cache\Home\a5a14055ce9fb5b618757cc4711010b2.php 第 71 行.
NOTIC: [8] Undefined index: delNam D:\xampp\htdocs\lab_sys\lab_sys\Runtime\Cache\Home\a5a14055ce9fb5b618757cc4711010b2.php 第 71 行.
NOTIC: [8] Undefined index: delWay D:\xampp\htdocs\lab_sys\lab_sys\Runtime\Cache\Home\a5a14055ce9fb5b618757cc4711010b2.php 第 73 行.
NOTIC: [8] Undefined index: delTim D:\xampp\htdocs\lab_sys\lab_sys\Runtime\Cache\Home\a5a14055ce9fb5b618757cc4711010b2.php 第 74 行.
NOTIC: [2] Use of undefined constant pc - assumed 'pc' (this will throw an Error in a future version of PHP) D:\xampp\htdocs\lab_sys\lab_sys\Runtime\Cache\Home\a5a14055ce9fb5b618757cc4711010b2.php 第 70 行.
NOTIC: [2] Use of undefined constant wire - assumed 'wire' (this will throw an Error in a future version of PHP) D:\xampp\htdocs\lab_sys\lab_sys\Runtime\Cache\Home\a5a14055ce9fb5b618757cc4711010b2.php 第 70 行.
NOTIC: [2] Use of undefined constant box - assumed 'box' (this will throw an Error in a future version of PHP) D:\xampp\htdocs\lab_sys\lab_sys\Runtime\Cache\Home\a5a14055ce9fb5b618757cc4711010b2.php 第 70 行.
NOTIC: [2] Use of undefined constant oscp - assumed 'oscp' (this will throw an Error in a future version of PHP) D:\xampp\htdocs\lab_sys\lab_sys\Runtime\Cache\Home\a5a14055ce9fb5b618757cc4711010b2.php 第 70 行.
NOTIC: [2] Use of undefined constant gen - assumed 'gen' (this will throw an Error in a future version of PHP) D:\xampp\htdocs\lab_sys\lab_sys\Runtime\Cache\Home\a5a14055ce9fb5b618757cc4711010b2.php 第 70 行.
NOTIC: [8] Undefined index: delID D:\xampp\htdocs\lab_sys\lab_sys\Runtime\Cache\Home\a5a14055ce9fb5b618757cc4711010b2.php 第 71 行.
NOTIC: [8] Undefined index: delNam D:\xampp\htdocs\lab_sys\lab_sys\Runtime\Cache\Home\a5a14055ce9fb5b618757cc4711010b2.php 第 71 行.
NOTIC: [8] Undefined index: delWay D:\xampp\htdocs\lab_sys\lab_sys\Runtime\Cache\Home\a5a14055ce9fb5b618757cc4711010b2.php 第 73 行.
NOTIC: [8] Undefined index: delTim D:\xampp\htdocs\lab_sys\lab_sys\Runtime\Cache\Home\a5a14055ce9fb5b618757cc4711010b2.php 第 74 行.
NOTIC: [2] Use of undefined constant pc - assumed 'pc' (this will throw an Error in a future version of PHP) D:\xampp\htdocs\lab_sys\lab_sys\Runtime\Cache\Home\a5a14055ce9fb5b618757cc4711010b2.php 第 70 行.
NOTIC: [2] Use of undefined constant wire - assumed 'wire' (this will throw an Error in a future version of PHP) D:\xampp\htdocs\lab_sys\lab_sys\Runtime\Cache\Home\a5a14055ce9fb5b618757cc4711010b2.php 第 70 行.
NOTIC: [2] Use of undefined constant box - assumed 'box' (this will throw an Error in a future version of PHP) D:\xampp\htdocs\lab_sys\lab_sys\Runtime\Cache\Home\a5a14055ce9fb5b618757cc4711010b2.php 第 70 行.
NOTIC: [2] Use of undefined constant oscp - assumed 'oscp' (this will throw an Error in a future version of PHP) D:\xampp\htdocs\lab_sys\lab_sys\Runtime\Cache\Home\a5a14055ce9fb5b618757cc4711010b2.php 第 70 行.
NOTIC: [2] Use of undefined constant gen - assumed 'gen' (this will throw an Error in a future version of PHP) D:\xampp\htdocs\lab_sys\lab_sys\Runtime\Cache\Home\a5a14055ce9fb5b618757cc4711010b2.php 第 70 行.
NOTIC: [8] Undefined index: delID D:\xampp\htdocs\lab_sys\lab_sys\Runtime\Cache\Home\a5a14055ce9fb5b618757cc4711010b2.php 第 71 行.
NOTIC: [8] Undefined index: delNam D:\xampp\htdocs\lab_sys\lab_sys\Runtime\Cache\Home\a5a14055ce9fb5b618757cc4711010b2.php 第 71 行.
NOTIC: [8] Undefined index: delWay D:\xampp\htdocs\lab_sys\lab_sys\Runtime\Cache\Home\a5a14055ce9fb5b618757cc4711010b2.php 第 73 行.
NOTIC: [8] Undefined index: delTim D:\xampp\htdocs\lab_sys\lab_sys\Runtime\Cache\Home\a5a14055ce9fb5b618757cc4711010b2.php 第 74 行.
NOTIC: [2] Use of undefined constant pc - assumed 'pc' (this will throw an Error in a future version of PHP) D:\xampp\htdocs\lab_sys\lab_sys\Runtime\Cache\Home\a5a14055ce9fb5b618757cc4711010b2.php 第 70 行.
NOTIC: [2] Use of undefined constant wire - assumed 'wire' (this will throw an Error in a future version of PHP) D:\xampp\htdocs\lab_sys\lab_sys\Runtime\Cache\Home\a5a14055ce9fb5b618757cc4711010b2.php 第 70 行.
NOTIC: [2] Use of undefined constant box - assumed 'box' (this will throw an Error in a future version of PHP) D:\xampp\htdocs\lab_sys\lab_sys\Runtime\Cache\Home\a5a14055ce9fb5b618757cc4711010b2.php 第 70 行.
NOTIC: [2] Use of undefined constant oscp - assumed 'oscp' (this will throw an Error in a future version of PHP) D:\xampp\htdocs\lab_sys\lab_sys\Runtime\Cache\Home\a5a14055ce9fb5b618757cc4711010b2.php 第 70 行.
NOTIC: [2] Use of undefined constant gen - assumed 'gen' (this will throw an Error in a future version of PHP) D:\xampp\htdocs\lab_sys\lab_sys\Runtime\Cache\Home\a5a14055ce9fb5b618757cc4711010b2.php 第 70 行.
NOTIC: [8] Undefined index: delID D:\xampp\htdocs\lab_sys\lab_sys\Runtime\Cache\Home\a5a14055ce9fb5b618757cc4711010b2.php 第 71 行.
NOTIC: [8] Undefined index: delNam D:\xampp\htdocs\lab_sys\lab_sys\Runtime\Cache\Home\a5a14055ce9fb5b618757cc4711010b2.php 第 71 行.
NOTIC: [8] Undefined index: delWay D:\xampp\htdocs\lab_sys\lab_sys\Runtime\Cache\Home\a5a14055ce9fb5b618757cc4711010b2.php 第 73 行.
NOTIC: [8] Undefined index: delTim D:\xampp\htdocs\lab_sys\lab_sys\Runtime\Cache\Home\a5a14055ce9fb5b618757cc4711010b2.php 第 74 行.
INFO: Run Behavior\ParseTemplateBehavior [ RunTime:0.050710s ]
INFO: [ view_parse ] --END-- [ RunTime:0.050772s ]
INFO: [ view_filter ] --START--
INFO: Run Behavior\WriteHtmlCacheBehavior [ RunTime:0.004048s ]
INFO: [ view_filter ] --END-- [ RunTime:0.004142s ]
INFO: [ app_end ] --START--
INFO: Run Behavior\ShowPageTraceBehavior [ RunTime:0.004057s ]
INFO: [ app_end ] --END-- [ RunTime:0.004148s ]

[ 2018-03-31T13:54:03+08:00 ] ::1 /lab_sys/index.php/Home/Exception/deal_inc
INFO: [ app_init ] --START--
INFO: Run Behavior\BuildLiteBehavior [ RunTime:0.000007s ]
INFO: [ app_init ] --END-- [ RunTime:0.000729s ]
NOTIC: [2] Use of undefined constant TMPL_PARSE_STRING - assumed 'TMPL_PARSE_STRING' (this will throw an Error in a future version of PHP) D:\xampp\htdocs\lab_sys\lab_sys\Home\Conf\config.php 第 12 行.
INFO: [ app_begin ] --START--
INFO: Run Behavior\ReadHtmlCacheBehavior [ RunTime:0.001052s ]
INFO: [ app_begin ] --END-- [ RunTime:0.001087s ]
SQL: SHOW COLUMNS FROM `excp` [ RunTime:0.0068s ]
NOTIC: [8] Undefined index: vo_id D:\xampp\htdocs\lab_sys\lab_sys\Home\Controller\ExceptionController.class.php 第 37 行.
NOTIC: [8] Undefined index: vo_dat D:\xampp\htdocs\lab_sys\lab_sys\Home\Controller\ExceptionController.class.php 第 38 行.
NOTIC: [2] Illegal offset type in isset or empty D:\xampp\htdocs\lab_sys\ThinkPHP\Library\Think\Model.class.php 第 445 行.
ERR: 1054:Unknown column '$vo_dat' in 'where clause'
 [ SQL语句 ] : UPDATE `excp` SET `delId`='10000',`delNam`='MAN',`sts`='处理不成功',`delWay`='f**K',`delTim`='now()' WHERE ( dat = $vo_dat and id = $vo_id )
ERR: 1054:Unknown column '$vo_dat' in 'where clause'
 [ SQL语句 ] : UPDATE `excp` SET `delId`='10000',`delNam`='MAN',`sts`='处理不成功',`delWay`='f**K',`delTim`='now()' WHERE ( dat = $vo_dat and id = $vo_id )

[ 2018-03-31T13:54:44+08:00 ] ::1 /lab_sys/index.php/Home/Exception/deal_inc
INFO: [ app_init ] --START--
INFO: Run Behavior\BuildLiteBehavior [ RunTime:0.000008s ]
INFO: [ app_init ] --END-- [ RunTime:0.000699s ]
NOTIC: [2] Use of undefined constant TMPL_PARSE_STRING - assumed 'TMPL_PARSE_STRING' (this will throw an Error in a future version of PHP) D:\xampp\htdocs\lab_sys\lab_sys\Home\Conf\config.php 第 12 行.
INFO: [ app_begin ] --START--
INFO: Run Behavior\ReadHtmlCacheBehavior [ RunTime:0.000896s ]
INFO: [ app_begin ] --END-- [ RunTime:0.000924s ]
SQL: SHOW COLUMNS FROM `excp` [ RunTime:0.0051s ]
NOTIC: [8] Undefined index: vo_id D:\xampp\htdocs\lab_sys\lab_sys\Home\Controller\ExceptionController.class.php 第 37 行.
NOTIC: [8] Undefined index: vo_dat D:\xampp\htdocs\lab_sys\lab_sys\Home\Controller\ExceptionController.class.php 第 38 行.
NOTIC: [2] Illegal offset type in isset or empty D:\xampp\htdocs\lab_sys\ThinkPHP\Library\Think\Model.class.php 第 445 行.
ERR: 1064:You have an error in your SQL syntax; check the manual that corresponds to your MariaDB server version for the right syntax to use near 'and id =  )' at line 1
 [ SQL语句 ] : UPDATE `excp` SET `delId`='10000',`delNam`='MAN',`sts`='处理不成功',`delWay`='f**K',`delTim`='now()' WHERE ( dat =  and id =  )
ERR: 1064:You have an error in your SQL syntax; check the manual that corresponds to your MariaDB server version for the right syntax to use near 'and id =  )' at line 1
 [ SQL语句 ] : UPDATE `excp` SET `delId`='10000',`delNam`='MAN',`sts`='处理不成功',`delWay`='f**K',`delTim`='now()' WHERE ( dat =  and id =  )

[ 2018-03-31T13:56:12+08:00 ] ::1 /lab_sys/index.php/Home/Exception/deal_inc
INFO: [ app_init ] --START--
INFO: Run Behavior\BuildLiteBehavior [ RunTime:0.000008s ]
INFO: [ app_init ] --END-- [ RunTime:0.000868s ]
NOTIC: [2] Use of undefined constant TMPL_PARSE_STRING - assumed 'TMPL_PARSE_STRING' (this will throw an Error in a future version of PHP) D:\xampp\htdocs\lab_sys\lab_sys\Home\Conf\config.php 第 12 行.
INFO: [ app_begin ] --START--
INFO: Run Behavior\ReadHtmlCacheBehavior [ RunTime:0.001235s ]
INFO: [ app_begin ] --END-- [ RunTime:0.001269s ]
SQL: SHOW COLUMNS FROM `excp` [ RunTime:0.0065s ]
NOTIC: [2] Illegal offset type in isset or empty D:\xampp\htdocs\lab_sys\ThinkPHP\Library\Think\Model.class.php 第 445 行.
ERR: 1064:You have an error in your SQL syntax; check the manual that corresponds to your MariaDB server version for the right syntax to use near '21:52:15 and id = 16301056 )' at line 1
 [ SQL语句 ] : UPDATE `excp` SET `delId`='10000',`delNam`='MAN',`sts`='处理不成功',`delWay`='f**K',`delTim`='now()' WHERE ( dat = 2018-03-28 21:52'MAN'5 and id = 16301056 )
ERR: 1064:You have an error in your SQL syntax; check the manual that corresponds to your MariaDB server version for the right syntax to use near '21:52:15 and id = 16301056 )' at line 1
 [ SQL语句 ] : UPDATE `excp` SET `delId`='10000',`delNam`='MAN',`sts`='处理不成功',`delWay`='f**K',`delTim`='now()' WHERE ( dat = 2018-03-28 21:52'MAN'5 and id = 16301056 )

[ 2018-03-31T13:57:56+08:00 ] ::1 /lab_sys/index.php/Home/Exception/deal_inc
INFO: [ app_init ] --START--
INFO: Run Behavior\BuildLiteBehavior [ RunTime:0.000012s ]
INFO: [ app_init ] --END-- [ RunTime:0.001100s ]
NOTIC: [2] Use of undefined constant TMPL_PARSE_STRING - assumed 'TMPL_PARSE_STRING' (this will throw an Error in a future version of PHP) D:\xampp\htdocs\lab_sys\lab_sys\Home\Conf\config.php 第 12 行.
INFO: [ app_begin ] --START--
INFO: Run Behavior\ReadHtmlCacheBehavior [ RunTime:0.001413s ]
INFO: [ app_begin ] --END-- [ RunTime:0.001469s ]
SQL: SHOW COLUMNS FROM `excp` [ RunTime:0.0054s ]
NOTIC: [2] Illegal offset type in isset or empty D:\xampp\htdocs\lab_sys\ThinkPHP\Library\Think\Model.class.php 第 445 行.
ERR: 1064:You have an error in your SQL syntax; check the manual that corresponds to your MariaDB server version for the right syntax to use near '21:52:15 and id = 16301056 )' at line 1
 [ SQL语句 ] : UPDATE `excp` SET `delId`='10000',`delNam`='MAN',`sts`='处理不成功',`delWay`='f**k',`delTim`='now()' WHERE ( dat = 2018-03-28 21:52'MAN'5 and id = 16301056 )
ERR: 1064:You have an error in your SQL syntax; check the manual that corresponds to your MariaDB server version for the right syntax to use near '21:52:15 and id = 16301056 )' at line 1
 [ SQL语句 ] : UPDATE `excp` SET `delId`='10000',`delNam`='MAN',`sts`='处理不成功',`delWay`='f**k',`delTim`='now()' WHERE ( dat = 2018-03-28 21:52'MAN'5 and id = 16301056 )

[ 2018-03-31T14:13:59+08:00 ] ::1 /lab_sys/home/login/logm
INFO: [ app_init ] --START--
INFO: Run Behavior\BuildLiteBehavior [ RunTime:0.000037s ]
INFO: [ app_init ] --END-- [ RunTime:0.001291s ]
NOTIC: [2] Use of undefined constant TMPL_PARSE_STRING - assumed 'TMPL_PARSE_STRING' (this will throw an Error in a future version of PHP) D:\xampp\htdocs\lab_sys\lab_sys\Home\Conf\config.php 第 12 行.
INFO: [ app_begin ] --START--
INFO: Run Behavior\ReadHtmlCacheBehavior [ RunTime:0.002605s ]
INFO: [ app_begin ] --END-- [ RunTime:0.002644s ]
INFO: [ view_parse ] --START--
INFO: [ template_filter ] --START--
INFO: Run Behavior\ContentReplaceBehavior [ RunTime:0.000274s ]
INFO: [ template_filter ] --END-- [ RunTime:0.000322s ]
INFO: Run Behavior\ParseTemplateBehavior [ RunTime:0.013674s ]
INFO: [ view_parse ] --END-- [ RunTime:0.013725s ]
INFO: [ view_filter ] --START--
INFO: Run Behavior\WriteHtmlCacheBehavior [ RunTime:0.001216s ]
INFO: [ view_filter ] --END-- [ RunTime:0.001248s ]
INFO: [ app_end ] --START--
INFO: Run Behavior\ShowPageTraceBehavior [ RunTime:0.001694s ]
INFO: [ app_end ] --END-- [ RunTime:0.001728s ]

[ 2018-03-31T14:14:03+08:00 ] ::1 /lab_sys/index.php/Home/Login/logm_
INFO: [ app_init ] --START--
INFO: Run Behavior\BuildLiteBehavior [ RunTime:0.000012s ]
INFO: [ app_init ] --END-- [ RunTime:0.000887s ]
NOTIC: [2] Use of undefined constant TMPL_PARSE_STRING - assumed 'TMPL_PARSE_STRING' (this will throw an Error in a future version of PHP) D:\xampp\htdocs\lab_sys\lab_sys\Home\Conf\config.php 第 12 行.
INFO: [ app_begin ] --START--
INFO: Run Behavior\ReadHtmlCacheBehavior [ RunTime:0.001396s ]
INFO: [ app_begin ] --END-- [ RunTime:0.001459s ]
SQL: SHOW COLUMNS FROM `man` [ RunTime:0.0308s ]
SQL: SELECT * FROM `man` WHERE ( id=10000 )  [ RunTime:0.0006s ]

[ 2018-03-31T14:14:03+08:00 ] ::1 /lab_sys/index.php/Home/main/main_m.html
INFO: [ app_init ] --START--
INFO: Run Behavior\BuildLiteBehavior [ RunTime:0.000012s ]
INFO: [ app_init ] --END-- [ RunTime:0.001316s ]
NOTIC: [2] Use of undefined constant TMPL_PARSE_STRING - assumed 'TMPL_PARSE_STRING' (this will throw an Error in a future version of PHP) D:\xampp\htdocs\lab_sys\lab_sys\Home\Conf\config.php 第 12 行.
INFO: [ app_begin ] --START--
INFO: Run Behavior\ReadHtmlCacheBehavior [ RunTime:0.001373s ]
INFO: [ app_begin ] --END-- [ RunTime:0.001425s ]
INFO: [ view_parse ] --START--
INFO: [ template_filter ] --START--
INFO: Run Behavior\ContentReplaceBehavior [ RunTime:0.000035s ]
INFO: [ template_filter ] --END-- [ RunTime:0.000068s ]
INFO: Run Behavior\ParseTemplateBehavior [ RunTime:0.006946s ]
INFO: [ view_parse ] --END-- [ RunTime:0.006983s ]
INFO: [ view_filter ] --START--
INFO: Run Behavior\WriteHtmlCacheBehavior [ RunTime:0.000958s ]
INFO: [ view_filter ] --END-- [ RunTime:0.000989s ]
INFO: [ app_end ] --START--
INFO: Run Behavior\ShowPageTraceBehavior [ RunTime:0.001763s ]
INFO: [ app_end ] --END-- [ RunTime:0.001802s ]

[ 2018-03-31T14:14:03+08:00 ] ::1 /lab_sys/index.php/Home/Login/logm_
INFO: [ app_init ] --START--
INFO: Run Behavior\BuildLiteBehavior [ RunTime:0.000053s ]
INFO: [ app_init ] --END-- [ RunTime:0.000871s ]
NOTIC: [2] Use of undefined constant TMPL_PARSE_STRING - assumed 'TMPL_PARSE_STRING' (this will throw an Error in a future version of PHP) D:\xampp\htdocs\lab_sys\lab_sys\Home\Conf\config.php 第 12 行.
INFO: [ app_begin ] --START--
INFO: Run Behavior\ReadHtmlCacheBehavior [ RunTime:0.002386s ]
INFO: [ app_begin ] --END-- [ RunTime:0.002439s ]
SQL: SHOW COLUMNS FROM `man` [ RunTime:0.0045s ]
SQL: SELECT * FROM `man` WHERE ( id=10000 )  [ RunTime:0.0004s ]

[ 2018-03-31T14:14:03+08:00 ] ::1 /lab_sys/index.php/Home/main/main_m.html
INFO: [ app_init ] --START--
INFO: Run Behavior\BuildLiteBehavior [ RunTime:0.000008s ]
INFO: [ app_init ] --END-- [ RunTime:0.000735s ]
NOTIC: [2] Use of undefined constant TMPL_PARSE_STRING - assumed 'TMPL_PARSE_STRING' (this will throw an Error in a future version of PHP) D:\xampp\htdocs\lab_sys\lab_sys\Home\Conf\config.php 第 12 行.
INFO: [ app_begin ] --START--
INFO: Run Behavior\ReadHtmlCacheBehavior [ RunTime:0.000946s ]
INFO: [ app_begin ] --END-- [ RunTime:0.000973s ]
INFO: [ view_parse ] --START--
INFO: [ template_filter ] --START--
INFO: Run Behavior\ContentReplaceBehavior [ RunTime:0.000030s ]
INFO: [ template_filter ] --END-- [ RunTime:0.000057s ]
INFO: Run Behavior\ParseTemplateBehavior [ RunTime:0.009216s ]
INFO: [ view_parse ] --END-- [ RunTime:0.009265s ]
INFO: [ view_filter ] --START--
INFO: Run Behavior\WriteHtmlCacheBehavior [ RunTime:0.000888s ]
INFO: [ view_filter ] --END-- [ RunTime:0.000928s ]
INFO: [ app_end ] --START--
INFO: Run Behavior\ShowPageTraceBehavior [ RunTime:0.001225s ]
INFO: [ app_end ] --END-- [ RunTime:0.001249s ]

[ 2018-03-31T14:14:04+08:00 ] ::1 /lab_sys/index.php/Home/main/excpsts
INFO: [ app_init ] --START--
INFO: Run Behavior\BuildLiteBehavior [ RunTime:0.000007s ]
INFO: [ app_init ] --END-- [ RunTime:0.000735s ]
NOTIC: [2] Use of undefined constant TMPL_PARSE_STRING - assumed 'TMPL_PARSE_STRING' (this will throw an Error in a future version of PHP) D:\xampp\htdocs\lab_sys\lab_sys\Home\Conf\config.php 第 12 行.
INFO: [ app_begin ] --START--
INFO: Run Behavior\ReadHtmlCacheBehavior [ RunTime:0.000892s ]
INFO: [ app_begin ] --END-- [ RunTime:0.000936s ]

[ 2018-03-31T14:14:04+08:00 ] ::1 /lab_sys/index.php/Home/exception/excpsts.html
INFO: [ app_init ] --START--
INFO: Run Behavior\BuildLiteBehavior [ RunTime:0.000007s ]
INFO: [ app_init ] --END-- [ RunTime:0.000681s ]
NOTIC: [2] Use of undefined constant TMPL_PARSE_STRING - assumed 'TMPL_PARSE_STRING' (this will throw an Error in a future version of PHP) D:\xampp\htdocs\lab_sys\lab_sys\Home\Conf\config.php 第 12 行.
INFO: [ app_begin ] --START--
INFO: Run Behavior\ReadHtmlCacheBehavior [ RunTime:0.000971s ]
INFO: [ app_begin ] --END-- [ RunTime:0.000997s ]
SQL: SHOW COLUMNS FROM `excp` [ RunTime:0.0057s ]
SQL: SELECT * FROM `excp`  [ RunTime:0.0004s ]
INFO: [ view_parse ] --START--
INFO: [ template_filter ] --START--
INFO: Run Behavior\ContentReplaceBehavior [ RunTime:0.000044s ]
INFO: [ template_filter ] --END-- [ RunTime:0.000071s ]
NOTIC: [2] Use of undefined constant pc - assumed 'pc' (this will throw an Error in a future version of PHP) D:\xampp\htdocs\lab_sys\lab_sys\Runtime\Cache\Home\a5a14055ce9fb5b618757cc4711010b2.php 第 70 行.
NOTIC: [2] Use of undefined constant wire - assumed 'wire' (this will throw an Error in a future version of PHP) D:\xampp\htdocs\lab_sys\lab_sys\Runtime\Cache\Home\a5a14055ce9fb5b618757cc4711010b2.php 第 70 行.
NOTIC: [2] Use of undefined constant box - assumed 'box' (this will throw an Error in a future version of PHP) D:\xampp\htdocs\lab_sys\lab_sys\Runtime\Cache\Home\a5a14055ce9fb5b618757cc4711010b2.php 第 70 行.
NOTIC: [2] Use of undefined constant oscp - assumed 'oscp' (this will throw an Error in a future version of PHP) D:\xampp\htdocs\lab_sys\lab_sys\Runtime\Cache\Home\a5a14055ce9fb5b618757cc4711010b2.php 第 70 行.
NOTIC: [2] Use of undefined constant gen - assumed 'gen' (this will throw an Error in a future version of PHP) D:\xampp\htdocs\lab_sys\lab_sys\Runtime\Cache\Home\a5a14055ce9fb5b618757cc4711010b2.php 第 70 行.
NOTIC: [8] Undefined index: delID D:\xampp\htdocs\lab_sys\lab_sys\Runtime\Cache\Home\a5a14055ce9fb5b618757cc4711010b2.php 第 71 行.
NOTIC: [8] Undefined index: delNam D:\xampp\htdocs\lab_sys\lab_sys\Runtime\Cache\Home\a5a14055ce9fb5b618757cc4711010b2.php 第 71 行.
NOTIC: [8] Undefined index: delWay D:\xampp\htdocs\lab_sys\lab_sys\Runtime\Cache\Home\a5a14055ce9fb5b618757cc4711010b2.php 第 73 行.
NOTIC: [8] Undefined index: delTim D:\xampp\htdocs\lab_sys\lab_sys\Runtime\Cache\Home\a5a14055ce9fb5b618757cc4711010b2.php 第 74 行.
NOTIC: [2] Use of undefined constant pc - assumed 'pc' (this will throw an Error in a future version of PHP) D:\xampp\htdocs\lab_sys\lab_sys\Runtime\Cache\Home\a5a14055ce9fb5b618757cc4711010b2.php 第 70 行.
NOTIC: [2] Use of undefined constant wire - assumed 'wire' (this will throw an Error in a future version of PHP) D:\xampp\htdocs\lab_sys\lab_sys\Runtime\Cache\Home\a5a14055ce9fb5b618757cc4711010b2.php 第 70 行.
NOTIC: [2] Use of undefined constant box - assumed 'box' (this will throw an Error in a future version of PHP) D:\xampp\htdocs\lab_sys\lab_sys\Runtime\Cache\Home\a5a14055ce9fb5b618757cc4711010b2.php 第 70 行.
NOTIC: [2] Use of undefined constant oscp - assumed 'oscp' (this will throw an Error in a future version of PHP) D:\xampp\htdocs\lab_sys\lab_sys\Runtime\Cache\Home\a5a14055ce9fb5b618757cc4711010b2.php 第 70 行.
NOTIC: [2] Use of undefined constant gen - assumed 'gen' (this will throw an Error in a future version of PHP) D:\xampp\htdocs\lab_sys\lab_sys\Runtime\Cache\Home\a5a14055ce9fb5b618757cc4711010b2.php 第 70 行.
NOTIC: [8] Undefined index: delID D:\xampp\htdocs\lab_sys\lab_sys\Runtime\Cache\Home\a5a14055ce9fb5b618757cc4711010b2.php 第 71 行.
NOTIC: [8] Undefined index: delNam D:\xampp\htdocs\lab_sys\lab_sys\Runtime\Cache\Home\a5a14055ce9fb5b618757cc4711010b2.php 第 71 行.
NOTIC: [8] Undefined index: delWay D:\xampp\htdocs\lab_sys\lab_sys\Runtime\Cache\Home\a5a14055ce9fb5b618757cc4711010b2.php 第 73 行.
NOTIC: [8] Undefined index: delTim D:\xampp\htdocs\lab_sys\lab_sys\Runtime\Cache\Home\a5a14055ce9fb5b618757cc4711010b2.php 第 74 行.
NOTIC: [2] Use of undefined constant pc - assumed 'pc' (this will throw an Error in a future version of PHP) D:\xampp\htdocs\lab_sys\lab_sys\Runtime\Cache\Home\a5a14055ce9fb5b618757cc4711010b2.php 第 70 行.
NOTIC: [2] Use of undefined constant wire - assumed 'wire' (this will throw an Error in a future version of PHP) D:\xampp\htdocs\lab_sys\lab_sys\Runtime\Cache\Home\a5a14055ce9fb5b618757cc4711010b2.php 第 70 行.
NOTIC: [2] Use of undefined constant box - assumed 'box' (this will throw an Error in a future version of PHP) D:\xampp\htdocs\lab_sys\lab_sys\Runtime\Cache\Home\a5a14055ce9fb5b618757cc4711010b2.php 第 70 行.
NOTIC: [2] Use of undefined constant oscp - assumed 'oscp' (this will throw an Error in a future version of PHP) D:\xampp\htdocs\lab_sys\lab_sys\Runtime\Cache\Home\a5a14055ce9fb5b618757cc4711010b2.php 第 70 行.
NOTIC: [2] Use of undefined constant gen - assumed 'gen' (this will throw an Error in a future version of PHP) D:\xampp\htdocs\lab_sys\lab_sys\Runtime\Cache\Home\a5a14055ce9fb5b618757cc4711010b2.php 第 70 行.
NOTIC: [8] Undefined index: delID D:\xampp\htdocs\lab_sys\lab_sys\Runtime\Cache\Home\a5a14055ce9fb5b618757cc4711010b2.php 第 71 行.
NOTIC: [8] Undefined index: delNam D:\xampp\htdocs\lab_sys\lab_sys\Runtime\Cache\Home\a5a14055ce9fb5b618757cc4711010b2.php 第 71 行.
NOTIC: [8] Undefined index: delWay D:\xampp\htdocs\lab_sys\lab_sys\Runtime\Cache\Home\a5a14055ce9fb5b618757cc4711010b2.php 第 73 行.
NOTIC: [8] Undefined index: delTim D:\xampp\htdocs\lab_sys\lab_sys\Runtime\Cache\Home\a5a14055ce9fb5b618757cc4711010b2.php 第 74 行.
NOTIC: [2] Use of undefined constant pc - assumed 'pc' (this will throw an Error in a future version of PHP) D:\xampp\htdocs\lab_sys\lab_sys\Runtime\Cache\Home\a5a14055ce9fb5b618757cc4711010b2.php 第 70 行.
NOTIC: [2] Use of undefined constant wire - assumed 'wire' (this will throw an Error in a future version of PHP) D:\xampp\htdocs\lab_sys\lab_sys\Runtime\Cache\Home\a5a14055ce9fb5b618757cc4711010b2.php 第 70 行.
NOTIC: [2] Use of undefined constant box - assumed 'box' (this will throw an Error in a future version of PHP) D:\xampp\htdocs\lab_sys\lab_sys\Runtime\Cache\Home\a5a14055ce9fb5b618757cc4711010b2.php 第 70 行.
NOTIC: [2] Use of undefined constant oscp - assumed 'oscp' (this will throw an Error in a future version of PHP) D:\xampp\htdocs\lab_sys\lab_sys\Runtime\Cache\Home\a5a14055ce9fb5b618757cc4711010b2.php 第 70 行.
NOTIC: [2] Use of undefined constant gen - assumed 'gen' (this will throw an Error in a future version of PHP) D:\xampp\htdocs\lab_sys\lab_sys\Runtime\Cache\Home\a5a14055ce9fb5b618757cc4711010b2.php 第 70 行.
NOTIC: [8] Undefined index: delID D:\xampp\htdocs\lab_sys\lab_sys\Runtime\Cache\Home\a5a14055ce9fb5b618757cc4711010b2.php 第 71 行.
NOTIC: [8] Undefined index: delNam D:\xampp\htdocs\lab_sys\lab_sys\Runtime\Cache\Home\a5a14055ce9fb5b618757cc4711010b2.php 第 71 行.
NOTIC: [8] Undefined index: delWay D:\xampp\htdocs\lab_sys\lab_sys\Runtime\Cache\Home\a5a14055ce9fb5b618757cc4711010b2.php 第 73 行.
NOTIC: [8] Undefined index: delTim D:\xampp\htdocs\lab_sys\lab_sys\Runtime\Cache\Home\a5a14055ce9fb5b618757cc4711010b2.php 第 74 行.
INFO: Run Behavior\ParseTemplateBehavior [ RunTime:0.009459s ]
INFO: [ view_parse ] --END-- [ RunTime:0.009513s ]
INFO: [ view_filter ] --START--
INFO: Run Behavior\WriteHtmlCacheBehavior [ RunTime:0.000862s ]
INFO: [ view_filter ] --END-- [ RunTime:0.000886s ]
INFO: [ app_end ] --START--
INFO: Run Behavior\ShowPageTraceBehavior [ RunTime:0.001018s ]
INFO: [ app_end ] --END-- [ RunTime:0.001042s ]

[ 2018-03-31T14:14:11+08:00 ] ::1 /lab_sys/index.php/Home/Exception/deal_inc
INFO: [ app_init ] --START--
INFO: Run Behavior\BuildLiteBehavior [ RunTime:0.000074s ]
INFO: [ app_init ] --END-- [ RunTime:0.001337s ]
NOTIC: [2] Use of undefined constant TMPL_PARSE_STRING - assumed 'TMPL_PARSE_STRING' (this will throw an Error in a future version of PHP) D:\xampp\htdocs\lab_sys\lab_sys\Home\Conf\config.php 第 12 行.
INFO: [ app_begin ] --START--
INFO: Run Behavior\ReadHtmlCacheBehavior [ RunTime:0.001455s ]
INFO: [ app_begin ] --END-- [ RunTime:0.001493s ]
SQL: SHOW COLUMNS FROM `excp` [ RunTime:0.0070s ]
NOTIC: [2] Illegal offset type in isset or empty D:\xampp\htdocs\lab_sys\ThinkPHP\Library\Think\Model.class.php 第 445 行.
ERR: 1064:You have an error in your SQL syntax; check the manual that corresponds to your MariaDB server version for the right syntax to use near '21:52:15 and id = 16301056 )' at line 1
 [ SQL语句 ] : UPDATE `excp` SET `delId`='10000',`delNam`='MAN',`sts`='处理不成功',`delWay`='f**k',`delTim`='now()' WHERE ( dat = 2018-03-28 21:52'MAN'5 and id = 16301056 )
ERR: 1064:You have an error in your SQL syntax; check the manual that corresponds to your MariaDB server version for the right syntax to use near '21:52:15 and id = 16301056 )' at line 1
 [ SQL语句 ] : UPDATE `excp` SET `delId`='10000',`delNam`='MAN',`sts`='处理不成功',`delWay`='f**k',`delTim`='now()' WHERE ( dat = 2018-03-28 21:52'MAN'5 and id = 16301056 )

[ 2018-03-31T14:14:38+08:00 ] ::1 /lab_sys/index.php/Home/Exception/deal_inc
INFO: [ app_init ] --START--
INFO: Run Behavior\BuildLiteBehavior [ RunTime:0.000008s ]
INFO: [ app_init ] --END-- [ RunTime:0.000870s ]
NOTIC: [2] Use of undefined constant TMPL_PARSE_STRING - assumed 'TMPL_PARSE_STRING' (this will throw an Error in a future version of PHP) D:\xampp\htdocs\lab_sys\lab_sys\Home\Conf\config.php 第 12 行.
INFO: [ app_begin ] --START--
INFO: Run Behavior\ReadHtmlCacheBehavior [ RunTime:0.000905s ]
INFO: [ app_begin ] --END-- [ RunTime:0.000934s ]
SQL: SHOW COLUMNS FROM `excp` [ RunTime:0.0053s ]
NOTIC: [2] Illegal offset type in isset or empty D:\xampp\htdocs\lab_sys\ThinkPHP\Library\Think\Model.class.php 第 445 行.
ERR: 1064:You have an error in your SQL syntax; check the manual that corresponds to your MariaDB server version for the right syntax to use near '21:52:15 and id = 16301056 )' at line 1
 [ SQL语句 ] : UPDATE `excp` SET `delId`='10000',`delNam`='MAN',`sts`='处理不成功',`delWay`='f**k',`delTim`='now()' WHERE ( dat = 2018-03-28 21:52'MAN'5 and id = 16301056 )
ERR: 1064:You have an error in your SQL syntax; check the manual that corresponds to your MariaDB server version for the right syntax to use near '21:52:15 and id = 16301056 )' at line 1
 [ SQL语句 ] : UPDATE `excp` SET `delId`='10000',`delNam`='MAN',`sts`='处理不成功',`delWay`='f**k',`delTim`='now()' WHERE ( dat = 2018-03-28 21:52'MAN'5 and id = 16301056 )

[ 2018-03-31T14:15:02+08:00 ] ::1 /lab_sys/index.php/Home/Exception/deal_inc
INFO: [ app_init ] --START--
INFO: Run Behavior\BuildLiteBehavior [ RunTime:0.000013s ]
INFO: [ app_init ] --END-- [ RunTime:0.000983s ]
NOTIC: [2] Use of undefined constant TMPL_PARSE_STRING - assumed 'TMPL_PARSE_STRING' (this will throw an Error in a future version of PHP) D:\xampp\htdocs\lab_sys\lab_sys\Home\Conf\config.php 第 12 行.
INFO: [ app_begin ] --START--
INFO: Run Behavior\ReadHtmlCacheBehavior [ RunTime:0.001396s ]
INFO: [ app_begin ] --END-- [ RunTime:0.001449s ]
SQL: SHOW COLUMNS FROM `excp` [ RunTime:0.0057s ]
NOTIC: [2] Illegal offset type in isset or empty D:\xampp\htdocs\lab_sys\ThinkPHP\Library\Think\Model.class.php 第 445 行.
SQL: UPDATE `excp` SET `delId`='10000',`delNam`='MAN',`sts`='处理不成功',`delWay`='f**k',`delTim`='now()' WHERE ( dat = "2018-03-28 21:52'MAN'5" and id = 16301056 ) [ RunTime:0.1097s ]

[ 2018-03-31T14:15:03+08:00 ] ::1 /lab_sys/index.php/Home/exception/excpsts.html
INFO: [ app_init ] --START--
INFO: Run Behavior\BuildLiteBehavior [ RunTime:0.000012s ]
INFO: [ app_init ] --END-- [ RunTime:0.001142s ]
NOTIC: [2] Use of undefined constant TMPL_PARSE_STRING - assumed 'TMPL_PARSE_STRING' (this will throw an Error in a future version of PHP) D:\xampp\htdocs\lab_sys\lab_sys\Home\Conf\config.php 第 12 行.
INFO: [ app_begin ] --START--
INFO: Run Behavior\ReadHtmlCacheBehavior [ RunTime:0.001582s ]
INFO: [ app_begin ] --END-- [ RunTime:0.001636s ]
SQL: SHOW COLUMNS FROM `excp` [ RunTime:0.0063s ]
SQL: SELECT * FROM `excp`  [ RunTime:0.0004s ]
INFO: [ view_parse ] --START--
INFO: [ template_filter ] --START--
INFO: Run Behavior\ContentReplaceBehavior [ RunTime:0.000047s ]
INFO: [ template_filter ] --END-- [ RunTime:0.000076s ]
NOTIC: [2] Use of undefined constant pc - assumed 'pc' (this will throw an Error in a future version of PHP) D:\xampp\htdocs\lab_sys\lab_sys\Runtime\Cache\Home\a5a14055ce9fb5b618757cc4711010b2.php 第 70 行.
NOTIC: [2] Use of undefined constant wire - assumed 'wire' (this will throw an Error in a future version of PHP) D:\xampp\htdocs\lab_sys\lab_sys\Runtime\Cache\Home\a5a14055ce9fb5b618757cc4711010b2.php 第 70 行.
NOTIC: [2] Use of undefined constant box - assumed 'box' (this will throw an Error in a future version of PHP) D:\xampp\htdocs\lab_sys\lab_sys\Runtime\Cache\Home\a5a14055ce9fb5b618757cc4711010b2.php 第 70 行.
NOTIC: [2] Use of undefined constant oscp - assumed 'oscp' (this will throw an Error in a future version of PHP) D:\xampp\htdocs\lab_sys\lab_sys\Runtime\Cache\Home\a5a14055ce9fb5b618757cc4711010b2.php 第 70 行.
NOTIC: [2] Use of undefined constant gen - assumed 'gen' (this will throw an Error in a future version of PHP) D:\xampp\htdocs\lab_sys\lab_sys\Runtime\Cache\Home\a5a14055ce9fb5b618757cc4711010b2.php 第 70 行.
NOTIC: [8] Undefined index: delID D:\xampp\htdocs\lab_sys\lab_sys\Runtime\Cache\Home\a5a14055ce9fb5b618757cc4711010b2.php 第 71 行.
NOTIC: [8] Undefined index: delNam D:\xampp\htdocs\lab_sys\lab_sys\Runtime\Cache\Home\a5a14055ce9fb5b618757cc4711010b2.php 第 71 行.
NOTIC: [8] Undefined index: delWay D:\xampp\htdocs\lab_sys\lab_sys\Runtime\Cache\Home\a5a14055ce9fb5b618757cc4711010b2.php 第 73 行.
NOTIC: [8] Undefined index: delTim D:\xampp\htdocs\lab_sys\lab_sys\Runtime\Cache\Home\a5a14055ce9fb5b618757cc4711010b2.php 第 74 行.
NOTIC: [2] Use of undefined constant pc - assumed 'pc' (this will throw an Error in a future version of PHP) D:\xampp\htdocs\lab_sys\lab_sys\Runtime\Cache\Home\a5a14055ce9fb5b618757cc4711010b2.php 第 70 行.
NOTIC: [2] Use of undefined constant wire - assumed 'wire' (this will throw an Error in a future version of PHP) D:\xampp\htdocs\lab_sys\lab_sys\Runtime\Cache\Home\a5a14055ce9fb5b618757cc4711010b2.php 第 70 行.
NOTIC: [2] Use of undefined constant box - assumed 'box' (this will throw an Error in a future version of PHP) D:\xampp\htdocs\lab_sys\lab_sys\Runtime\Cache\Home\a5a14055ce9fb5b618757cc4711010b2.php 第 70 行.
NOTIC: [2] Use of undefined constant oscp - assumed 'oscp' (this will throw an Error in a future version of PHP) D:\xampp\htdocs\lab_sys\lab_sys\Runtime\Cache\Home\a5a14055ce9fb5b618757cc4711010b2.php 第 70 行.
NOTIC: [2] Use of undefined constant gen - assumed 'gen' (this will throw an Error in a future version of PHP) D:\xampp\htdocs\lab_sys\lab_sys\Runtime\Cache\Home\a5a14055ce9fb5b618757cc4711010b2.php 第 70 行.
NOTIC: [8] Undefined index: delID D:\xampp\htdocs\lab_sys\lab_sys\Runtime\Cache\Home\a5a14055ce9fb5b618757cc4711010b2.php 第 71 行.
NOTIC: [8] Undefined index: delNam D:\xampp\htdocs\lab_sys\lab_sys\Runtime\Cache\Home\a5a14055ce9fb5b618757cc4711010b2.php 第 71 行.
NOTIC: [8] Undefined index: delWay D:\xampp\htdocs\lab_sys\lab_sys\Runtime\Cache\Home\a5a14055ce9fb5b618757cc4711010b2.php 第 73 行.
NOTIC: [8] Undefined index: delTim D:\xampp\htdocs\lab_sys\lab_sys\Runtime\Cache\Home\a5a14055ce9fb5b618757cc4711010b2.php 第 74 行.
NOTIC: [2] Use of undefined constant pc - assumed 'pc' (this will throw an Error in a future version of PHP) D:\xampp\htdocs\lab_sys\lab_sys\Runtime\Cache\Home\a5a14055ce9fb5b618757cc4711010b2.php 第 70 行.
NOTIC: [2] Use of undefined constant wire - assumed 'wire' (this will throw an Error in a future version of PHP) D:\xampp\htdocs\lab_sys\lab_sys\Runtime\Cache\Home\a5a14055ce9fb5b618757cc4711010b2.php 第 70 行.
NOTIC: [2] Use of undefined constant box - assumed 'box' (this will throw an Error in a future version of PHP) D:\xampp\htdocs\lab_sys\lab_sys\Runtime\Cache\Home\a5a14055ce9fb5b618757cc4711010b2.php 第 70 行.
NOTIC: [2] Use of undefined constant oscp - assumed 'oscp' (this will throw an Error in a future version of PHP) D:\xampp\htdocs\lab_sys\lab_sys\Runtime\Cache\Home\a5a14055ce9fb5b618757cc4711010b2.php 第 70 行.
NOTIC: [2] Use of undefined constant gen - assumed 'gen' (this will throw an Error in a future version of PHP) D:\xampp\htdocs\lab_sys\lab_sys\Runtime\Cache\Home\a5a14055ce9fb5b618757cc4711010b2.php 第 70 行.
NOTIC: [8] Undefined index: delID D:\xampp\htdocs\lab_sys\lab_sys\Runtime\Cache\Home\a5a14055ce9fb5b618757cc4711010b2.php 第 71 行.
NOTIC: [8] Undefined index: delNam D:\xampp\htdocs\lab_sys\lab_sys\Runtime\Cache\Home\a5a14055ce9fb5b618757cc4711010b2.php 第 71 行.
NOTIC: [8] Undefined index: delWay D:\xampp\htdocs\lab_sys\lab_sys\Runtime\Cache\Home\a5a14055ce9fb5b618757cc4711010b2.php 第 73 行.
NOTIC: [8] Undefined index: delTim D:\xampp\htdocs\lab_sys\lab_sys\Runtime\Cache\Home\a5a14055ce9fb5b618757cc4711010b2.php 第 74 行.
NOTIC: [2] Use of undefined constant pc - assumed 'pc' (this will throw an Error in a future version of PHP) D:\xampp\htdocs\lab_sys\lab_sys\Runtime\Cache\Home\a5a14055ce9fb5b618757cc4711010b2.php 第 70 行.
NOTIC: [2] Use of undefined constant wire - assumed 'wire' (this will throw an Error in a future version of PHP) D:\xampp\htdocs\lab_sys\lab_sys\Runtime\Cache\Home\a5a14055ce9fb5b618757cc4711010b2.php 第 70 行.
NOTIC: [2] Use of undefined constant box - assumed 'box' (this will throw an Error in a future version of PHP) D:\xampp\htdocs\lab_sys\lab_sys\Runtime\Cache\Home\a5a14055ce9fb5b618757cc4711010b2.php 第 70 行.
NOTIC: [2] Use of undefined constant oscp - assumed 'oscp' (this will throw an Error in a future version of PHP) D:\xampp\htdocs\lab_sys\lab_sys\Runtime\Cache\Home\a5a14055ce9fb5b618757cc4711010b2.php 第 70 行.
NOTIC: [2] Use of undefined constant gen - assumed 'gen' (this will throw an Error in a future version of PHP) D:\xampp\htdocs\lab_sys\lab_sys\Runtime\Cache\Home\a5a14055ce9fb5b618757cc4711010b2.php 第 70 行.
NOTIC: [8] Undefined index: delID D:\xampp\htdocs\lab_sys\lab_sys\Runtime\Cache\Home\a5a14055ce9fb5b618757cc4711010b2.php 第 71 行.
NOTIC: [8] Undefined index: delNam D:\xampp\htdocs\lab_sys\lab_sys\Runtime\Cache\Home\a5a14055ce9fb5b618757cc4711010b2.php 第 71 行.
NOTIC: [8] Undefined index: delWay D:\xampp\htdocs\lab_sys\lab_sys\Runtime\Cache\Home\a5a14055ce9fb5b618757cc4711010b2.php 第 73 行.
NOTIC: [8] Undefined index: delTim D:\xampp\htdocs\lab_sys\lab_sys\Runtime\Cache\Home\a5a14055ce9fb5b618757cc4711010b2.php 第 74 行.
INFO: Run Behavior\ParseTemplateBehavior [ RunTime:0.012641s ]
INFO: [ view_parse ] --END-- [ RunTime:0.012682s ]
INFO: [ view_filter ] --START--
INFO: Run Behavior\WriteHtmlCacheBehavior [ RunTime:0.001214s ]
INFO: [ view_filter ] --END-- [ RunTime:0.001247s ]
INFO: [ app_end ] --START--
INFO: Run Behavior\ShowPageTraceBehavior [ RunTime:0.001162s ]
INFO: [ app_end ] --END-- [ RunTime:0.001189s ]

[ 2018-03-31T14:15:10+08:00 ] ::1 /lab_sys/index.php/Home/Exception/deal_com
INFO: [ app_init ] --START--
INFO: Run Behavior\BuildLiteBehavior [ RunTime:0.000008s ]
INFO: [ app_init ] --END-- [ RunTime:0.000702s ]
NOTIC: [2] Use of undefined constant TMPL_PARSE_STRING - assumed 'TMPL_PARSE_STRING' (this will throw an Error in a future version of PHP) D:\xampp\htdocs\lab_sys\lab_sys\Home\Conf\config.php 第 12 行.
INFO: [ app_begin ] --START--
INFO: Run Behavior\ReadHtmlCacheBehavior [ RunTime:0.001565s ]
INFO: [ app_begin ] --END-- [ RunTime:0.001630s ]
SQL: SHOW COLUMNS FROM `excp` [ RunTime:0.0069s ]
NOTIC: [2] Illegal offset type in isset or empty D:\xampp\htdocs\lab_sys\ThinkPHP\Library\Think\Model.class.php 第 445 行.
SQL: UPDATE `excp` SET `delId`='10000',`delNam`='MAN',`sts`='处理成功',`delWay`='f**k',`delTim`='now()' WHERE ( dat = "2018-03-28 21:52'MAN'5" and id = 16301056 ) [ RunTime:0.1684s ]

[ 2018-03-31T14:15:12+08:00 ] ::1 /lab_sys/index.php/Home/exception/excpsts.html
INFO: [ app_init ] --START--
INFO: Run Behavior\BuildLiteBehavior [ RunTime:0.000011s ]
INFO: [ app_init ] --END-- [ RunTime:0.001027s ]
NOTIC: [2] Use of undefined constant TMPL_PARSE_STRING - assumed 'TMPL_PARSE_STRING' (this will throw an Error in a future version of PHP) D:\xampp\htdocs\lab_sys\lab_sys\Home\Conf\config.php 第 12 行.
INFO: [ app_begin ] --START--
INFO: Run Behavior\ReadHtmlCacheBehavior [ RunTime:0.001404s ]
INFO: [ app_begin ] --END-- [ RunTime:0.001452s ]
SQL: SHOW COLUMNS FROM `excp` [ RunTime:0.1187s ]
SQL: SELECT * FROM `excp`  [ RunTime:0.0413s ]
INFO: [ view_parse ] --START--
INFO: [ template_filter ] --START--
INFO: Run Behavior\ContentReplaceBehavior [ RunTime:0.000047s ]
INFO: [ template_filter ] --END-- [ RunTime:0.000074s ]
NOTIC: [2] Use of undefined constant pc - assumed 'pc' (this will throw an Error in a future version of PHP) D:\xampp\htdocs\lab_sys\lab_sys\Runtime\Cache\Home\a5a14055ce9fb5b618757cc4711010b2.php 第 70 行.
NOTIC: [2] Use of undefined constant wire - assumed 'wire' (this will throw an Error in a future version of PHP) D:\xampp\htdocs\lab_sys\lab_sys\Runtime\Cache\Home\a5a14055ce9fb5b618757cc4711010b2.php 第 70 行.
NOTIC: [2] Use of undefined constant box - assumed 'box' (this will throw an Error in a future version of PHP) D:\xampp\htdocs\lab_sys\lab_sys\Runtime\Cache\Home\a5a14055ce9fb5b618757cc4711010b2.php 第 70 行.
NOTIC: [2] Use of undefined constant oscp - assumed 'oscp' (this will throw an Error in a future version of PHP) D:\xampp\htdocs\lab_sys\lab_sys\Runtime\Cache\Home\a5a14055ce9fb5b618757cc4711010b2.php 第 70 行.
NOTIC: [2] Use of undefined constant gen - assumed 'gen' (this will throw an Error in a future version of PHP) D:\xampp\htdocs\lab_sys\lab_sys\Runtime\Cache\Home\a5a14055ce9fb5b618757cc4711010b2.php 第 70 行.
NOTIC: [8] Undefined index: delID D:\xampp\htdocs\lab_sys\lab_sys\Runtime\Cache\Home\a5a14055ce9fb5b618757cc4711010b2.php 第 71 行.
NOTIC: [8] Undefined index: delNam D:\xampp\htdocs\lab_sys\lab_sys\Runtime\Cache\Home\a5a14055ce9fb5b618757cc4711010b2.php 第 71 行.
NOTIC: [8] Undefined index: delWay D:\xampp\htdocs\lab_sys\lab_sys\Runtime\Cache\Home\a5a14055ce9fb5b618757cc4711010b2.php 第 73 行.
NOTIC: [8] Undefined index: delTim D:\xampp\htdocs\lab_sys\lab_sys\Runtime\Cache\Home\a5a14055ce9fb5b618757cc4711010b2.php 第 74 行.
NOTIC: [2] Use of undefined constant pc - assumed 'pc' (this will throw an Error in a future version of PHP) D:\xampp\htdocs\lab_sys\lab_sys\Runtime\Cache\Home\a5a14055ce9fb5b618757cc4711010b2.php 第 70 行.
NOTIC: [2] Use of undefined constant wire - assumed 'wire' (this will throw an Error in a future version of PHP) D:\xampp\htdocs\lab_sys\lab_sys\Runtime\Cache\Home\a5a14055ce9fb5b618757cc4711010b2.php 第 70 行.
NOTIC: [2] Use of undefined constant box - assumed 'box' (this will throw an Error in a future version of PHP) D:\xampp\htdocs\lab_sys\lab_sys\Runtime\Cache\Home\a5a14055ce9fb5b618757cc4711010b2.php 第 70 行.
NOTIC: [2] Use of undefined constant oscp - assumed 'oscp' (this will throw an Error in a future version of PHP) D:\xampp\htdocs\lab_sys\lab_sys\Runtime\Cache\Home\a5a14055ce9fb5b618757cc4711010b2.php 第 70 行.
NOTIC: [2] Use of undefined constant gen - assumed 'gen' (this will throw an Error in a future version of PHP) D:\xampp\htdocs\lab_sys\lab_sys\Runtime\Cache\Home\a5a14055ce9fb5b618757cc4711010b2.php 第 70 行.
NOTIC: [8] Undefined index: delID D:\xampp\htdocs\lab_sys\lab_sys\Runtime\Cache\Home\a5a14055ce9fb5b618757cc4711010b2.php 第 71 行.
NOTIC: [8] Undefined index: delNam D:\xampp\htdocs\lab_sys\lab_sys\Runtime\Cache\Home\a5a14055ce9fb5b618757cc4711010b2.php 第 71 行.
NOTIC: [8] Undefined index: delWay D:\xampp\htdocs\lab_sys\lab_sys\Runtime\Cache\Home\a5a14055ce9fb5b618757cc4711010b2.php 第 73 行.
NOTIC: [8] Undefined index: delTim D:\xampp\htdocs\lab_sys\lab_sys\Runtime\Cache\Home\a5a14055ce9fb5b618757cc4711010b2.php 第 74 行.
NOTIC: [2] Use of undefined constant pc - assumed 'pc' (this will throw an Error in a future version of PHP) D:\xampp\htdocs\lab_sys\lab_sys\Runtime\Cache\Home\a5a14055ce9fb5b618757cc4711010b2.php 第 70 行.
NOTIC: [2] Use of undefined constant wire - assumed 'wire' (this will throw an Error in a future version of PHP) D:\xampp\htdocs\lab_sys\lab_sys\Runtime\Cache\Home\a5a14055ce9fb5b618757cc4711010b2.php 第 70 行.
NOTIC: [2] Use of undefined constant box - assumed 'box' (this will throw an Error in a future version of PHP) D:\xampp\htdocs\lab_sys\lab_sys\Runtime\Cache\Home\a5a14055ce9fb5b618757cc4711010b2.php 第 70 行.
NOTIC: [2] Use of undefined constant oscp - assumed 'oscp' (this will throw an Error in a future version of PHP) D:\xampp\htdocs\lab_sys\lab_sys\Runtime\Cache\Home\a5a14055ce9fb5b618757cc4711010b2.php 第 70 行.
NOTIC: [2] Use of undefined constant gen - assumed 'gen' (this will throw an Error in a future version of PHP) D:\xampp\htdocs\lab_sys\lab_sys\Runtime\Cache\Home\a5a14055ce9fb5b618757cc4711010b2.php 第 70 行.
NOTIC: [8] Undefined index: delID D:\xampp\htdocs\lab_sys\lab_sys\Runtime\Cache\Home\a5a14055ce9fb5b618757cc4711010b2.php 第 71 行.
NOTIC: [8] Undefined index: delNam D:\xampp\htdocs\lab_sys\lab_sys\Runtime\Cache\Home\a5a14055ce9fb5b618757cc4711010b2.php 第 71 行.
NOTIC: [8] Undefined index: delWay D:\xampp\htdocs\lab_sys\lab_sys\Runtime\Cache\Home\a5a14055ce9fb5b618757cc4711010b2.php 第 73 行.
NOTIC: [8] Undefined index: delTim D:\xampp\htdocs\lab_sys\lab_sys\Runtime\Cache\Home\a5a14055ce9fb5b618757cc4711010b2.php 第 74 行.
NOTIC: [2] Use of undefined constant pc - assumed 'pc' (this will throw an Error in a future version of PHP) D:\xampp\htdocs\lab_sys\lab_sys\Runtime\Cache\Home\a5a14055ce9fb5b618757cc4711010b2.php 第 70 行.
NOTIC: [2] Use of undefined constant wire - assumed 'wire' (this will throw an Error in a future version of PHP) D:\xampp\htdocs\lab_sys\lab_sys\Runtime\Cache\Home\a5a14055ce9fb5b618757cc4711010b2.php 第 70 行.
NOTIC: [2] Use of undefined constant box - assumed 'box' (this will throw an Error in a future version of PHP) D:\xampp\htdocs\lab_sys\lab_sys\Runtime\Cache\Home\a5a14055ce9fb5b618757cc4711010b2.php 第 70 行.
NOTIC: [2] Use of undefined constant oscp - assumed 'oscp' (this will throw an Error in a future version of PHP) D:\xampp\htdocs\lab_sys\lab_sys\Runtime\Cache\Home\a5a14055ce9fb5b618757cc4711010b2.php 第 70 行.
NOTIC: [2] Use of undefined constant gen - assumed 'gen' (this will throw an Error in a future version of PHP) D:\xampp\htdocs\lab_sys\lab_sys\Runtime\Cache\Home\a5a14055ce9fb5b618757cc4711010b2.php 第 70 行.
NOTIC: [8] Undefined index: delID D:\xampp\htdocs\lab_sys\lab_sys\Runtime\Cache\Home\a5a14055ce9fb5b618757cc4711010b2.php 第 71 行.
NOTIC: [8] Undefined index: delNam D:\xampp\htdocs\lab_sys\lab_sys\Runtime\Cache\Home\a5a14055ce9fb5b618757cc4711010b2.php 第 71 行.
NOTIC: [8] Undefined index: delWay D:\xampp\htdocs\lab_sys\lab_sys\Runtime\Cache\Home\a5a14055ce9fb5b618757cc4711010b2.php 第 73 行.
NOTIC: [8] Undefined index: delTim D:\xampp\htdocs\lab_sys\lab_sys\Runtime\Cache\Home\a5a14055ce9fb5b618757cc4711010b2.php 第 74 行.
INFO: Run Behavior\ParseTemplateBehavior [ RunTime:0.007687s ]
INFO: [ view_parse ] --END-- [ RunTime:0.007714s ]
INFO: [ view_filter ] --START--
INFO: Run Behavior\WriteHtmlCacheBehavior [ RunTime:0.000761s ]
INFO: [ view_filter ] --END-- [ RunTime:0.000787s ]
INFO: [ app_end ] --START--
INFO: Run Behavior\ShowPageTraceBehavior [ RunTime:0.001082s ]
INFO: [ app_end ] --END-- [ RunTime:0.001109s ]

