[ 2018-04-09T23:54:39+08:00 ] ::1 /sysulab/
INFO: [ app_init ] --START--
INFO: Run Behavior\BuildLiteBehavior [ RunTime:0.000021s ]
INFO: [ app_init ] --END-- [ RunTime:0.001373s ]
NOTIC: [2] Use of undefined constant TMPL_PARSE_STRING - assumed 'TMPL_PARSE_STRING' (this will throw an Error in a future version of PHP) C:\xampp\htdocs\sysulab\lab_sys\Home\Conf\config.php 第 12 行.
INFO: [ app_begin ] --START--
INFO: Run Behavior\ReadHtmlCacheBehavior [ RunTime:0.002141s ]
INFO: [ app_begin ] --END-- [ RunTime:0.002207s ]
INFO: [ view_parse ] --START--
INFO: [ template_filter ] --START--
INFO: Run Behavior\ContentReplaceBehavior [ RunTime:0.000076s ]
INFO: [ template_filter ] --END-- [ RunTime:0.000119s ]
INFO: Run Behavior\ParseTemplateBehavior [ RunTime:0.062662s ]
INFO: [ view_parse ] --END-- [ RunTime:0.062800s ]
INFO: [ view_filter ] --START--
INFO: Run Behavior\WriteHtmlCacheBehavior [ RunTime:0.001969s ]
INFO: [ view_filter ] --END-- [ RunTime:0.002030s ]
INFO: [ app_end ] --START--
INFO: Run Behavior\ShowPageTraceBehavior [ RunTime:0.001916s ]
INFO: [ app_end ] --END-- [ RunTime:0.001978s ]

[ 2018-04-09T23:56:40+08:00 ] ::1 /sysulab/logm
INFO: [ app_init ] --START--
INFO: Run Behavior\BuildLiteBehavior [ RunTime:0.000016s ]
INFO: [ app_init ] --END-- [ RunTime:0.001052s ]
NOTIC: [2] Use of undefined constant TMPL_PARSE_STRING - assumed 'TMPL_PARSE_STRING' (this will throw an Error in a future version of PHP) C:\xampp\htdocs\sysulab\lab_sys\Home\Conf\config.php 第 12 行.
INFO: [ app_begin ] --START--
INFO: Run Behavior\ReadHtmlCacheBehavior [ RunTime:0.001760s ]
INFO: [ app_begin ] --END-- [ RunTime:0.001815s ]
INFO: [ view_parse ] --START--
INFO: [ template_filter ] --START--
INFO: Run Behavior\ContentReplaceBehavior [ RunTime:0.000049s ]
INFO: [ template_filter ] --END-- [ RunTime:0.000090s ]
INFO: Run Behavior\ParseTemplateBehavior [ RunTime:0.025315s ]
INFO: [ view_parse ] --END-- [ RunTime:0.025385s ]
INFO: [ view_filter ] --START--
INFO: Run Behavior\WriteHtmlCacheBehavior [ RunTime:0.001393s ]
INFO: [ view_filter ] --END-- [ RunTime:0.001444s ]
INFO: [ app_end ] --START--
INFO: Run Behavior\ShowPageTraceBehavior [ RunTime:0.002346s ]
INFO: [ app_end ] --END-- [ RunTime:0.002405s ]

[ 2018-04-09T23:56:47+08:00 ] ::1 /sysulab/index.php/Home/Login/logm_
INFO: [ app_init ] --START--
INFO: Run Behavior\BuildLiteBehavior [ RunTime:0.000020s ]
INFO: [ app_init ] --END-- [ RunTime:0.000881s ]
NOTIC: [2] Use of undefined constant TMPL_PARSE_STRING - assumed 'TMPL_PARSE_STRING' (this will throw an Error in a future version of PHP) C:\xampp\htdocs\sysulab\lab_sys\Home\Conf\config.php 第 12 行.
INFO: [ app_begin ] --START--
INFO: Run Behavior\ReadHtmlCacheBehavior [ RunTime:0.001568s ]
INFO: [ app_begin ] --END-- [ RunTime:0.001623s ]
SQL: SHOW COLUMNS FROM `man` [ RunTime:0.0082s ]
SQL: SELECT * FROM `man` WHERE ( id=100000 )  [ RunTime:0.0007s ]

[ 2018-04-09T23:56:47+08:00 ] ::1 /sysulab/index.php/Home/main/main_m
INFO: [ app_init ] --START--
INFO: Run Behavior\BuildLiteBehavior [ RunTime:0.000010s ]
INFO: [ app_init ] --END-- [ RunTime:0.000729s ]
NOTIC: [2] Use of undefined constant TMPL_PARSE_STRING - assumed 'TMPL_PARSE_STRING' (this will throw an Error in a future version of PHP) C:\xampp\htdocs\sysulab\lab_sys\Home\Conf\config.php 第 12 行.
INFO: [ app_begin ] --START--
INFO: Run Behavior\ReadHtmlCacheBehavior [ RunTime:0.001054s ]
INFO: [ app_begin ] --END-- [ RunTime:0.001091s ]
INFO: [ view_parse ] --START--
INFO: [ template_filter ] --START--
INFO: Run Behavior\ContentReplaceBehavior [ RunTime:0.000050s ]
INFO: [ template_filter ] --END-- [ RunTime:0.000094s ]
INFO: Run Behavior\ParseTemplateBehavior [ RunTime:0.012750s ]
INFO: [ view_parse ] --END-- [ RunTime:0.012799s ]
INFO: [ view_filter ] --START--
INFO: Run Behavior\WriteHtmlCacheBehavior [ RunTime:0.000939s ]
INFO: [ view_filter ] --END-- [ RunTime:0.000969s ]
INFO: [ app_end ] --START--
INFO: Run Behavior\ShowPageTraceBehavior [ RunTime:0.001262s ]
INFO: [ app_end ] --END-- [ RunTime:0.001296s ]

[ 2018-04-09T23:56:48+08:00 ] ::1 /sysulab/index.php/Home/main/fbman
INFO: [ app_init ] --START--
INFO: Run Behavior\BuildLiteBehavior [ RunTime:0.000016s ]
INFO: [ app_init ] --END-- [ RunTime:0.000747s ]
NOTIC: [2] Use of undefined constant TMPL_PARSE_STRING - assumed 'TMPL_PARSE_STRING' (this will throw an Error in a future version of PHP) C:\xampp\htdocs\sysulab\lab_sys\Home\Conf\config.php 第 12 行.
INFO: [ app_begin ] --START--
INFO: Run Behavior\ReadHtmlCacheBehavior [ RunTime:0.001439s ]
INFO: [ app_begin ] --END-- [ RunTime:0.001485s ]

[ 2018-04-09T23:56:48+08:00 ] ::1 /sysulab/index.php/home/feedback/fbman
INFO: [ app_init ] --START--
INFO: Run Behavior\BuildLiteBehavior [ RunTime:0.000010s ]
INFO: [ app_init ] --END-- [ RunTime:0.000641s ]
NOTIC: [2] Use of undefined constant TMPL_PARSE_STRING - assumed 'TMPL_PARSE_STRING' (this will throw an Error in a future version of PHP) C:\xampp\htdocs\sysulab\lab_sys\Home\Conf\config.php 第 12 行.
INFO: [ app_begin ] --START--
INFO: Run Behavior\ReadHtmlCacheBehavior [ RunTime:0.001330s ]
INFO: [ app_begin ] --END-- [ RunTime:0.001378s ]
SQL: SHOW COLUMNS FROM `fbori` [ RunTime:0.0206s ]
NOTIC: [8] Undefined index: id C:\xampp\htdocs\sysulab\lab_sys\Home\Controller\FeedbackController.class.php 第 350 行.
SQL: SELECT * FROM `fbori` ORDER BY id desc  [ RunTime:0.0010s ]
INFO: [ view_parse ] --START--
INFO: [ template_filter ] --START--
INFO: Run Behavior\ContentReplaceBehavior [ RunTime:0.000055s ]
INFO: [ template_filter ] --END-- [ RunTime:0.000093s ]
INFO: Run Behavior\ParseTemplateBehavior [ RunTime:0.011238s ]
INFO: [ view_parse ] --END-- [ RunTime:0.011294s ]
INFO: [ view_filter ] --START--
INFO: Run Behavior\WriteHtmlCacheBehavior [ RunTime:0.001143s ]
INFO: [ view_filter ] --END-- [ RunTime:0.001182s ]
INFO: [ app_end ] --START--
INFO: Run Behavior\ShowPageTraceBehavior [ RunTime:0.001953s ]
INFO: [ app_end ] --END-- [ RunTime:0.002010s ]

[ 2018-04-09T23:56:50+08:00 ] ::1 /sysulab/index.php/Home/Feedback/fbman
INFO: [ app_init ] --START--
INFO: Run Behavior\BuildLiteBehavior [ RunTime:0.000011s ]
INFO: [ app_init ] --END-- [ RunTime:0.000793s ]
NOTIC: [2] Use of undefined constant TMPL_PARSE_STRING - assumed 'TMPL_PARSE_STRING' (this will throw an Error in a future version of PHP) C:\xampp\htdocs\sysulab\lab_sys\Home\Conf\config.php 第 12 行.
INFO: [ app_begin ] --START--
INFO: Run Behavior\ReadHtmlCacheBehavior [ RunTime:0.001345s ]
INFO: [ app_begin ] --END-- [ RunTime:0.001399s ]
SQL: SHOW COLUMNS FROM `fbori` [ RunTime:0.0096s ]
NOTIC: [8] Undefined index: id C:\xampp\htdocs\sysulab\lab_sys\Home\Controller\FeedbackController.class.php 第 350 行.
SQL: SELECT * FROM `fbori` ORDER BY id desc  [ RunTime:0.0009s ]
NOTIC: [2] Use of undefined constant fbcre - assumed 'fbcre' (this will throw an Error in a future version of PHP) C:\xampp\htdocs\sysulab\lab_sys\Home\Controller\FeedbackController.class.php 第 354 行.

[ 2018-04-09T23:56:50+08:00 ] ::1 /sysulab/index.php/Home/Feedback/fbcre
INFO: [ app_init ] --START--
INFO: Run Behavior\BuildLiteBehavior [ RunTime:0.000014s ]
INFO: [ app_init ] --END-- [ RunTime:0.000793s ]
NOTIC: [2] Use of undefined constant TMPL_PARSE_STRING - assumed 'TMPL_PARSE_STRING' (this will throw an Error in a future version of PHP) C:\xampp\htdocs\sysulab\lab_sys\Home\Conf\config.php 第 12 行.
INFO: [ app_begin ] --START--
INFO: Run Behavior\ReadHtmlCacheBehavior [ RunTime:0.001403s ]
INFO: [ app_begin ] --END-- [ RunTime:0.001461s ]
INFO: [ view_parse ] --START--
INFO: [ template_filter ] --START--
INFO: Run Behavior\ContentReplaceBehavior [ RunTime:0.000110s ]
INFO: [ template_filter ] --END-- [ RunTime:0.000163s ]
INFO: Run Behavior\ParseTemplateBehavior [ RunTime:0.012022s ]
INFO: [ view_parse ] --END-- [ RunTime:0.012095s ]
INFO: [ view_filter ] --START--
INFO: Run Behavior\WriteHtmlCacheBehavior [ RunTime:0.001129s ]
INFO: [ view_filter ] --END-- [ RunTime:0.001180s ]
INFO: [ app_end ] --START--
INFO: Run Behavior\ShowPageTraceBehavior [ RunTime:0.001628s ]
INFO: [ app_end ] --END-- [ RunTime:0.001689s ]

[ 2018-04-09T23:57:01+08:00 ] ::1 /sysulab/index.php/Home/Feedback/fbcre_
INFO: [ app_init ] --START--
INFO: Run Behavior\BuildLiteBehavior [ RunTime:0.000059s ]
INFO: [ app_init ] --END-- [ RunTime:0.001093s ]
NOTIC: [2] Use of undefined constant TMPL_PARSE_STRING - assumed 'TMPL_PARSE_STRING' (this will throw an Error in a future version of PHP) C:\xampp\htdocs\sysulab\lab_sys\Home\Conf\config.php 第 12 行.
INFO: [ app_begin ] --START--
INFO: Run Behavior\ReadHtmlCacheBehavior [ RunTime:0.001123s ]
INFO: [ app_begin ] --END-- [ RunTime:0.001174s ]
SQL: SHOW COLUMNS FROM `fbori` [ RunTime:0.0111s ]
NOTIC: [8] Undefined index: validate C:\xampp\htdocs\sysulab\ThinkPHP\Library\Think\Model.class.php 第 1185 行.
NOTIC: [8] Undefined index: auto C:\xampp\htdocs\sysulab\ThinkPHP\Library\Think\Model.class.php 第 1128 行.
SQL: INSERT INTO `fbori` (`tit`,`q1`,`a1_q1`,`a2_q1`,`a3_q1`,`a4_q1`,`a5_q1`,`q2`,`a1_q2`,`a2_q2`,`a3_q2`,`a4_q2`,`a5_q2`,`q3`,`a1_q3`,`a2_q3`,`a3_q3`,`a4_q3`,`a5_q3`,`q4`,`a1_q4`,`a2_q4`,`a3_q4`,`a4_q4`,`a5_q4`,`q5`,`a1_q5`,`a2_q5`,`a3_q5`,`a4_q5`,`a5_q5`,`q6`,`a1_q6`,`a2_q6`,`a3_q6`,`a4_q6`,`a5_q6`,`q7`,`a1_q7`,`a2_q7`,`a3_q7`,`a4_q7`,`a5_q7`,`q8`,`a1_q8`,`a2_q8`,`a3_q8`,`a4_q8`,`a5_q8`,`q9`,`a1_q9`,`a2_q9`,`a3_q9`,`a4_q9`,`a5_q9`,`q10`,`a1_q10`,`a2_q10`,`a3_q10`,`a4_q10`,`a5_q10`,`bId`,`bNam`,`creTim`) VALUES ('电仪器的基本实用原理','quid啥2','2222','3123','213','','','','','','','','','','','','','','','','','','','','','','','','','','','','','','','','','','','','','','','','','','','','','','','','','','','','','','','','','100000','man0','2018-04-09 23:57:01') [ RunTime:0.0636s ]

[ 2018-04-09T23:57:03+08:00 ] ::1 /sysulab/index.php/Home/Feedback/fbman
INFO: [ app_init ] --START--
INFO: Run Behavior\BuildLiteBehavior [ RunTime:0.000016s ]
INFO: [ app_init ] --END-- [ RunTime:0.000936s ]
NOTIC: [2] Use of undefined constant TMPL_PARSE_STRING - assumed 'TMPL_PARSE_STRING' (this will throw an Error in a future version of PHP) C:\xampp\htdocs\sysulab\lab_sys\Home\Conf\config.php 第 12 行.
INFO: [ app_begin ] --START--
INFO: Run Behavior\ReadHtmlCacheBehavior [ RunTime:0.001484s ]
INFO: [ app_begin ] --END-- [ RunTime:0.001546s ]
SQL: SHOW COLUMNS FROM `fbori` [ RunTime:0.0126s ]
NOTIC: [8] Undefined index: id C:\xampp\htdocs\sysulab\lab_sys\Home\Controller\FeedbackController.class.php 第 350 行.
SQL: SELECT * FROM `fbori` ORDER BY id desc  [ RunTime:0.0008s ]
INFO: [ view_parse ] --START--
INFO: [ template_filter ] --START--
INFO: Run Behavior\ContentReplaceBehavior [ RunTime:0.000077s ]
INFO: [ template_filter ] --END-- [ RunTime:0.000133s ]
INFO: Run Behavior\ParseTemplateBehavior [ RunTime:0.009607s ]
INFO: [ view_parse ] --END-- [ RunTime:0.009672s ]
INFO: [ view_filter ] --START--
INFO: Run Behavior\WriteHtmlCacheBehavior [ RunTime:0.001097s ]
INFO: [ view_filter ] --END-- [ RunTime:0.001140s ]
INFO: [ app_end ] --START--
INFO: Run Behavior\ShowPageTraceBehavior [ RunTime:0.001189s ]
INFO: [ app_end ] --END-- [ RunTime:0.001231s ]

[ 2018-04-09T23:57:13+08:00 ] ::1 /sysulab/index.php/Home/Feedback/fbman
INFO: [ app_init ] --START--
INFO: Run Behavior\BuildLiteBehavior [ RunTime:0.000012s ]
INFO: [ app_init ] --END-- [ RunTime:0.000920s ]
NOTIC: [2] Use of undefined constant TMPL_PARSE_STRING - assumed 'TMPL_PARSE_STRING' (this will throw an Error in a future version of PHP) C:\xampp\htdocs\sysulab\lab_sys\Home\Conf\config.php 第 12 行.
INFO: [ app_begin ] --START--
INFO: Run Behavior\ReadHtmlCacheBehavior [ RunTime:0.001457s ]
INFO: [ app_begin ] --END-- [ RunTime:0.001519s ]
SQL: SHOW COLUMNS FROM `fbori` [ RunTime:0.0097s ]
NOTIC: [8] Undefined index: id C:\xampp\htdocs\sysulab\lab_sys\Home\Controller\FeedbackController.class.php 第 350 行.
SQL: SELECT * FROM `fbori` ORDER BY id desc  [ RunTime:0.0010s ]
SQL: SELECT * FROM `fbori` WHERE ( id=1 ) LIMIT 1   [ RunTime:0.0009s ]

[ 2018-04-09T23:57:13+08:00 ] ::1 /sysulab/index.php/Home/Feedback/fbrls/que/%E7%94%B5%E4%BB%AA%E5%99%A8%E7%9A%84%E5%9F%BA%E6%9C%AC%E5%AE%9E%E7%94%A8%E5%8E%9F%E7%90%86
INFO: [ app_init ] --START--
INFO: Run Behavior\BuildLiteBehavior [ RunTime:0.000010s ]
INFO: [ app_init ] --END-- [ RunTime:0.000753s ]
NOTIC: [2] Use of undefined constant TMPL_PARSE_STRING - assumed 'TMPL_PARSE_STRING' (this will throw an Error in a future version of PHP) C:\xampp\htdocs\sysulab\lab_sys\Home\Conf\config.php 第 12 行.
INFO: [ app_begin ] --START--
INFO: Run Behavior\ReadHtmlCacheBehavior [ RunTime:0.001381s ]
INFO: [ app_begin ] --END-- [ RunTime:0.001440s ]
INFO: [ view_parse ] --START--
INFO: [ template_filter ] --START--
INFO: Run Behavior\ContentReplaceBehavior [ RunTime:0.000074s ]
INFO: [ template_filter ] --END-- [ RunTime:0.000123s ]
INFO: Run Behavior\ParseTemplateBehavior [ RunTime:0.009654s ]
INFO: [ view_parse ] --END-- [ RunTime:0.009713s ]
INFO: [ view_filter ] --START--
INFO: Run Behavior\WriteHtmlCacheBehavior [ RunTime:0.001056s ]
INFO: [ view_filter ] --END-- [ RunTime:0.001101s ]
INFO: [ app_end ] --START--
INFO: Run Behavior\ShowPageTraceBehavior [ RunTime:0.001531s ]
INFO: [ app_end ] --END-- [ RunTime:0.001576s ]

[ 2018-04-09T23:58:57+08:00 ] ::1 /sysulab/index.php/Home/Feedback/fbrls/que/%25E7%2594%25B5%25E4%25BB%25AA%25E5%2599%25A8%25E7%259A%2584%25E5%259F%25BA%25E6%259C%25AC%25E5%25AE%259E%25E7%2594%25A8%25E5%258E%259F%25E7%2590%2586
INFO: [ app_init ] --START--
INFO: Run Behavior\BuildLiteBehavior [ RunTime:0.000010s ]
INFO: [ app_init ] --END-- [ RunTime:0.000707s ]
NOTIC: [2] Use of undefined constant TMPL_PARSE_STRING - assumed 'TMPL_PARSE_STRING' (this will throw an Error in a future version of PHP) C:\xampp\htdocs\sysulab\lab_sys\Home\Conf\config.php 第 12 行.
INFO: [ app_begin ] --START--
INFO: Run Behavior\ReadHtmlCacheBehavior [ RunTime:0.001248s ]
INFO: [ app_begin ] --END-- [ RunTime:0.001288s ]
INFO: [ view_parse ] --START--
INFO: [ template_filter ] --START--
INFO: Run Behavior\ContentReplaceBehavior [ RunTime:0.000073s ]
INFO: [ template_filter ] --END-- [ RunTime:0.000112s ]
INFO: Run Behavior\ParseTemplateBehavior [ RunTime:0.009399s ]
INFO: [ view_parse ] --END-- [ RunTime:0.009457s ]
INFO: [ view_filter ] --START--
INFO: Run Behavior\WriteHtmlCacheBehavior [ RunTime:0.001195s ]
INFO: [ view_filter ] --END-- [ RunTime:0.001233s ]
INFO: [ app_end ] --START--
INFO: Run Behavior\ShowPageTraceBehavior [ RunTime:0.001280s ]
INFO: [ app_end ] --END-- [ RunTime:0.001313s ]

[ 2018-04-09T23:59:54+08:00 ] ::1 /sysulab/index.php/Home/Feedback/fbrls/que/%E7%94%B5%E4%BB%AA%E5%99%A8%E7%9A%84%E5%9F%BA%E6%9C%AC%E5%AE%9E%E7%94%A8%E5%8E%9F%E7%90%86
INFO: [ app_init ] --START--
INFO: Run Behavior\BuildLiteBehavior [ RunTime:0.000010s ]
INFO: [ app_init ] --END-- [ RunTime:0.000648s ]
NOTIC: [2] Use of undefined constant TMPL_PARSE_STRING - assumed 'TMPL_PARSE_STRING' (this will throw an Error in a future version of PHP) C:\xampp\htdocs\sysulab\lab_sys\Home\Conf\config.php 第 12 行.
INFO: [ app_begin ] --START--
INFO: Run Behavior\ReadHtmlCacheBehavior [ RunTime:0.001640s ]
INFO: [ app_begin ] --END-- [ RunTime:0.001707s ]
INFO: [ view_parse ] --START--
INFO: [ template_filter ] --START--
INFO: Run Behavior\ContentReplaceBehavior [ RunTime:0.000092s ]
INFO: [ template_filter ] --END-- [ RunTime:0.000148s ]
INFO: Run Behavior\ParseTemplateBehavior [ RunTime:0.009416s ]
INFO: [ view_parse ] --END-- [ RunTime:0.009481s ]
INFO: [ view_filter ] --START--
INFO: Run Behavior\WriteHtmlCacheBehavior [ RunTime:0.001112s ]
INFO: [ view_filter ] --END-- [ RunTime:0.001157s ]
INFO: [ app_end ] --START--
INFO: Run Behavior\ShowPageTraceBehavior [ RunTime:0.001210s ]
INFO: [ app_end ] --END-- [ RunTime:0.001249s ]

[ 2018-04-09T23:59:55+08:00 ] ::1 /sysulab/index.php/Home/Feedback/fbrls/que/%E7%94%B5%E4%BB%AA%E5%99%A8%E7%9A%84%E5%9F%BA%E6%9C%AC%E5%AE%9E%E7%94%A8%E5%8E%9F%E7%90%86
INFO: [ app_init ] --START--
INFO: Run Behavior\BuildLiteBehavior [ RunTime:0.000010s ]
INFO: [ app_init ] --END-- [ RunTime:0.000690s ]
NOTIC: [2] Use of undefined constant TMPL_PARSE_STRING - assumed 'TMPL_PARSE_STRING' (this will throw an Error in a future version of PHP) C:\xampp\htdocs\sysulab\lab_sys\Home\Conf\config.php 第 12 行.
INFO: [ app_begin ] --START--
INFO: Run Behavior\ReadHtmlCacheBehavior [ RunTime:0.001132s ]
INFO: [ app_begin ] --END-- [ RunTime:0.001170s ]
INFO: [ view_parse ] --START--
INFO: [ template_filter ] --START--
INFO: Run Behavior\ContentReplaceBehavior [ RunTime:0.000088s ]
INFO: [ template_filter ] --END-- [ RunTime:0.000151s ]
INFO: Run Behavior\ParseTemplateBehavior [ RunTime:0.011354s ]
INFO: [ view_parse ] --END-- [ RunTime:0.011416s ]
INFO: [ view_filter ] --START--
INFO: Run Behavior\WriteHtmlCacheBehavior [ RunTime:0.001056s ]
INFO: [ view_filter ] --END-- [ RunTime:0.001095s ]
INFO: [ app_end ] --START--
INFO: Run Behavior\ShowPageTraceBehavior [ RunTime:0.001415s ]
INFO: [ app_end ] --END-- [ RunTime:0.001461s ]

