[ 2018-04-06T13:55:53+08:00 ] ::1 /sysulab/
INFO: [ app_init ] --START--
INFO: Run Behavior\BuildLiteBehavior [ RunTime:0.000013s ]
INFO: [ app_init ] --END-- [ RunTime:0.000741s ]
NOTIC: [2] Use of undefined constant TMPL_PARSE_STRING - assumed 'TMPL_PARSE_STRING' (this will throw an Error in a future version of PHP) C:\xampp\htdocs\sysulab\lab_sys\Home\Conf\config.php 第 12 行.
INFO: [ app_begin ] --START--
INFO: Run Behavior\ReadHtmlCacheBehavior [ RunTime:0.001133s ]
INFO: [ app_begin ] --END-- [ RunTime:0.001167s ]
INFO: [ view_parse ] --START--
INFO: [ template_filter ] --START--
INFO: Run Behavior\ContentReplaceBehavior [ RunTime:0.006612s ]
INFO: [ template_filter ] --END-- [ RunTime:0.006684s ]
INFO: Run Behavior\ParseTemplateBehavior [ RunTime:0.030690s ]
INFO: [ view_parse ] --END-- [ RunTime:0.030759s ]
INFO: [ view_filter ] --START--
INFO: Run Behavior\WriteHtmlCacheBehavior [ RunTime:0.001299s ]
INFO: [ view_filter ] --END-- [ RunTime:0.001345s ]
INFO: [ app_end ] --START--
INFO: Run Behavior\ShowPageTraceBehavior [ RunTime:0.001906s ]
INFO: [ app_end ] --END-- [ RunTime:0.001963s ]

[ 2018-04-06T13:56:05+08:00 ] ::1 /sysulab/index.php/Home/Login/log_
INFO: [ app_init ] --START--
INFO: Run Behavior\BuildLiteBehavior [ RunTime:0.000017s ]
INFO: [ app_init ] --END-- [ RunTime:0.000790s ]
NOTIC: [2] Use of undefined constant TMPL_PARSE_STRING - assumed 'TMPL_PARSE_STRING' (this will throw an Error in a future version of PHP) C:\xampp\htdocs\sysulab\lab_sys\Home\Conf\config.php 第 12 行.
INFO: [ app_begin ] --START--
INFO: Run Behavior\ReadHtmlCacheBehavior [ RunTime:0.001197s ]
INFO: [ app_begin ] --END-- [ RunTime:0.001238s ]
SQL: SHOW COLUMNS FROM `stu` [ RunTime:0.0246s ]
SQL: SELECT * FROM `stu` WHERE (  id=16301005  )  [ RunTime:0.0005s ]
SQL: SHOW COLUMNS FROM `ip` [ RunTime:0.0399s ]
SQL: SELECT * FROM `ip` WHERE (  ip='0.0.0.0'  )  [ RunTime:0.0006s ]

[ 2018-04-06T13:56:05+08:00 ] ::1 /sysulab/index.php/Home/main/main.html
INFO: [ app_init ] --START--
INFO: Run Behavior\BuildLiteBehavior [ RunTime:0.000008s ]
INFO: [ app_init ] --END-- [ RunTime:0.000554s ]
NOTIC: [2] Use of undefined constant TMPL_PARSE_STRING - assumed 'TMPL_PARSE_STRING' (this will throw an Error in a future version of PHP) C:\xampp\htdocs\sysulab\lab_sys\Home\Conf\config.php 第 12 行.
INFO: [ app_begin ] --START--
INFO: Run Behavior\ReadHtmlCacheBehavior [ RunTime:0.001152s ]
INFO: [ app_begin ] --END-- [ RunTime:0.001203s ]
INFO: [ view_parse ] --START--
INFO: [ template_filter ] --START--
INFO: Run Behavior\ContentReplaceBehavior [ RunTime:0.000039s ]
INFO: [ template_filter ] --END-- [ RunTime:0.000074s ]
INFO: Run Behavior\ParseTemplateBehavior [ RunTime:0.008895s ]
INFO: [ view_parse ] --END-- [ RunTime:0.008935s ]
INFO: [ view_filter ] --START--
INFO: Run Behavior\WriteHtmlCacheBehavior [ RunTime:0.000896s ]
INFO: [ view_filter ] --END-- [ RunTime:0.000936s ]
INFO: [ app_end ] --START--
INFO: Run Behavior\ShowPageTraceBehavior [ RunTime:0.001711s ]
INFO: [ app_end ] --END-- [ RunTime:0.001763s ]

[ 2018-04-06T13:56:07+08:00 ] ::1 /sysulab/index.php/Home/main/excp
INFO: [ app_init ] --START--
INFO: Run Behavior\BuildLiteBehavior [ RunTime:0.000014s ]
INFO: [ app_init ] --END-- [ RunTime:0.000633s ]
NOTIC: [2] Use of undefined constant TMPL_PARSE_STRING - assumed 'TMPL_PARSE_STRING' (this will throw an Error in a future version of PHP) C:\xampp\htdocs\sysulab\lab_sys\Home\Conf\config.php 第 12 行.
INFO: [ app_begin ] --START--
INFO: Run Behavior\ReadHtmlCacheBehavior [ RunTime:0.001118s ]
INFO: [ app_begin ] --END-- [ RunTime:0.001155s ]

[ 2018-04-06T13:56:07+08:00 ] ::1 /sysulab/index.php/Home/exception/excp.html
INFO: [ app_init ] --START--
INFO: Run Behavior\BuildLiteBehavior [ RunTime:0.000013s ]
INFO: [ app_init ] --END-- [ RunTime:0.000706s ]
NOTIC: [2] Use of undefined constant TMPL_PARSE_STRING - assumed 'TMPL_PARSE_STRING' (this will throw an Error in a future version of PHP) C:\xampp\htdocs\sysulab\lab_sys\Home\Conf\config.php 第 12 行.
INFO: [ app_begin ] --START--
INFO: Run Behavior\ReadHtmlCacheBehavior [ RunTime:0.001222s ]
INFO: [ app_begin ] --END-- [ RunTime:0.001274s ]
INFO: [ view_parse ] --START--
INFO: [ template_filter ] --START--
INFO: Run Behavior\ContentReplaceBehavior [ RunTime:0.000062s ]
INFO: [ template_filter ] --END-- [ RunTime:0.000114s ]
INFO: Run Behavior\ParseTemplateBehavior [ RunTime:0.012026s ]
INFO: [ view_parse ] --END-- [ RunTime:0.012089s ]
INFO: [ view_filter ] --START--
INFO: Run Behavior\WriteHtmlCacheBehavior [ RunTime:0.001059s ]
INFO: [ view_filter ] --END-- [ RunTime:0.001096s ]
INFO: [ app_end ] --START--
INFO: Run Behavior\ShowPageTraceBehavior [ RunTime:0.001295s ]
INFO: [ app_end ] --END-- [ RunTime:0.001327s ]

[ 2018-04-06T13:56:11+08:00 ] ::1 /sysulab/index.php/Home/exception/excp
INFO: [ app_init ] --START--
INFO: Run Behavior\BuildLiteBehavior [ RunTime:0.000024s ]
INFO: [ app_init ] --END-- [ RunTime:0.000982s ]
NOTIC: [2] Use of undefined constant TMPL_PARSE_STRING - assumed 'TMPL_PARSE_STRING' (this will throw an Error in a future version of PHP) C:\xampp\htdocs\sysulab\lab_sys\Home\Conf\config.php 第 12 行.
INFO: [ app_begin ] --START--
INFO: Run Behavior\ReadHtmlCacheBehavior [ RunTime:0.001423s ]
INFO: [ app_begin ] --END-- [ RunTime:0.001481s ]
INFO: [ view_parse ] --START--
INFO: [ template_filter ] --START--
INFO: Run Behavior\ContentReplaceBehavior [ RunTime:0.000058s ]
INFO: [ template_filter ] --END-- [ RunTime:0.000104s ]
INFO: Run Behavior\ParseTemplateBehavior [ RunTime:0.007852s ]
INFO: [ view_parse ] --END-- [ RunTime:0.007939s ]
INFO: [ view_filter ] --START--
INFO: Run Behavior\WriteHtmlCacheBehavior [ RunTime:0.001335s ]
INFO: [ view_filter ] --END-- [ RunTime:0.001379s ]
INFO: [ app_end ] --START--
INFO: Run Behavior\ShowPageTraceBehavior [ RunTime:0.001090s ]
INFO: [ app_end ] --END-- [ RunTime:0.001121s ]

[ 2018-04-06T13:56:13+08:00 ] ::1 /sysulab/index.php/Home/exception/fb
INFO: [ app_init ] --START--
INFO: Run Behavior\BuildLiteBehavior [ RunTime:0.000010s ]
INFO: [ app_init ] --END-- [ RunTime:0.000581s ]
NOTIC: [2] Use of undefined constant TMPL_PARSE_STRING - assumed 'TMPL_PARSE_STRING' (this will throw an Error in a future version of PHP) C:\xampp\htdocs\sysulab\lab_sys\Home\Conf\config.php 第 12 行.
INFO: [ app_begin ] --START--
INFO: Run Behavior\ReadHtmlCacheBehavior [ RunTime:0.001273s ]
INFO: [ app_begin ] --END-- [ RunTime:0.001361s ]

[ 2018-04-06T13:56:13+08:00 ] ::1 /sysulab/index.php/Home/feedback/fb.html
INFO: [ app_init ] --START--
INFO: Run Behavior\BuildLiteBehavior [ RunTime:0.000010s ]
INFO: [ app_init ] --END-- [ RunTime:0.000780s ]
NOTIC: [2] Use of undefined constant TMPL_PARSE_STRING - assumed 'TMPL_PARSE_STRING' (this will throw an Error in a future version of PHP) C:\xampp\htdocs\sysulab\lab_sys\Home\Conf\config.php 第 12 行.
INFO: [ app_begin ] --START--
INFO: Run Behavior\ReadHtmlCacheBehavior [ RunTime:0.001198s ]
INFO: [ app_begin ] --END-- [ RunTime:0.001248s ]
INFO: [ view_parse ] --START--
INFO: [ template_filter ] --START--
INFO: Run Behavior\ContentReplaceBehavior [ RunTime:0.000061s ]
INFO: [ template_filter ] --END-- [ RunTime:0.000115s ]
INFO: Run Behavior\ParseTemplateBehavior [ RunTime:0.008413s ]
INFO: [ view_parse ] --END-- [ RunTime:0.008479s ]
INFO: [ view_filter ] --START--
INFO: Run Behavior\WriteHtmlCacheBehavior [ RunTime:0.001041s ]
INFO: [ view_filter ] --END-- [ RunTime:0.001094s ]
INFO: [ app_end ] --START--
INFO: Run Behavior\ShowPageTraceBehavior [ RunTime:0.001774s ]
INFO: [ app_end ] --END-- [ RunTime:0.001829s ]

[ 2018-04-06T13:56:16+08:00 ] ::1 /sysulab/index.php/Home/feedback/main
INFO: [ app_init ] --START--
INFO: Run Behavior\BuildLiteBehavior [ RunTime:0.000013s ]
INFO: [ app_init ] --END-- [ RunTime:0.000836s ]
NOTIC: [2] Use of undefined constant TMPL_PARSE_STRING - assumed 'TMPL_PARSE_STRING' (this will throw an Error in a future version of PHP) C:\xampp\htdocs\sysulab\lab_sys\Home\Conf\config.php 第 12 行.
INFO: [ app_begin ] --START--
INFO: Run Behavior\ReadHtmlCacheBehavior [ RunTime:0.001295s ]
INFO: [ app_begin ] --END-- [ RunTime:0.001347s ]

[ 2018-04-06T13:56:16+08:00 ] ::1 /sysulab/index.php/Home/main/main.html
INFO: [ app_init ] --START--
INFO: Run Behavior\BuildLiteBehavior [ RunTime:0.000012s ]
INFO: [ app_init ] --END-- [ RunTime:0.000758s ]
NOTIC: [2] Use of undefined constant TMPL_PARSE_STRING - assumed 'TMPL_PARSE_STRING' (this will throw an Error in a future version of PHP) C:\xampp\htdocs\sysulab\lab_sys\Home\Conf\config.php 第 12 行.
INFO: [ app_begin ] --START--
INFO: Run Behavior\ReadHtmlCacheBehavior [ RunTime:0.001428s ]
INFO: [ app_begin ] --END-- [ RunTime:0.001490s ]
INFO: [ view_parse ] --START--
INFO: [ template_filter ] --START--
INFO: Run Behavior\ContentReplaceBehavior [ RunTime:0.000056s ]
INFO: [ template_filter ] --END-- [ RunTime:0.000114s ]
INFO: Run Behavior\ParseTemplateBehavior [ RunTime:0.009844s ]
INFO: [ view_parse ] --END-- [ RunTime:0.009913s ]
INFO: [ view_filter ] --START--
INFO: Run Behavior\WriteHtmlCacheBehavior [ RunTime:0.000958s ]
INFO: [ view_filter ] --END-- [ RunTime:0.001002s ]
INFO: [ app_end ] --START--
INFO: Run Behavior\ShowPageTraceBehavior [ RunTime:0.001571s ]
INFO: [ app_end ] --END-- [ RunTime:0.001627s ]

[ 2018-04-06T13:56:52+08:00 ] ::1 /sysulab/logm
INFO: [ app_init ] --START--
INFO: Run Behavior\BuildLiteBehavior [ RunTime:0.000013s ]
INFO: [ app_init ] --END-- [ RunTime:0.000785s ]
NOTIC: [2] Use of undefined constant TMPL_PARSE_STRING - assumed 'TMPL_PARSE_STRING' (this will throw an Error in a future version of PHP) C:\xampp\htdocs\sysulab\lab_sys\Home\Conf\config.php 第 12 行.
INFO: [ app_begin ] --START--
INFO: Run Behavior\ReadHtmlCacheBehavior [ RunTime:0.001339s ]
INFO: [ app_begin ] --END-- [ RunTime:0.001393s ]
INFO: [ view_parse ] --START--
INFO: [ template_filter ] --START--
INFO: Run Behavior\ContentReplaceBehavior [ RunTime:0.000059s ]
INFO: [ template_filter ] --END-- [ RunTime:0.000120s ]
INFO: Run Behavior\ParseTemplateBehavior [ RunTime:0.010329s ]
INFO: [ view_parse ] --END-- [ RunTime:0.010389s ]
INFO: [ view_filter ] --START--
INFO: Run Behavior\WriteHtmlCacheBehavior [ RunTime:0.001093s ]
INFO: [ view_filter ] --END-- [ RunTime:0.001140s ]
INFO: [ app_end ] --START--
INFO: Run Behavior\ShowPageTraceBehavior [ RunTime:0.001458s ]
INFO: [ app_end ] --END-- [ RunTime:0.001506s ]

[ 2018-04-06T13:56:55+08:00 ] ::1 /sysulab/index.php/Home/Login/logm_
INFO: [ app_init ] --START--
INFO: Run Behavior\BuildLiteBehavior [ RunTime:0.000014s ]
INFO: [ app_init ] --END-- [ RunTime:0.000835s ]
NOTIC: [2] Use of undefined constant TMPL_PARSE_STRING - assumed 'TMPL_PARSE_STRING' (this will throw an Error in a future version of PHP) C:\xampp\htdocs\sysulab\lab_sys\Home\Conf\config.php 第 12 行.
INFO: [ app_begin ] --START--
INFO: Run Behavior\ReadHtmlCacheBehavior [ RunTime:0.001316s ]
INFO: [ app_begin ] --END-- [ RunTime:0.001370s ]
SQL: SHOW COLUMNS FROM `man` [ RunTime:0.0153s ]
SQL: SELECT * FROM `man` WHERE ( id=15000001 )  [ RunTime:0.0005s ]

[ 2018-04-06T13:56:55+08:00 ] ::1 /sysulab/index.php/Home/main/main_m.html
INFO: [ app_init ] --START--
INFO: Run Behavior\BuildLiteBehavior [ RunTime:0.000011s ]
INFO: [ app_init ] --END-- [ RunTime:0.000574s ]
NOTIC: [2] Use of undefined constant TMPL_PARSE_STRING - assumed 'TMPL_PARSE_STRING' (this will throw an Error in a future version of PHP) C:\xampp\htdocs\sysulab\lab_sys\Home\Conf\config.php 第 12 行.
INFO: [ app_begin ] --START--
INFO: Run Behavior\ReadHtmlCacheBehavior [ RunTime:0.001153s ]
INFO: [ app_begin ] --END-- [ RunTime:0.001198s ]
INFO: [ view_parse ] --START--
INFO: [ template_filter ] --START--
INFO: Run Behavior\ContentReplaceBehavior [ RunTime:0.000041s ]
INFO: [ template_filter ] --END-- [ RunTime:0.000074s ]
INFO: Run Behavior\ParseTemplateBehavior [ RunTime:0.006860s ]
INFO: [ view_parse ] --END-- [ RunTime:0.006897s ]
INFO: [ view_filter ] --START--
INFO: Run Behavior\WriteHtmlCacheBehavior [ RunTime:0.000669s ]
INFO: [ view_filter ] --END-- [ RunTime:0.000697s ]
INFO: [ app_end ] --START--
INFO: Run Behavior\ShowPageTraceBehavior [ RunTime:0.000988s ]
INFO: [ app_end ] --END-- [ RunTime:0.001015s ]

[ 2018-04-06T13:56:56+08:00 ] ::1 /sysulab/index.php/Home/main/excpsts
INFO: [ app_init ] --START--
INFO: Run Behavior\BuildLiteBehavior [ RunTime:0.000014s ]
INFO: [ app_init ] --END-- [ RunTime:0.000837s ]
NOTIC: [2] Use of undefined constant TMPL_PARSE_STRING - assumed 'TMPL_PARSE_STRING' (this will throw an Error in a future version of PHP) C:\xampp\htdocs\sysulab\lab_sys\Home\Conf\config.php 第 12 行.
INFO: [ app_begin ] --START--
INFO: Run Behavior\ReadHtmlCacheBehavior [ RunTime:0.000951s ]
INFO: [ app_begin ] --END-- [ RunTime:0.000987s ]

[ 2018-04-06T13:56:56+08:00 ] ::1 /sysulab/index.php/Home/exception/excpsts.html
INFO: [ app_init ] --START--
INFO: Run Behavior\BuildLiteBehavior [ RunTime:0.000013s ]
INFO: [ app_init ] --END-- [ RunTime:0.000798s ]
NOTIC: [2] Use of undefined constant TMPL_PARSE_STRING - assumed 'TMPL_PARSE_STRING' (this will throw an Error in a future version of PHP) C:\xampp\htdocs\sysulab\lab_sys\Home\Conf\config.php 第 12 行.
INFO: [ app_begin ] --START--
INFO: Run Behavior\ReadHtmlCacheBehavior [ RunTime:0.001223s ]
INFO: [ app_begin ] --END-- [ RunTime:0.001276s ]
SQL: SHOW COLUMNS FROM `excp` [ RunTime:0.0072s ]
SQL: SELECT * FROM `excp`  [ RunTime:0.0004s ]
INFO: [ view_parse ] --START--
INFO: [ template_filter ] --START--
INFO: Run Behavior\ContentReplaceBehavior [ RunTime:0.000083s ]
INFO: [ template_filter ] --END-- [ RunTime:0.000137s ]
INFO: Run Behavior\ParseTemplateBehavior [ RunTime:0.011994s ]
INFO: [ view_parse ] --END-- [ RunTime:0.012052s ]
INFO: [ view_filter ] --START--
INFO: Run Behavior\WriteHtmlCacheBehavior [ RunTime:0.000948s ]
INFO: [ view_filter ] --END-- [ RunTime:0.000993s ]
INFO: [ app_end ] --START--
INFO: Run Behavior\ShowPageTraceBehavior [ RunTime:0.001367s ]
INFO: [ app_end ] --END-- [ RunTime:0.001402s ]

[ 2018-04-06T13:56:58+08:00 ] ::1 /sysulab/index.php/Home/exception/bd
INFO: [ app_init ] --START--
INFO: Run Behavior\BuildLiteBehavior [ RunTime:0.000022s ]
INFO: [ app_init ] --END-- [ RunTime:0.000963s ]
NOTIC: [2] Use of undefined constant TMPL_PARSE_STRING - assumed 'TMPL_PARSE_STRING' (this will throw an Error in a future version of PHP) C:\xampp\htdocs\sysulab\lab_sys\Home\Conf\config.php 第 12 行.
INFO: [ app_begin ] --START--
INFO: Run Behavior\ReadHtmlCacheBehavior [ RunTime:0.001425s ]
INFO: [ app_begin ] --END-- [ RunTime:0.001475s ]

[ 2018-04-06T13:56:58+08:00 ] ::1 /sysulab/index.php/Home/breakdown/bd.html
INFO: [ app_init ] --START--
INFO: Run Behavior\BuildLiteBehavior [ RunTime:0.000012s ]
INFO: [ app_init ] --END-- [ RunTime:0.000704s ]
NOTIC: [2] Use of undefined constant TMPL_PARSE_STRING - assumed 'TMPL_PARSE_STRING' (this will throw an Error in a future version of PHP) C:\xampp\htdocs\sysulab\lab_sys\Home\Conf\config.php 第 12 行.
INFO: [ app_begin ] --START--
INFO: Run Behavior\ReadHtmlCacheBehavior [ RunTime:0.001174s ]
INFO: [ app_begin ] --END-- [ RunTime:0.001223s ]
SQL: SHOW COLUMNS FROM `bd` [ RunTime:0.0070s ]
SQL: SELECT COUNT(*) AS tp_count FROM `bd` LIMIT 1   [ RunTime:0.0003s ]
ERR: 1064:You have an error in your SQL syntax; check the manual that corresponds to your MariaDB server version for the right syntax to use near '-10,10' at line 1
 [ SQL语句 ] : SELECT * FROM `bd` LIMIT -10,10  
ERR: 1064:You have an error in your SQL syntax; check the manual that corresponds to your MariaDB server version for the right syntax to use near '-10,10' at line 1
 [ SQL语句 ] : SELECT * FROM `bd` LIMIT -10,10  

[ 2018-04-06T13:57:44+08:00 ] ::1 /sysulab/index.php/Home/exception/fbman
INFO: [ app_init ] --START--
INFO: Run Behavior\BuildLiteBehavior [ RunTime:0.000013s ]
INFO: [ app_init ] --END-- [ RunTime:0.000808s ]
NOTIC: [2] Use of undefined constant TMPL_PARSE_STRING - assumed 'TMPL_PARSE_STRING' (this will throw an Error in a future version of PHP) C:\xampp\htdocs\sysulab\lab_sys\Home\Conf\config.php 第 12 行.
INFO: [ app_begin ] --START--
INFO: Run Behavior\ReadHtmlCacheBehavior [ RunTime:0.000999s ]
INFO: [ app_begin ] --END-- [ RunTime:0.001044s ]

[ 2018-04-06T13:57:44+08:00 ] ::1 /sysulab/index.php/Home/feedback/fbman.html
INFO: [ app_init ] --START--
INFO: Run Behavior\BuildLiteBehavior [ RunTime:0.000008s ]
INFO: [ app_init ] --END-- [ RunTime:0.000530s ]
NOTIC: [2] Use of undefined constant TMPL_PARSE_STRING - assumed 'TMPL_PARSE_STRING' (this will throw an Error in a future version of PHP) C:\xampp\htdocs\sysulab\lab_sys\Home\Conf\config.php 第 12 行.
INFO: [ app_begin ] --START--
INFO: Run Behavior\ReadHtmlCacheBehavior [ RunTime:0.001155s ]
INFO: [ app_begin ] --END-- [ RunTime:0.001202s ]
INFO: [ view_parse ] --START--
INFO: [ template_filter ] --START--
INFO: Run Behavior\ContentReplaceBehavior [ RunTime:0.000045s ]
INFO: [ template_filter ] --END-- [ RunTime:0.000081s ]
NOTIC: [8] Undefined variable: admin C:\xampp\htdocs\sysulab\lab_sys\Runtime\Cache\Home\57ffb6377996af5a54f089905b50fee4.php 第 11 行.
INFO: Run Behavior\ParseTemplateBehavior [ RunTime:0.007775s ]
INFO: [ view_parse ] --END-- [ RunTime:0.007811s ]
INFO: [ view_filter ] --START--
INFO: Run Behavior\WriteHtmlCacheBehavior [ RunTime:0.000658s ]
INFO: [ view_filter ] --END-- [ RunTime:0.000686s ]
INFO: [ app_end ] --START--
INFO: Run Behavior\ShowPageTraceBehavior [ RunTime:0.001019s ]
INFO: [ app_end ] --END-- [ RunTime:0.001047s ]

[ 2018-04-06T13:57:46+08:00 ] ::1 /sysulab/index.php/Home/feedback/fbman.html?btn_fbcre=
INFO: [ app_init ] --START--
INFO: Run Behavior\BuildLiteBehavior [ RunTime:0.000015s ]
INFO: [ app_init ] --END-- [ RunTime:0.000822s ]
NOTIC: [2] Use of undefined constant TMPL_PARSE_STRING - assumed 'TMPL_PARSE_STRING' (this will throw an Error in a future version of PHP) C:\xampp\htdocs\sysulab\lab_sys\Home\Conf\config.php 第 12 行.
INFO: [ app_begin ] --START--
INFO: Run Behavior\ReadHtmlCacheBehavior [ RunTime:0.001263s ]
INFO: [ app_begin ] --END-- [ RunTime:0.001317s ]
INFO: [ view_parse ] --START--
INFO: [ template_filter ] --START--
INFO: Run Behavior\ContentReplaceBehavior [ RunTime:0.000048s ]
INFO: [ template_filter ] --END-- [ RunTime:0.000086s ]
NOTIC: [8] Undefined variable: admin C:\xampp\htdocs\sysulab\lab_sys\Runtime\Cache\Home\57ffb6377996af5a54f089905b50fee4.php 第 11 行.
INFO: Run Behavior\ParseTemplateBehavior [ RunTime:0.008276s ]
INFO: [ view_parse ] --END-- [ RunTime:0.008329s ]
INFO: [ view_filter ] --START--
INFO: Run Behavior\WriteHtmlCacheBehavior [ RunTime:0.000911s ]
INFO: [ view_filter ] --END-- [ RunTime:0.000954s ]
INFO: [ app_end ] --START--
INFO: Run Behavior\ShowPageTraceBehavior [ RunTime:0.001245s ]
INFO: [ app_end ] --END-- [ RunTime:0.001285s ]

[ 2018-04-06T13:57:49+08:00 ] ::1 /sysulab/index.php/Home/feedback/fbman.html?btn_fbcre=
INFO: [ app_init ] --START--
INFO: Run Behavior\BuildLiteBehavior [ RunTime:0.000009s ]
INFO: [ app_init ] --END-- [ RunTime:0.000562s ]
NOTIC: [2] Use of undefined constant TMPL_PARSE_STRING - assumed 'TMPL_PARSE_STRING' (this will throw an Error in a future version of PHP) C:\xampp\htdocs\sysulab\lab_sys\Home\Conf\config.php 第 12 行.
INFO: [ app_begin ] --START--
INFO: Run Behavior\ReadHtmlCacheBehavior [ RunTime:0.001063s ]
INFO: [ app_begin ] --END-- [ RunTime:0.001103s ]
INFO: [ view_parse ] --START--
INFO: [ template_filter ] --START--
INFO: Run Behavior\ContentReplaceBehavior [ RunTime:0.000041s ]
INFO: [ template_filter ] --END-- [ RunTime:0.000076s ]
NOTIC: [8] Undefined variable: admin C:\xampp\htdocs\sysulab\lab_sys\Runtime\Cache\Home\57ffb6377996af5a54f089905b50fee4.php 第 11 行.
INFO: Run Behavior\ParseTemplateBehavior [ RunTime:0.007355s ]
INFO: [ view_parse ] --END-- [ RunTime:0.007402s ]
INFO: [ view_filter ] --START--
INFO: Run Behavior\WriteHtmlCacheBehavior [ RunTime:0.000825s ]
INFO: [ view_filter ] --END-- [ RunTime:0.000859s ]
INFO: [ app_end ] --START--
INFO: Run Behavior\ShowPageTraceBehavior [ RunTime:0.001011s ]
INFO: [ app_end ] --END-- [ RunTime:0.001038s ]

[ 2018-04-06T13:57:50+08:00 ] ::1 /sysulab/index.php/Home/feedback/fbman.html?btn_fbrls=
INFO: [ app_init ] --START--
INFO: Run Behavior\BuildLiteBehavior [ RunTime:0.000009s ]
INFO: [ app_init ] --END-- [ RunTime:0.000551s ]
NOTIC: [2] Use of undefined constant TMPL_PARSE_STRING - assumed 'TMPL_PARSE_STRING' (this will throw an Error in a future version of PHP) C:\xampp\htdocs\sysulab\lab_sys\Home\Conf\config.php 第 12 行.
INFO: [ app_begin ] --START--
INFO: Run Behavior\ReadHtmlCacheBehavior [ RunTime:0.001215s ]
INFO: [ app_begin ] --END-- [ RunTime:0.001261s ]
INFO: [ view_parse ] --START--
INFO: [ template_filter ] --START--
INFO: Run Behavior\ContentReplaceBehavior [ RunTime:0.000041s ]
INFO: [ template_filter ] --END-- [ RunTime:0.000073s ]
NOTIC: [8] Undefined variable: admin C:\xampp\htdocs\sysulab\lab_sys\Runtime\Cache\Home\57ffb6377996af5a54f089905b50fee4.php 第 11 行.
INFO: Run Behavior\ParseTemplateBehavior [ RunTime:0.006807s ]
INFO: [ view_parse ] --END-- [ RunTime:0.006848s ]
INFO: [ view_filter ] --START--
INFO: Run Behavior\WriteHtmlCacheBehavior [ RunTime:0.000668s ]
INFO: [ view_filter ] --END-- [ RunTime:0.000701s ]
INFO: [ app_end ] --START--
INFO: Run Behavior\ShowPageTraceBehavior [ RunTime:0.001012s ]
INFO: [ app_end ] --END-- [ RunTime:0.001041s ]

[ 2018-04-06T13:57:51+08:00 ] ::1 /sysulab/index.php/Home/feedback/fbman.html?
INFO: [ app_init ] --START--
INFO: Run Behavior\BuildLiteBehavior [ RunTime:0.000011s ]
INFO: [ app_init ] --END-- [ RunTime:0.000639s ]
NOTIC: [2] Use of undefined constant TMPL_PARSE_STRING - assumed 'TMPL_PARSE_STRING' (this will throw an Error in a future version of PHP) C:\xampp\htdocs\sysulab\lab_sys\Home\Conf\config.php 第 12 行.
INFO: [ app_begin ] --START--
INFO: Run Behavior\ReadHtmlCacheBehavior [ RunTime:0.001031s ]
INFO: [ app_begin ] --END-- [ RunTime:0.001074s ]
INFO: [ view_parse ] --START--
INFO: [ template_filter ] --START--
INFO: Run Behavior\ContentReplaceBehavior [ RunTime:0.000041s ]
INFO: [ template_filter ] --END-- [ RunTime:0.000076s ]
NOTIC: [8] Undefined variable: admin C:\xampp\htdocs\sysulab\lab_sys\Runtime\Cache\Home\57ffb6377996af5a54f089905b50fee4.php 第 11 行.
INFO: Run Behavior\ParseTemplateBehavior [ RunTime:0.006963s ]
INFO: [ view_parse ] --END-- [ RunTime:0.007007s ]
INFO: [ view_filter ] --START--
INFO: Run Behavior\WriteHtmlCacheBehavior [ RunTime:0.000830s ]
INFO: [ view_filter ] --END-- [ RunTime:0.000869s ]
INFO: [ app_end ] --START--
INFO: Run Behavior\ShowPageTraceBehavior [ RunTime:0.001152s ]
INFO: [ app_end ] --END-- [ RunTime:0.001185s ]

[ 2018-04-06T13:57:52+08:00 ] ::1 /sysulab/index.php/Home/feedback/fbman.html?
INFO: [ app_init ] --START--
INFO: Run Behavior\BuildLiteBehavior [ RunTime:0.000009s ]
INFO: [ app_init ] --END-- [ RunTime:0.000543s ]
NOTIC: [2] Use of undefined constant TMPL_PARSE_STRING - assumed 'TMPL_PARSE_STRING' (this will throw an Error in a future version of PHP) C:\xampp\htdocs\sysulab\lab_sys\Home\Conf\config.php 第 12 行.
INFO: [ app_begin ] --START--
INFO: Run Behavior\ReadHtmlCacheBehavior [ RunTime:0.000909s ]
INFO: [ app_begin ] --END-- [ RunTime:0.000941s ]
INFO: [ view_parse ] --START--
INFO: [ template_filter ] --START--
INFO: Run Behavior\ContentReplaceBehavior [ RunTime:0.000045s ]
INFO: [ template_filter ] --END-- [ RunTime:0.000082s ]
NOTIC: [8] Undefined variable: admin C:\xampp\htdocs\sysulab\lab_sys\Runtime\Cache\Home\57ffb6377996af5a54f089905b50fee4.php 第 11 行.
INFO: Run Behavior\ParseTemplateBehavior [ RunTime:0.008360s ]
INFO: [ view_parse ] --END-- [ RunTime:0.008402s ]
INFO: [ view_filter ] --START--
INFO: Run Behavior\WriteHtmlCacheBehavior [ RunTime:0.000702s ]
INFO: [ view_filter ] --END-- [ RunTime:0.000737s ]
INFO: [ app_end ] --START--
INFO: Run Behavior\ShowPageTraceBehavior [ RunTime:0.001147s ]
INFO: [ app_end ] --END-- [ RunTime:0.001180s ]

[ 2018-04-06T13:57:53+08:00 ] ::1 /sysulab/index.php/Home/feedback/main_m
INFO: [ app_init ] --START--
INFO: Run Behavior\BuildLiteBehavior [ RunTime:0.000013s ]
INFO: [ app_init ] --END-- [ RunTime:0.000793s ]
NOTIC: [2] Use of undefined constant TMPL_PARSE_STRING - assumed 'TMPL_PARSE_STRING' (this will throw an Error in a future version of PHP) C:\xampp\htdocs\sysulab\lab_sys\Home\Conf\config.php 第 12 行.
INFO: [ app_begin ] --START--
INFO: Run Behavior\ReadHtmlCacheBehavior [ RunTime:0.001639s ]
INFO: [ app_begin ] --END-- [ RunTime:0.001702s ]

[ 2018-04-06T13:57:53+08:00 ] ::1 /sysulab/index.php/Home/main/main_m.html
INFO: [ app_init ] --START--
INFO: Run Behavior\BuildLiteBehavior [ RunTime:0.000013s ]
INFO: [ app_init ] --END-- [ RunTime:0.000917s ]
NOTIC: [2] Use of undefined constant TMPL_PARSE_STRING - assumed 'TMPL_PARSE_STRING' (this will throw an Error in a future version of PHP) C:\xampp\htdocs\sysulab\lab_sys\Home\Conf\config.php 第 12 行.
INFO: [ app_begin ] --START--
INFO: Run Behavior\ReadHtmlCacheBehavior [ RunTime:0.001306s ]
INFO: [ app_begin ] --END-- [ RunTime:0.001355s ]
INFO: [ view_parse ] --START--
INFO: [ template_filter ] --START--
INFO: Run Behavior\ContentReplaceBehavior [ RunTime:0.000057s ]
INFO: [ template_filter ] --END-- [ RunTime:0.000113s ]
INFO: Run Behavior\ParseTemplateBehavior [ RunTime:0.008784s ]
INFO: [ view_parse ] --END-- [ RunTime:0.008847s ]
INFO: [ view_filter ] --START--
INFO: Run Behavior\WriteHtmlCacheBehavior [ RunTime:0.000932s ]
INFO: [ view_filter ] --END-- [ RunTime:0.000990s ]
INFO: [ app_end ] --START--
INFO: Run Behavior\ShowPageTraceBehavior [ RunTime:0.001330s ]
INFO: [ app_end ] --END-- [ RunTime:0.001372s ]

[ 2018-04-06T13:57:56+08:00 ] ::1 /sysulab/index.php/Home/main/fbman
INFO: [ app_init ] --START--
INFO: Run Behavior\BuildLiteBehavior [ RunTime:0.000011s ]
INFO: [ app_init ] --END-- [ RunTime:0.000640s ]
NOTIC: [2] Use of undefined constant TMPL_PARSE_STRING - assumed 'TMPL_PARSE_STRING' (this will throw an Error in a future version of PHP) C:\xampp\htdocs\sysulab\lab_sys\Home\Conf\config.php 第 12 行.
INFO: [ app_begin ] --START--
INFO: Run Behavior\ReadHtmlCacheBehavior [ RunTime:0.001530s ]
INFO: [ app_begin ] --END-- [ RunTime:0.001589s ]

[ 2018-04-06T13:57:56+08:00 ] ::1 /sysulab/index.php/Home/feedback/fbman.html
INFO: [ app_init ] --START--
INFO: Run Behavior\BuildLiteBehavior [ RunTime:0.000009s ]
INFO: [ app_init ] --END-- [ RunTime:0.000537s ]
NOTIC: [2] Use of undefined constant TMPL_PARSE_STRING - assumed 'TMPL_PARSE_STRING' (this will throw an Error in a future version of PHP) C:\xampp\htdocs\sysulab\lab_sys\Home\Conf\config.php 第 12 行.
INFO: [ app_begin ] --START--
INFO: Run Behavior\ReadHtmlCacheBehavior [ RunTime:0.000911s ]
INFO: [ app_begin ] --END-- [ RunTime:0.000943s ]
INFO: [ view_parse ] --START--
INFO: [ template_filter ] --START--
INFO: Run Behavior\ContentReplaceBehavior [ RunTime:0.000042s ]
INFO: [ template_filter ] --END-- [ RunTime:0.000079s ]
NOTIC: [8] Undefined variable: admin C:\xampp\htdocs\sysulab\lab_sys\Runtime\Cache\Home\57ffb6377996af5a54f089905b50fee4.php 第 11 行.
INFO: Run Behavior\ParseTemplateBehavior [ RunTime:0.008558s ]
INFO: [ view_parse ] --END-- [ RunTime:0.008589s ]
INFO: [ view_filter ] --START--
INFO: Run Behavior\WriteHtmlCacheBehavior [ RunTime:0.000785s ]
INFO: [ view_filter ] --END-- [ RunTime:0.000812s ]
INFO: [ app_end ] --START--
INFO: Run Behavior\ShowPageTraceBehavior [ RunTime:0.001117s ]
INFO: [ app_end ] --END-- [ RunTime:0.001145s ]

[ 2018-04-06T13:57:57+08:00 ] ::1 /sysulab/index.php/Home/feedback/excpsts
INFO: [ app_init ] --START--
INFO: Run Behavior\BuildLiteBehavior [ RunTime:0.000013s ]
INFO: [ app_init ] --END-- [ RunTime:0.000836s ]
NOTIC: [2] Use of undefined constant TMPL_PARSE_STRING - assumed 'TMPL_PARSE_STRING' (this will throw an Error in a future version of PHP) C:\xampp\htdocs\sysulab\lab_sys\Home\Conf\config.php 第 12 行.
INFO: [ app_begin ] --START--
INFO: Run Behavior\ReadHtmlCacheBehavior [ RunTime:0.001424s ]
INFO: [ app_begin ] --END-- [ RunTime:0.001482s ]

[ 2018-04-06T13:57:57+08:00 ] ::1 /sysulab/index.php/Home/exception/excpsts.html
INFO: [ app_init ] --START--
INFO: Run Behavior\BuildLiteBehavior [ RunTime:0.000012s ]
INFO: [ app_init ] --END-- [ RunTime:0.000750s ]
NOTIC: [2] Use of undefined constant TMPL_PARSE_STRING - assumed 'TMPL_PARSE_STRING' (this will throw an Error in a future version of PHP) C:\xampp\htdocs\sysulab\lab_sys\Home\Conf\config.php 第 12 行.
INFO: [ app_begin ] --START--
INFO: Run Behavior\ReadHtmlCacheBehavior [ RunTime:0.001329s ]
INFO: [ app_begin ] --END-- [ RunTime:0.001381s ]
SQL: SHOW COLUMNS FROM `excp` [ RunTime:0.0071s ]
SQL: SELECT * FROM `excp`  [ RunTime:0.0004s ]
INFO: [ view_parse ] --START--
INFO: [ template_filter ] --START--
INFO: Run Behavior\ContentReplaceBehavior [ RunTime:0.000059s ]
INFO: [ template_filter ] --END-- [ RunTime:0.000093s ]
INFO: Run Behavior\ParseTemplateBehavior [ RunTime:0.010313s ]
INFO: [ view_parse ] --END-- [ RunTime:0.010373s ]
INFO: [ view_filter ] --START--
INFO: Run Behavior\WriteHtmlCacheBehavior [ RunTime:0.000908s ]
INFO: [ view_filter ] --END-- [ RunTime:0.000952s ]
INFO: [ app_end ] --START--
INFO: Run Behavior\ShowPageTraceBehavior [ RunTime:0.001526s ]
INFO: [ app_end ] --END-- [ RunTime:0.001581s ]

[ 2018-04-06T13:57:58+08:00 ] ::1 /sysulab/index.php/Home/exception/bd
INFO: [ app_init ] --START--
INFO: Run Behavior\BuildLiteBehavior [ RunTime:0.000012s ]
INFO: [ app_init ] --END-- [ RunTime:0.000743s ]
NOTIC: [2] Use of undefined constant TMPL_PARSE_STRING - assumed 'TMPL_PARSE_STRING' (this will throw an Error in a future version of PHP) C:\xampp\htdocs\sysulab\lab_sys\Home\Conf\config.php 第 12 行.
INFO: [ app_begin ] --START--
INFO: Run Behavior\ReadHtmlCacheBehavior [ RunTime:0.001588s ]
INFO: [ app_begin ] --END-- [ RunTime:0.001653s ]

[ 2018-04-06T13:57:58+08:00 ] ::1 /sysulab/index.php/Home/breakdown/bd.html
INFO: [ app_init ] --START--
INFO: Run Behavior\BuildLiteBehavior [ RunTime:0.000014s ]
INFO: [ app_init ] --END-- [ RunTime:0.000871s ]
NOTIC: [2] Use of undefined constant TMPL_PARSE_STRING - assumed 'TMPL_PARSE_STRING' (this will throw an Error in a future version of PHP) C:\xampp\htdocs\sysulab\lab_sys\Home\Conf\config.php 第 12 行.
INFO: [ app_begin ] --START--
INFO: Run Behavior\ReadHtmlCacheBehavior [ RunTime:0.001237s ]
INFO: [ app_begin ] --END-- [ RunTime:0.001289s ]
SQL: SHOW COLUMNS FROM `bd` [ RunTime:0.0072s ]
SQL: SELECT COUNT(*) AS tp_count FROM `bd` LIMIT 1   [ RunTime:0.0003s ]
ERR: 1064:You have an error in your SQL syntax; check the manual that corresponds to your MariaDB server version for the right syntax to use near '-10,10' at line 1
 [ SQL语句 ] : SELECT * FROM `bd` LIMIT -10,10  
ERR: 1064:You have an error in your SQL syntax; check the manual that corresponds to your MariaDB server version for the right syntax to use near '-10,10' at line 1
 [ SQL语句 ] : SELECT * FROM `bd` LIMIT -10,10  

[ 2018-04-06T13:58:34+08:00 ] ::1 /sysulab/index.php/Home/exception/fbman
INFO: [ app_init ] --START--
INFO: Run Behavior\BuildLiteBehavior [ RunTime:0.000008s ]
INFO: [ app_init ] --END-- [ RunTime:0.000548s ]
NOTIC: [2] Use of undefined constant TMPL_PARSE_STRING - assumed 'TMPL_PARSE_STRING' (this will throw an Error in a future version of PHP) C:\xampp\htdocs\sysulab\lab_sys\Home\Conf\config.php 第 12 行.
INFO: [ app_begin ] --START--
INFO: Run Behavior\ReadHtmlCacheBehavior [ RunTime:0.000952s ]
INFO: [ app_begin ] --END-- [ RunTime:0.000988s ]

[ 2018-04-06T13:58:34+08:00 ] ::1 /sysulab/index.php/Home/feedback/fbman.html
INFO: [ app_init ] --START--
INFO: Run Behavior\BuildLiteBehavior [ RunTime:0.000008s ]
INFO: [ app_init ] --END-- [ RunTime:0.000529s ]
NOTIC: [2] Use of undefined constant TMPL_PARSE_STRING - assumed 'TMPL_PARSE_STRING' (this will throw an Error in a future version of PHP) C:\xampp\htdocs\sysulab\lab_sys\Home\Conf\config.php 第 12 行.
INFO: [ app_begin ] --START--
INFO: Run Behavior\ReadHtmlCacheBehavior [ RunTime:0.001280s ]
INFO: [ app_begin ] --END-- [ RunTime:0.001322s ]
INFO: [ view_parse ] --START--
INFO: [ template_filter ] --START--
INFO: Run Behavior\ContentReplaceBehavior [ RunTime:0.000044s ]
INFO: [ template_filter ] --END-- [ RunTime:0.000085s ]
NOTIC: [8] Undefined variable: admin C:\xampp\htdocs\sysulab\lab_sys\Runtime\Cache\Home\57ffb6377996af5a54f089905b50fee4.php 第 11 行.
INFO: Run Behavior\ParseTemplateBehavior [ RunTime:0.007818s ]
INFO: [ view_parse ] --END-- [ RunTime:0.007852s ]
INFO: [ view_filter ] --START--
INFO: Run Behavior\WriteHtmlCacheBehavior [ RunTime:0.000670s ]
INFO: [ view_filter ] --END-- [ RunTime:0.000697s ]
INFO: [ app_end ] --START--
INFO: Run Behavior\ShowPageTraceBehavior [ RunTime:0.000997s ]
INFO: [ app_end ] --END-- [ RunTime:0.001024s ]

[ 2018-04-06T14:13:19+08:00 ] ::1 /sysulab/index.php/Home/feedback/bd
INFO: [ app_init ] --START--
INFO: Run Behavior\BuildLiteBehavior [ RunTime:0.000014s ]
INFO: [ app_init ] --END-- [ RunTime:0.000896s ]
NOTIC: [2] Use of undefined constant TMPL_PARSE_STRING - assumed 'TMPL_PARSE_STRING' (this will throw an Error in a future version of PHP) C:\xampp\htdocs\sysulab\lab_sys\Home\Conf\config.php 第 12 行.
INFO: [ app_begin ] --START--
INFO: Run Behavior\ReadHtmlCacheBehavior [ RunTime:0.001494s ]
INFO: [ app_begin ] --END-- [ RunTime:0.001546s ]

[ 2018-04-06T14:13:19+08:00 ] ::1 /sysulab/index.php/Home/breakdown/bd.html
INFO: [ app_init ] --START--
INFO: Run Behavior\BuildLiteBehavior [ RunTime:0.000009s ]
INFO: [ app_init ] --END-- [ RunTime:0.000546s ]
NOTIC: [2] Use of undefined constant TMPL_PARSE_STRING - assumed 'TMPL_PARSE_STRING' (this will throw an Error in a future version of PHP) C:\xampp\htdocs\sysulab\lab_sys\Home\Conf\config.php 第 12 行.
INFO: [ app_begin ] --START--
INFO: Run Behavior\ReadHtmlCacheBehavior [ RunTime:0.000928s ]
INFO: [ app_begin ] --END-- [ RunTime:0.000961s ]
SQL: SHOW COLUMNS FROM `bd` [ RunTime:0.0064s ]
SQL: SELECT COUNT(*) AS tp_count FROM `bd` LIMIT 1   [ RunTime:0.0003s ]
ERR: 1064:You have an error in your SQL syntax; check the manual that corresponds to your MariaDB server version for the right syntax to use near '-10,10' at line 1
 [ SQL语句 ] : SELECT * FROM `bd` LIMIT -10,10  
ERR: 1064:You have an error in your SQL syntax; check the manual that corresponds to your MariaDB server version for the right syntax to use near '-10,10' at line 1
 [ SQL语句 ] : SELECT * FROM `bd` LIMIT -10,10  

[ 2018-04-06T14:17:41+08:00 ] ::1 /sysulab/index.php/Home/feedback/fbsts.html
INFO: [ app_init ] --START--
INFO: Run Behavior\BuildLiteBehavior [ RunTime:0.000013s ]
INFO: [ app_init ] --END-- [ RunTime:0.000676s ]
NOTIC: [2] Use of undefined constant TMPL_PARSE_STRING - assumed 'TMPL_PARSE_STRING' (this will throw an Error in a future version of PHP) C:\xampp\htdocs\sysulab\lab_sys\Home\Conf\config.php 第 12 行.
INFO: [ app_begin ] --START--
INFO: Run Behavior\ReadHtmlCacheBehavior [ RunTime:0.001119s ]
INFO: [ app_begin ] --END-- [ RunTime:0.001152s ]
INFO: [ view_parse ] --START--
INFO: [ template_filter ] --START--
INFO: Run Behavior\ContentReplaceBehavior [ RunTime:0.000059s ]
INFO: [ template_filter ] --END-- [ RunTime:0.000110s ]
INFO: Run Behavior\ParseTemplateBehavior [ RunTime:0.011542s ]
INFO: [ view_parse ] --END-- [ RunTime:0.011583s ]
INFO: [ view_filter ] --START--
INFO: Run Behavior\WriteHtmlCacheBehavior [ RunTime:0.000878s ]
INFO: [ view_filter ] --END-- [ RunTime:0.000907s ]
INFO: [ app_end ] --START--
INFO: Run Behavior\ShowPageTraceBehavior [ RunTime:0.001200s ]
INFO: [ app_end ] --END-- [ RunTime:0.001229s ]

[ 2018-04-06T14:19:48+08:00 ] ::1 /sysulab/index.php/Home/feedback/fbupdt
INFO: [ app_init ] --START--
INFO: Run Behavior\BuildLiteBehavior [ RunTime:0.000014s ]
INFO: [ app_init ] --END-- [ RunTime:0.000637s ]
NOTIC: [2] Use of undefined constant TMPL_PARSE_STRING - assumed 'TMPL_PARSE_STRING' (this will throw an Error in a future version of PHP) C:\xampp\htdocs\sysulab\lab_sys\Home\Conf\config.php 第 12 行.
INFO: [ app_begin ] --START--
INFO: Run Behavior\ReadHtmlCacheBehavior [ RunTime:0.001258s ]
INFO: [ app_begin ] --END-- [ RunTime:0.001327s ]
INFO: [ view_parse ] --START--
INFO: [ template_filter ] --START--
INFO: Run Behavior\ContentReplaceBehavior [ RunTime:0.000091s ]
INFO: [ template_filter ] --END-- [ RunTime:0.000127s ]
NOTIC: [8] Undefined variable: admin C:\xampp\htdocs\sysulab\lab_sys\Runtime\Cache\Home\9b050339d80baa1d2741b8fcfc7670c8.php 第 11 行.
INFO: Run Behavior\ParseTemplateBehavior [ RunTime:0.009772s ]
INFO: [ view_parse ] --END-- [ RunTime:0.009804s ]
INFO: [ view_filter ] --START--
INFO: Run Behavior\WriteHtmlCacheBehavior [ RunTime:0.000804s ]
INFO: [ view_filter ] --END-- [ RunTime:0.000831s ]
INFO: [ app_end ] --START--
INFO: Run Behavior\ShowPageTraceBehavior [ RunTime:0.001153s ]
INFO: [ app_end ] --END-- [ RunTime:0.001184s ]

[ 2018-04-06T14:24:13+08:00 ] ::1 /sysulab/index.php/Home/feedback/fbrls
INFO: [ app_init ] --START--
INFO: Run Behavior\BuildLiteBehavior [ RunTime:0.000011s ]
INFO: [ app_init ] --END-- [ RunTime:0.000677s ]
NOTIC: [2] Use of undefined constant TMPL_PARSE_STRING - assumed 'TMPL_PARSE_STRING' (this will throw an Error in a future version of PHP) C:\xampp\htdocs\sysulab\lab_sys\Home\Conf\config.php 第 12 行.
INFO: [ app_begin ] --START--
INFO: Run Behavior\ReadHtmlCacheBehavior [ RunTime:0.001127s ]
INFO: [ app_begin ] --END-- [ RunTime:0.001164s ]
INFO: [ view_parse ] --START--
INFO: [ template_filter ] --START--
INFO: Run Behavior\ContentReplaceBehavior [ RunTime:0.000060s ]
INFO: [ template_filter ] --END-- [ RunTime:0.000096s ]
NOTIC: [8] Undefined variable: admin C:\xampp\htdocs\sysulab\lab_sys\Runtime\Cache\Home\a3bc1668c79553326093b4b00cbc814f.php 第 14 行.
INFO: Run Behavior\ParseTemplateBehavior [ RunTime:0.053454s ]
INFO: [ view_parse ] --END-- [ RunTime:0.053502s ]
INFO: [ view_filter ] --START--
INFO: Run Behavior\WriteHtmlCacheBehavior [ RunTime:0.001125s ]
INFO: [ view_filter ] --END-- [ RunTime:0.001159s ]
INFO: [ app_end ] --START--
INFO: Run Behavior\ShowPageTraceBehavior [ RunTime:0.001148s ]
INFO: [ app_end ] --END-- [ RunTime:0.001176s ]

[ 2018-04-06T14:24:21+08:00 ] ::1 /sysulab/index.php/Home/feedback/fbrls_
INFO: [ app_init ] --START--
INFO: Run Behavior\BuildLiteBehavior [ RunTime:0.000009s ]
INFO: [ app_init ] --END-- [ RunTime:0.000623s ]
NOTIC: [2] Use of undefined constant TMPL_PARSE_STRING - assumed 'TMPL_PARSE_STRING' (this will throw an Error in a future version of PHP) C:\xampp\htdocs\sysulab\lab_sys\Home\Conf\config.php 第 12 行.
INFO: [ app_begin ] --START--
INFO: Run Behavior\ReadHtmlCacheBehavior [ RunTime:0.001326s ]
INFO: [ app_begin ] --END-- [ RunTime:0.001374s ]
ERR: 非法操作:fbrls_

[ 2018-04-06T14:25:12+08:00 ] ::1 /sysulab/index.php/Home/feedback/fbcre
INFO: [ app_init ] --START--
INFO: Run Behavior\BuildLiteBehavior [ RunTime:0.000010s ]
INFO: [ app_init ] --END-- [ RunTime:0.000554s ]
NOTIC: [2] Use of undefined constant TMPL_PARSE_STRING - assumed 'TMPL_PARSE_STRING' (this will throw an Error in a future version of PHP) C:\xampp\htdocs\sysulab\lab_sys\Home\Conf\config.php 第 12 行.
INFO: [ app_begin ] --START--
INFO: Run Behavior\ReadHtmlCacheBehavior [ RunTime:0.000927s ]
INFO: [ app_begin ] --END-- [ RunTime:0.000960s ]
INFO: [ view_parse ] --START--
INFO: [ template_filter ] --START--
INFO: Run Behavior\ContentReplaceBehavior [ RunTime:0.000091s ]
INFO: [ template_filter ] --END-- [ RunTime:0.000139s ]
NOTIC: [8] Undefined variable: admin C:\xampp\htdocs\sysulab\lab_sys\Runtime\Cache\Home\2621ef65f8f9789b5221c952afd6aacd.php 第 14 行.
INFO: Run Behavior\ParseTemplateBehavior [ RunTime:0.009818s ]
INFO: [ view_parse ] --END-- [ RunTime:0.009853s ]
INFO: [ view_filter ] --START--
INFO: Run Behavior\WriteHtmlCacheBehavior [ RunTime:0.000813s ]
INFO: [ view_filter ] --END-- [ RunTime:0.000850s ]
INFO: [ app_end ] --START--
INFO: Run Behavior\ShowPageTraceBehavior [ RunTime:0.001111s ]
INFO: [ app_end ] --END-- [ RunTime:0.001151s ]

[ 2018-04-06T14:28:27+08:00 ] ::1 /sysulab/index.php/Home/feedback/fbman
INFO: [ app_init ] --START--
INFO: Run Behavior\BuildLiteBehavior [ RunTime:0.000010s ]
INFO: [ app_init ] --END-- [ RunTime:0.000715s ]
NOTIC: [2] Use of undefined constant TMPL_PARSE_STRING - assumed 'TMPL_PARSE_STRING' (this will throw an Error in a future version of PHP) C:\xampp\htdocs\sysulab\lab_sys\Home\Conf\config.php 第 12 行.
INFO: [ app_begin ] --START--
INFO: Run Behavior\ReadHtmlCacheBehavior [ RunTime:0.001132s ]
INFO: [ app_begin ] --END-- [ RunTime:0.001173s ]
INFO: [ view_parse ] --START--
INFO: [ template_filter ] --START--
INFO: Run Behavior\ContentReplaceBehavior [ RunTime:0.000045s ]
INFO: [ template_filter ] --END-- [ RunTime:0.000080s ]
NOTIC: [8] Undefined variable: admin C:\xampp\htdocs\sysulab\lab_sys\Runtime\Cache\Home\57ffb6377996af5a54f089905b50fee4.php 第 11 行.
INFO: Run Behavior\ParseTemplateBehavior [ RunTime:0.007723s ]
INFO: [ view_parse ] --END-- [ RunTime:0.007760s ]
INFO: [ view_filter ] --START--
INFO: Run Behavior\WriteHtmlCacheBehavior [ RunTime:0.000845s ]
INFO: [ view_filter ] --END-- [ RunTime:0.000873s ]
INFO: [ app_end ] --START--
INFO: Run Behavior\ShowPageTraceBehavior [ RunTime:0.001167s ]
INFO: [ app_end ] --END-- [ RunTime:0.001203s ]

[ 2018-04-06T14:28:48+08:00 ] ::1 /sysulab/index.php/Home/feedback/fbman?btn_fbcre=
INFO: [ app_init ] --START--
INFO: Run Behavior\BuildLiteBehavior [ RunTime:0.000009s ]
INFO: [ app_init ] --END-- [ RunTime:0.000545s ]
NOTIC: [2] Use of undefined constant TMPL_PARSE_STRING - assumed 'TMPL_PARSE_STRING' (this will throw an Error in a future version of PHP) C:\xampp\htdocs\sysulab\lab_sys\Home\Conf\config.php 第 12 行.
INFO: [ app_begin ] --START--
INFO: Run Behavior\ReadHtmlCacheBehavior [ RunTime:0.000963s ]
INFO: [ app_begin ] --END-- [ RunTime:0.001005s ]
INFO: [ view_parse ] --START--
INFO: [ template_filter ] --START--
INFO: Run Behavior\ContentReplaceBehavior [ RunTime:0.000046s ]
INFO: [ template_filter ] --END-- [ RunTime:0.000085s ]
NOTIC: [8] Undefined variable: admin C:\xampp\htdocs\sysulab\lab_sys\Runtime\Cache\Home\57ffb6377996af5a54f089905b50fee4.php 第 11 行.
INFO: Run Behavior\ParseTemplateBehavior [ RunTime:0.009190s ]
INFO: [ view_parse ] --END-- [ RunTime:0.009238s ]
INFO: [ view_filter ] --START--
INFO: Run Behavior\WriteHtmlCacheBehavior [ RunTime:0.000861s ]
INFO: [ view_filter ] --END-- [ RunTime:0.000896s ]
INFO: [ app_end ] --START--
INFO: Run Behavior\ShowPageTraceBehavior [ RunTime:0.001062s ]
INFO: [ app_end ] --END-- [ RunTime:0.001090s ]

[ 2018-04-06T14:28:51+08:00 ] ::1 /sysulab/index.php/Home/feedback/fbman?btn_fbcre=
INFO: [ app_init ] --START--
INFO: Run Behavior\BuildLiteBehavior [ RunTime:0.000012s ]
INFO: [ app_init ] --END-- [ RunTime:0.000820s ]
NOTIC: [2] Use of undefined constant TMPL_PARSE_STRING - assumed 'TMPL_PARSE_STRING' (this will throw an Error in a future version of PHP) C:\xampp\htdocs\sysulab\lab_sys\Home\Conf\config.php 第 12 行.
INFO: [ app_begin ] --START--
INFO: Run Behavior\ReadHtmlCacheBehavior [ RunTime:0.001007s ]
INFO: [ app_begin ] --END-- [ RunTime:0.001050s ]
INFO: [ view_parse ] --START--
INFO: [ template_filter ] --START--
INFO: Run Behavior\ContentReplaceBehavior [ RunTime:0.000041s ]
INFO: [ template_filter ] --END-- [ RunTime:0.000077s ]
NOTIC: [8] Undefined variable: admin C:\xampp\htdocs\sysulab\lab_sys\Runtime\Cache\Home\57ffb6377996af5a54f089905b50fee4.php 第 11 行.
INFO: Run Behavior\ParseTemplateBehavior [ RunTime:0.006827s ]
INFO: [ view_parse ] --END-- [ RunTime:0.006861s ]
INFO: [ view_filter ] --START--
INFO: Run Behavior\WriteHtmlCacheBehavior [ RunTime:0.000663s ]
INFO: [ view_filter ] --END-- [ RunTime:0.000691s ]
INFO: [ app_end ] --START--
INFO: Run Behavior\ShowPageTraceBehavior [ RunTime:0.001041s ]
INFO: [ app_end ] --END-- [ RunTime:0.001070s ]

[ 2018-04-06T14:28:56+08:00 ] ::1 /sysulab/
INFO: [ app_init ] --START--
INFO: Run Behavior\BuildLiteBehavior [ RunTime:0.000014s ]
INFO: [ app_init ] --END-- [ RunTime:0.000804s ]
NOTIC: [2] Use of undefined constant TMPL_PARSE_STRING - assumed 'TMPL_PARSE_STRING' (this will throw an Error in a future version of PHP) C:\xampp\htdocs\sysulab\lab_sys\Home\Conf\config.php 第 12 行.
INFO: [ app_begin ] --START--
INFO: Run Behavior\ReadHtmlCacheBehavior [ RunTime:0.001795s ]
INFO: [ app_begin ] --END-- [ RunTime:0.001892s ]
INFO: [ view_parse ] --START--
INFO: [ template_filter ] --START--
INFO: Run Behavior\ContentReplaceBehavior [ RunTime:0.000097s ]
INFO: [ template_filter ] --END-- [ RunTime:0.000215s ]
INFO: Run Behavior\ParseTemplateBehavior [ RunTime:0.010869s ]
INFO: [ view_parse ] --END-- [ RunTime:0.010938s ]
INFO: [ view_filter ] --START--
INFO: Run Behavior\WriteHtmlCacheBehavior [ RunTime:0.001302s ]
INFO: [ view_filter ] --END-- [ RunTime:0.001356s ]
INFO: [ app_end ] --START--
INFO: Run Behavior\ShowPageTraceBehavior [ RunTime:0.001609s ]
INFO: [ app_end ] --END-- [ RunTime:0.001664s ]

[ 2018-04-06T14:29:17+08:00 ] ::1 /sysulab/index.php/Home/Login/log_
INFO: [ app_init ] --START--
INFO: Run Behavior\BuildLiteBehavior [ RunTime:0.000011s ]
INFO: [ app_init ] --END-- [ RunTime:0.000699s ]
NOTIC: [2] Use of undefined constant TMPL_PARSE_STRING - assumed 'TMPL_PARSE_STRING' (this will throw an Error in a future version of PHP) C:\xampp\htdocs\sysulab\lab_sys\Home\Conf\config.php 第 12 行.
INFO: [ app_begin ] --START--
INFO: Run Behavior\ReadHtmlCacheBehavior [ RunTime:0.001141s ]
INFO: [ app_begin ] --END-- [ RunTime:0.001178s ]
SQL: SHOW COLUMNS FROM `stu` [ RunTime:0.0598s ]
SQL: SELECT * FROM `stu` WHERE (  id=16301008  )  [ RunTime:0.0004s ]
SQL: SHOW COLUMNS FROM `ip` [ RunTime:0.0238s ]
SQL: SELECT * FROM `ip` WHERE (  ip='0.0.0.0'  )  [ RunTime:0.0005s ]

[ 2018-04-06T14:29:17+08:00 ] ::1 /sysulab/index.php/Home/main/main.html
INFO: [ app_init ] --START--
INFO: Run Behavior\BuildLiteBehavior [ RunTime:0.000008s ]
INFO: [ app_init ] --END-- [ RunTime:0.000538s ]
NOTIC: [2] Use of undefined constant TMPL_PARSE_STRING - assumed 'TMPL_PARSE_STRING' (this will throw an Error in a future version of PHP) C:\xampp\htdocs\sysulab\lab_sys\Home\Conf\config.php 第 12 行.
INFO: [ app_begin ] --START--
INFO: Run Behavior\ReadHtmlCacheBehavior [ RunTime:0.000937s ]
INFO: [ app_begin ] --END-- [ RunTime:0.000971s ]
INFO: [ view_parse ] --START--
INFO: [ template_filter ] --START--
INFO: Run Behavior\ContentReplaceBehavior [ RunTime:0.000042s ]
INFO: [ template_filter ] --END-- [ RunTime:0.000081s ]
INFO: Run Behavior\ParseTemplateBehavior [ RunTime:0.008464s ]
INFO: [ view_parse ] --END-- [ RunTime:0.008506s ]
INFO: [ view_filter ] --START--
INFO: Run Behavior\WriteHtmlCacheBehavior [ RunTime:0.000871s ]
INFO: [ view_filter ] --END-- [ RunTime:0.000901s ]
INFO: [ app_end ] --START--
INFO: Run Behavior\ShowPageTraceBehavior [ RunTime:0.001238s ]
INFO: [ app_end ] --END-- [ RunTime:0.001270s ]

[ 2018-04-06T14:52:38+08:00 ] ::1 /sysulab/home/feedback/db
INFO: [ app_init ] --START--
INFO: Run Behavior\BuildLiteBehavior [ RunTime:0.000013s ]
INFO: [ app_init ] --END-- [ RunTime:0.001238s ]
NOTIC: [2] Use of undefined constant TMPL_PARSE_STRING - assumed 'TMPL_PARSE_STRING' (this will throw an Error in a future version of PHP) C:\xampp\htdocs\sysulab\lab_sys\Home\Conf\config.php 第 12 行.
INFO: [ app_begin ] --START--
INFO: Run Behavior\ReadHtmlCacheBehavior [ RunTime:0.001289s ]
INFO: [ app_begin ] --END-- [ RunTime:0.001339s ]
ERR: 非法操作:db

[ 2018-04-06T14:52:42+08:00 ] ::1 /sysulab/home/feedback/fb
INFO: [ app_init ] --START--
INFO: Run Behavior\BuildLiteBehavior [ RunTime:0.000009s ]
INFO: [ app_init ] --END-- [ RunTime:0.000565s ]
NOTIC: [2] Use of undefined constant TMPL_PARSE_STRING - assumed 'TMPL_PARSE_STRING' (this will throw an Error in a future version of PHP) C:\xampp\htdocs\sysulab\lab_sys\Home\Conf\config.php 第 12 行.
INFO: [ app_begin ] --START--
INFO: Run Behavior\ReadHtmlCacheBehavior [ RunTime:0.001029s ]
INFO: [ app_begin ] --END-- [ RunTime:0.001070s ]
INFO: [ view_parse ] --START--
INFO: [ template_filter ] --START--
INFO: Run Behavior\ContentReplaceBehavior [ RunTime:0.000049s ]
INFO: [ template_filter ] --END-- [ RunTime:0.000087s ]
INFO: Run Behavior\ParseTemplateBehavior [ RunTime:0.010436s ]
INFO: [ view_parse ] --END-- [ RunTime:0.010487s ]
INFO: [ view_filter ] --START--
INFO: Run Behavior\WriteHtmlCacheBehavior [ RunTime:0.001176s ]
INFO: [ view_filter ] --END-- [ RunTime:0.001218s ]
INFO: [ app_end ] --START--
INFO: Run Behavior\ShowPageTraceBehavior [ RunTime:0.001371s ]
INFO: [ app_end ] --END-- [ RunTime:0.001419s ]

[ 2018-04-06T15:27:41+08:00 ] ::1 /sysulab/
INFO: [ app_init ] --START--
INFO: Run Behavior\BuildLiteBehavior [ RunTime:0.000013s ]
INFO: [ app_init ] --END-- [ RunTime:0.000908s ]
NOTIC: [2] Use of undefined constant TMPL_PARSE_STRING - assumed 'TMPL_PARSE_STRING' (this will throw an Error in a future version of PHP) C:\xampp\htdocs\sysulab\lab_sys\Home\Conf\config.php 第 12 行.
INFO: [ app_begin ] --START--
INFO: Run Behavior\ReadHtmlCacheBehavior [ RunTime:0.001699s ]
INFO: [ app_begin ] --END-- [ RunTime:0.001755s ]
INFO: [ view_parse ] --START--
INFO: [ template_filter ] --START--
INFO: Run Behavior\ContentReplaceBehavior [ RunTime:0.000048s ]
INFO: [ template_filter ] --END-- [ RunTime:0.000088s ]
INFO: Run Behavior\ParseTemplateBehavior [ RunTime:0.009605s ]
INFO: [ view_parse ] --END-- [ RunTime:0.009664s ]
INFO: [ view_filter ] --START--
INFO: Run Behavior\WriteHtmlCacheBehavior [ RunTime:0.001331s ]
INFO: [ view_filter ] --END-- [ RunTime:0.001383s ]
INFO: [ app_end ] --START--
INFO: Run Behavior\ShowPageTraceBehavior [ RunTime:0.001628s ]
INFO: [ app_end ] --END-- [ RunTime:0.001680s ]

[ 2018-04-06T16:48:37+08:00 ] ::1 /sysulab/
INFO: [ app_init ] --START--
INFO: Run Behavior\BuildLiteBehavior [ RunTime:0.000077s ]
INFO: [ app_init ] --END-- [ RunTime:0.000748s ]
NOTIC: [2] Use of undefined constant TMPL_PARSE_STRING - assumed 'TMPL_PARSE_STRING' (this will throw an Error in a future version of PHP) C:\xampp\htdocs\sysulab\lab_sys\Home\Conf\config.php 第 12 行.
INFO: [ app_begin ] --START--
INFO: Run Behavior\ReadHtmlCacheBehavior [ RunTime:0.001603s ]
INFO: [ app_begin ] --END-- [ RunTime:0.001651s ]
INFO: [ view_parse ] --START--
INFO: [ template_filter ] --START--
INFO: Run Behavior\ContentReplaceBehavior [ RunTime:0.000046s ]
INFO: [ template_filter ] --END-- [ RunTime:0.000083s ]
INFO: Run Behavior\ParseTemplateBehavior [ RunTime:0.009450s ]
INFO: [ view_parse ] --END-- [ RunTime:0.009506s ]
INFO: [ view_filter ] --START--
INFO: Run Behavior\WriteHtmlCacheBehavior [ RunTime:0.001053s ]
INFO: [ view_filter ] --END-- [ RunTime:0.001093s ]
INFO: [ app_end ] --START--
INFO: Run Behavior\ShowPageTraceBehavior [ RunTime:0.001599s ]
INFO: [ app_end ] --END-- [ RunTime:0.001637s ]

[ 2018-04-06T16:48:44+08:00 ] ::1 /sysulab/logm
INFO: [ app_init ] --START--
INFO: Run Behavior\BuildLiteBehavior [ RunTime:0.000086s ]
INFO: [ app_init ] --END-- [ RunTime:0.000982s ]
NOTIC: [2] Use of undefined constant TMPL_PARSE_STRING - assumed 'TMPL_PARSE_STRING' (this will throw an Error in a future version of PHP) C:\xampp\htdocs\sysulab\lab_sys\Home\Conf\config.php 第 12 行.
INFO: [ app_begin ] --START--
INFO: Run Behavior\ReadHtmlCacheBehavior [ RunTime:0.001776s ]
INFO: [ app_begin ] --END-- [ RunTime:0.001833s ]
INFO: [ view_parse ] --START--
INFO: [ template_filter ] --START--
INFO: Run Behavior\ContentReplaceBehavior [ RunTime:0.000057s ]
INFO: [ template_filter ] --END-- [ RunTime:0.000115s ]
INFO: Run Behavior\ParseTemplateBehavior [ RunTime:0.011760s ]
INFO: [ view_parse ] --END-- [ RunTime:0.011820s ]
INFO: [ view_filter ] --START--
INFO: Run Behavior\WriteHtmlCacheBehavior [ RunTime:0.001048s ]
INFO: [ view_filter ] --END-- [ RunTime:0.001091s ]
INFO: [ app_end ] --START--
INFO: Run Behavior\ShowPageTraceBehavior [ RunTime:0.001495s ]
INFO: [ app_end ] --END-- [ RunTime:0.001536s ]

[ 2018-04-06T16:48:57+08:00 ] ::1 /sysulab/index.php/Home/Login/logm_
INFO: [ app_init ] --START--
INFO: Run Behavior\BuildLiteBehavior [ RunTime:0.000009s ]
INFO: [ app_init ] --END-- [ RunTime:0.000572s ]
NOTIC: [2] Use of undefined constant TMPL_PARSE_STRING - assumed 'TMPL_PARSE_STRING' (this will throw an Error in a future version of PHP) C:\xampp\htdocs\sysulab\lab_sys\Home\Conf\config.php 第 12 行.
INFO: [ app_begin ] --START--
INFO: Run Behavior\ReadHtmlCacheBehavior [ RunTime:0.000937s ]
INFO: [ app_begin ] --END-- [ RunTime:0.000972s ]
SQL: SHOW COLUMNS FROM `man` [ RunTime:0.0663s ]
SQL: SELECT * FROM `man` WHERE ( id=15000000 )  [ RunTime:0.0004s ]

[ 2018-04-06T16:48:58+08:00 ] ::1 /sysulab/index.php/Home/main/main_m.html
INFO: [ app_init ] --START--
INFO: Run Behavior\BuildLiteBehavior [ RunTime:0.000015s ]
INFO: [ app_init ] --END-- [ RunTime:0.000919s ]
NOTIC: [2] Use of undefined constant TMPL_PARSE_STRING - assumed 'TMPL_PARSE_STRING' (this will throw an Error in a future version of PHP) C:\xampp\htdocs\sysulab\lab_sys\Home\Conf\config.php 第 12 行.
INFO: [ app_begin ] --START--
INFO: Run Behavior\ReadHtmlCacheBehavior [ RunTime:0.001114s ]
INFO: [ app_begin ] --END-- [ RunTime:0.001162s ]
INFO: [ view_parse ] --START--
INFO: [ template_filter ] --START--
INFO: Run Behavior\ContentReplaceBehavior [ RunTime:0.000042s ]
INFO: [ template_filter ] --END-- [ RunTime:0.000078s ]
INFO: Run Behavior\ParseTemplateBehavior [ RunTime:0.007220s ]
INFO: [ view_parse ] --END-- [ RunTime:0.007276s ]
INFO: [ view_filter ] --START--
INFO: Run Behavior\WriteHtmlCacheBehavior [ RunTime:0.000793s ]
INFO: [ view_filter ] --END-- [ RunTime:0.000826s ]
INFO: [ app_end ] --START--
INFO: Run Behavior\ShowPageTraceBehavior [ RunTime:0.001223s ]
INFO: [ app_end ] --END-- [ RunTime:0.001271s ]

[ 2018-04-06T16:49:00+08:00 ] ::1 /sysulab/index.php/Home/main/fbman
INFO: [ app_init ] --START--
INFO: Run Behavior\BuildLiteBehavior [ RunTime:0.000009s ]
INFO: [ app_init ] --END-- [ RunTime:0.000548s ]
NOTIC: [2] Use of undefined constant TMPL_PARSE_STRING - assumed 'TMPL_PARSE_STRING' (this will throw an Error in a future version of PHP) C:\xampp\htdocs\sysulab\lab_sys\Home\Conf\config.php 第 12 行.
INFO: [ app_begin ] --START--
INFO: Run Behavior\ReadHtmlCacheBehavior [ RunTime:0.001366s ]
INFO: [ app_begin ] --END-- [ RunTime:0.001415s ]

[ 2018-04-06T16:49:00+08:00 ] ::1 /sysulab/index.php/Home/feedback/fbman.html
INFO: [ app_init ] --START--
INFO: Run Behavior\BuildLiteBehavior [ RunTime:0.000009s ]
INFO: [ app_init ] --END-- [ RunTime:0.000560s ]
NOTIC: [2] Use of undefined constant TMPL_PARSE_STRING - assumed 'TMPL_PARSE_STRING' (this will throw an Error in a future version of PHP) C:\xampp\htdocs\sysulab\lab_sys\Home\Conf\config.php 第 12 行.
INFO: [ app_begin ] --START--
INFO: Run Behavior\ReadHtmlCacheBehavior [ RunTime:0.001155s ]
INFO: [ app_begin ] --END-- [ RunTime:0.001205s ]
INFO: [ view_parse ] --START--
INFO: [ template_filter ] --START--
INFO: Run Behavior\ContentReplaceBehavior [ RunTime:0.000059s ]
INFO: [ template_filter ] --END-- [ RunTime:0.000111s ]
NOTIC: [8] Undefined variable: admin C:\xampp\htdocs\sysulab\lab_sys\Runtime\Cache\Home\57ffb6377996af5a54f089905b50fee4.php 第 11 行.
INFO: Run Behavior\ParseTemplateBehavior [ RunTime:0.009465s ]
INFO: [ view_parse ] --END-- [ RunTime:0.009524s ]
INFO: [ view_filter ] --START--
INFO: Run Behavior\WriteHtmlCacheBehavior [ RunTime:0.001043s ]
INFO: [ view_filter ] --END-- [ RunTime:0.001090s ]
INFO: [ app_end ] --START--
INFO: Run Behavior\ShowPageTraceBehavior [ RunTime:0.001506s ]
INFO: [ app_end ] --END-- [ RunTime:0.001561s ]

[ 2018-04-06T16:49:01+08:00 ] ::1 /sysulab/index.php/Home/feedback/fbman.html?btn_fbcre=
INFO: [ app_init ] --START--
INFO: Run Behavior\BuildLiteBehavior [ RunTime:0.000015s ]
INFO: [ app_init ] --END-- [ RunTime:0.000881s ]
NOTIC: [2] Use of undefined constant TMPL_PARSE_STRING - assumed 'TMPL_PARSE_STRING' (this will throw an Error in a future version of PHP) C:\xampp\htdocs\sysulab\lab_sys\Home\Conf\config.php 第 12 行.
INFO: [ app_begin ] --START--
INFO: Run Behavior\ReadHtmlCacheBehavior [ RunTime:0.001468s ]
INFO: [ app_begin ] --END-- [ RunTime:0.001531s ]
INFO: [ view_parse ] --START--
INFO: [ template_filter ] --START--
INFO: Run Behavior\ContentReplaceBehavior [ RunTime:0.000055s ]
INFO: [ template_filter ] --END-- [ RunTime:0.000107s ]
NOTIC: [8] Undefined variable: admin C:\xampp\htdocs\sysulab\lab_sys\Runtime\Cache\Home\57ffb6377996af5a54f089905b50fee4.php 第 11 行.
INFO: Run Behavior\ParseTemplateBehavior [ RunTime:0.009470s ]
INFO: [ view_parse ] --END-- [ RunTime:0.009522s ]
INFO: [ view_filter ] --START--
INFO: Run Behavior\WriteHtmlCacheBehavior [ RunTime:0.000862s ]
INFO: [ view_filter ] --END-- [ RunTime:0.000902s ]
INFO: [ app_end ] --START--
INFO: Run Behavior\ShowPageTraceBehavior [ RunTime:0.001386s ]
INFO: [ app_end ] --END-- [ RunTime:0.001430s ]

[ 2018-04-06T16:49:06+08:00 ] ::1 /sysulab/index.php/Home/feedback/fbcre
INFO: [ app_init ] --START--
INFO: Run Behavior\BuildLiteBehavior [ RunTime:0.000009s ]
INFO: [ app_init ] --END-- [ RunTime:0.000564s ]
NOTIC: [2] Use of undefined constant TMPL_PARSE_STRING - assumed 'TMPL_PARSE_STRING' (this will throw an Error in a future version of PHP) C:\xampp\htdocs\sysulab\lab_sys\Home\Conf\config.php 第 12 行.
INFO: [ app_begin ] --START--
INFO: Run Behavior\ReadHtmlCacheBehavior [ RunTime:0.000914s ]
INFO: [ app_begin ] --END-- [ RunTime:0.000947s ]
INFO: [ view_parse ] --START--
INFO: [ template_filter ] --START--
INFO: Run Behavior\ContentReplaceBehavior [ RunTime:0.000112s ]
INFO: [ template_filter ] --END-- [ RunTime:0.000165s ]
NOTIC: [8] Undefined variable: admin C:\xampp\htdocs\sysulab\lab_sys\Runtime\Cache\Home\2621ef65f8f9789b5221c952afd6aacd.php 第 14 行.
INFO: Run Behavior\ParseTemplateBehavior [ RunTime:0.009240s ]
INFO: [ view_parse ] --END-- [ RunTime:0.009274s ]
INFO: [ view_filter ] --START--
INFO: Run Behavior\WriteHtmlCacheBehavior [ RunTime:0.000685s ]
INFO: [ view_filter ] --END-- [ RunTime:0.000711s ]
INFO: [ app_end ] --START--
INFO: Run Behavior\ShowPageTraceBehavior [ RunTime:0.001041s ]
INFO: [ app_end ] --END-- [ RunTime:0.001072s ]

[ 2018-04-06T16:51:14+08:00 ] ::1 /sysulab/index.php/Home/feedback/fbcre
INFO: [ app_init ] --START--
INFO: Run Behavior\BuildLiteBehavior [ RunTime:0.000022s ]
INFO: [ app_init ] --END-- [ RunTime:0.000645s ]
NOTIC: [2] Use of undefined constant TMPL_PARSE_STRING - assumed 'TMPL_PARSE_STRING' (this will throw an Error in a future version of PHP) C:\xampp\htdocs\sysulab\lab_sys\Home\Conf\config.php 第 12 行.
INFO: [ app_begin ] --START--
INFO: Run Behavior\ReadHtmlCacheBehavior [ RunTime:0.001215s ]
INFO: [ app_begin ] --END-- [ RunTime:0.001252s ]
INFO: [ view_parse ] --START--
INFO: [ template_filter ] --START--
INFO: Run Behavior\ContentReplaceBehavior [ RunTime:0.000094s ]
INFO: [ template_filter ] --END-- [ RunTime:0.000132s ]
NOTIC: [8] Undefined variable: admin C:\xampp\htdocs\sysulab\lab_sys\Runtime\Cache\Home\2621ef65f8f9789b5221c952afd6aacd.php 第 14 行.
INFO: Run Behavior\ParseTemplateBehavior [ RunTime:0.011452s ]
INFO: [ view_parse ] --END-- [ RunTime:0.011494s ]
INFO: [ view_filter ] --START--
INFO: Run Behavior\WriteHtmlCacheBehavior [ RunTime:0.001032s ]
INFO: [ view_filter ] --END-- [ RunTime:0.001071s ]
INFO: [ app_end ] --START--
INFO: Run Behavior\ShowPageTraceBehavior [ RunTime:0.001359s ]
INFO: [ app_end ] --END-- [ RunTime:0.001400s ]

[ 2018-04-06T16:51:44+08:00 ] ::1 /sysulab/index.php/Home/feedback/fbcre
INFO: [ app_init ] --START--
INFO: Run Behavior\BuildLiteBehavior [ RunTime:0.000032s ]
INFO: [ app_init ] --END-- [ RunTime:0.000691s ]
NOTIC: [2] Use of undefined constant TMPL_PARSE_STRING - assumed 'TMPL_PARSE_STRING' (this will throw an Error in a future version of PHP) C:\xampp\htdocs\sysulab\lab_sys\Home\Conf\config.php 第 12 行.
INFO: [ app_begin ] --START--
INFO: Run Behavior\ReadHtmlCacheBehavior [ RunTime:0.001286s ]
INFO: [ app_begin ] --END-- [ RunTime:0.001320s ]
INFO: [ view_parse ] --START--
INFO: [ template_filter ] --START--
INFO: Run Behavior\ContentReplaceBehavior [ RunTime:0.000091s ]
INFO: [ template_filter ] --END-- [ RunTime:0.000128s ]
NOTIC: [8] Undefined variable: admin C:\xampp\htdocs\sysulab\lab_sys\Runtime\Cache\Home\2621ef65f8f9789b5221c952afd6aacd.php 第 14 行.
INFO: Run Behavior\ParseTemplateBehavior [ RunTime:0.009836s ]
INFO: [ view_parse ] --END-- [ RunTime:0.009906s ]
INFO: [ view_filter ] --START--
INFO: Run Behavior\WriteHtmlCacheBehavior [ RunTime:0.001437s ]
INFO: [ view_filter ] --END-- [ RunTime:0.001490s ]
INFO: [ app_end ] --START--
INFO: Run Behavior\ShowPageTraceBehavior [ RunTime:0.002135s ]
INFO: [ app_end ] --END-- [ RunTime:0.002211s ]

[ 2018-04-06T16:51:46+08:00 ] ::1 /sysulab/index.php/Home/feedback/fbcre
INFO: [ app_init ] --START--
INFO: Run Behavior\BuildLiteBehavior [ RunTime:0.000012s ]
INFO: [ app_init ] --END-- [ RunTime:0.000762s ]
NOTIC: [2] Use of undefined constant TMPL_PARSE_STRING - assumed 'TMPL_PARSE_STRING' (this will throw an Error in a future version of PHP) C:\xampp\htdocs\sysulab\lab_sys\Home\Conf\config.php 第 12 行.
INFO: [ app_begin ] --START--
INFO: Run Behavior\ReadHtmlCacheBehavior [ RunTime:0.001313s ]
INFO: [ app_begin ] --END-- [ RunTime:0.001372s ]
INFO: [ view_parse ] --START--
INFO: [ template_filter ] --START--
INFO: Run Behavior\ContentReplaceBehavior [ RunTime:0.000122s ]
INFO: [ template_filter ] --END-- [ RunTime:0.000185s ]
NOTIC: [8] Undefined variable: admin C:\xampp\htdocs\sysulab\lab_sys\Runtime\Cache\Home\2621ef65f8f9789b5221c952afd6aacd.php 第 14 行.
INFO: Run Behavior\ParseTemplateBehavior [ RunTime:0.012066s ]
INFO: [ view_parse ] --END-- [ RunTime:0.012117s ]
INFO: [ view_filter ] --START--
INFO: Run Behavior\WriteHtmlCacheBehavior [ RunTime:0.000990s ]
INFO: [ view_filter ] --END-- [ RunTime:0.001033s ]
INFO: [ app_end ] --START--
INFO: Run Behavior\ShowPageTraceBehavior [ RunTime:0.001538s ]
INFO: [ app_end ] --END-- [ RunTime:0.001597s ]

[ 2018-04-06T16:52:03+08:00 ] ::1 /sysulab/index.php/Home/feedback/fbcre
INFO: [ app_init ] --START--
INFO: Run Behavior\BuildLiteBehavior [ RunTime:0.000011s ]
INFO: [ app_init ] --END-- [ RunTime:0.000572s ]
NOTIC: [2] Use of undefined constant TMPL_PARSE_STRING - assumed 'TMPL_PARSE_STRING' (this will throw an Error in a future version of PHP) C:\xampp\htdocs\sysulab\lab_sys\Home\Conf\config.php 第 12 行.
INFO: [ app_begin ] --START--
INFO: Run Behavior\ReadHtmlCacheBehavior [ RunTime:0.000918s ]
INFO: [ app_begin ] --END-- [ RunTime:0.000951s ]
INFO: [ view_parse ] --START--
INFO: [ template_filter ] --START--
INFO: Run Behavior\ContentReplaceBehavior [ RunTime:0.000088s ]
INFO: [ template_filter ] --END-- [ RunTime:0.000127s ]
NOTIC: [8] Undefined variable: admin C:\xampp\htdocs\sysulab\lab_sys\Runtime\Cache\Home\2621ef65f8f9789b5221c952afd6aacd.php 第 14 行.
INFO: Run Behavior\ParseTemplateBehavior [ RunTime:0.009081s ]
INFO: [ view_parse ] --END-- [ RunTime:0.009115s ]
INFO: [ view_filter ] --START--
INFO: Run Behavior\WriteHtmlCacheBehavior [ RunTime:0.000697s ]
INFO: [ view_filter ] --END-- [ RunTime:0.000724s ]
INFO: [ app_end ] --START--
INFO: Run Behavior\ShowPageTraceBehavior [ RunTime:0.001097s ]
INFO: [ app_end ] --END-- [ RunTime:0.001132s ]

[ 2018-04-06T19:56:44+08:00 ] ::1 /sysulab/logm
INFO: [ app_init ] --START--
INFO: Run Behavior\BuildLiteBehavior [ RunTime:0.000079s ]
INFO: [ app_init ] --END-- [ RunTime:0.001213s ]
NOTIC: [2] Use of undefined constant TMPL_PARSE_STRING - assumed 'TMPL_PARSE_STRING' (this will throw an Error in a future version of PHP) C:\xampp\htdocs\sysulab\lab_sys\Home\Conf\config.php 第 12 行.
INFO: [ app_begin ] --START--
INFO: Run Behavior\ReadHtmlCacheBehavior [ RunTime:0.001859s ]
INFO: [ app_begin ] --END-- [ RunTime:0.001917s ]
INFO: [ view_parse ] --START--
INFO: [ template_filter ] --START--
INFO: Run Behavior\ContentReplaceBehavior [ RunTime:0.000083s ]
INFO: [ template_filter ] --END-- [ RunTime:0.000141s ]
INFO: Run Behavior\ParseTemplateBehavior [ RunTime:0.012692s ]
INFO: [ view_parse ] --END-- [ RunTime:0.012760s ]
INFO: [ view_filter ] --START--
INFO: Run Behavior\WriteHtmlCacheBehavior [ RunTime:0.001230s ]
INFO: [ view_filter ] --END-- [ RunTime:0.001320s ]
INFO: [ app_end ] --START--
INFO: Run Behavior\ShowPageTraceBehavior [ RunTime:0.002233s ]
INFO: [ app_end ] --END-- [ RunTime:0.002320s ]

[ 2018-04-06T19:56:55+08:00 ] ::1 /sysulab/index.php/Home/Login/logm_
INFO: [ app_init ] --START--
INFO: Run Behavior\BuildLiteBehavior [ RunTime:0.000034s ]
INFO: [ app_init ] --END-- [ RunTime:0.000868s ]
NOTIC: [2] Use of undefined constant TMPL_PARSE_STRING - assumed 'TMPL_PARSE_STRING' (this will throw an Error in a future version of PHP) C:\xampp\htdocs\sysulab\lab_sys\Home\Conf\config.php 第 12 行.
INFO: [ app_begin ] --START--
INFO: Run Behavior\ReadHtmlCacheBehavior [ RunTime:0.002067s ]
INFO: [ app_begin ] --END-- [ RunTime:0.002149s ]
SQL: SHOW COLUMNS FROM `man` [ RunTime:0.0373s ]
SQL: SELECT * FROM `man` WHERE ( id=100002 )  [ RunTime:0.0008s ]

[ 2018-04-06T19:56:55+08:00 ] ::1 /sysulab/index.php/Home/main/main_m.html
INFO: [ app_init ] --START--
INFO: Run Behavior\BuildLiteBehavior [ RunTime:0.000010s ]
INFO: [ app_init ] --END-- [ RunTime:0.000679s ]
NOTIC: [2] Use of undefined constant TMPL_PARSE_STRING - assumed 'TMPL_PARSE_STRING' (this will throw an Error in a future version of PHP) C:\xampp\htdocs\sysulab\lab_sys\Home\Conf\config.php 第 12 行.
INFO: [ app_begin ] --START--
INFO: Run Behavior\ReadHtmlCacheBehavior [ RunTime:0.000943s ]
INFO: [ app_begin ] --END-- [ RunTime:0.000976s ]
INFO: [ view_parse ] --START--
INFO: [ template_filter ] --START--
INFO: Run Behavior\ContentReplaceBehavior [ RunTime:0.000059s ]
INFO: [ template_filter ] --END-- [ RunTime:0.000112s ]
INFO: Run Behavior\ParseTemplateBehavior [ RunTime:0.008025s ]
INFO: [ view_parse ] --END-- [ RunTime:0.008068s ]
INFO: [ view_filter ] --START--
INFO: Run Behavior\WriteHtmlCacheBehavior [ RunTime:0.000967s ]
INFO: [ view_filter ] --END-- [ RunTime:0.000999s ]
INFO: [ app_end ] --START--
INFO: Run Behavior\ShowPageTraceBehavior [ RunTime:0.001443s ]
INFO: [ app_end ] --END-- [ RunTime:0.001479s ]

[ 2018-04-06T19:56:56+08:00 ] ::1 /sysulab/index.php/Home/main/fbman
INFO: [ app_init ] --START--
INFO: Run Behavior\BuildLiteBehavior [ RunTime:0.000011s ]
INFO: [ app_init ] --END-- [ RunTime:0.000569s ]
NOTIC: [2] Use of undefined constant TMPL_PARSE_STRING - assumed 'TMPL_PARSE_STRING' (this will throw an Error in a future version of PHP) C:\xampp\htdocs\sysulab\lab_sys\Home\Conf\config.php 第 12 行.
INFO: [ app_begin ] --START--
INFO: Run Behavior\ReadHtmlCacheBehavior [ RunTime:0.001189s ]
INFO: [ app_begin ] --END-- [ RunTime:0.001240s ]

[ 2018-04-06T19:56:56+08:00 ] ::1 /sysulab/index.php/Home/feedback/fbman.html
INFO: [ app_init ] --START--
INFO: Run Behavior\BuildLiteBehavior [ RunTime:0.000012s ]
INFO: [ app_init ] --END-- [ RunTime:0.000792s ]
NOTIC: [2] Use of undefined constant TMPL_PARSE_STRING - assumed 'TMPL_PARSE_STRING' (this will throw an Error in a future version of PHP) C:\xampp\htdocs\sysulab\lab_sys\Home\Conf\config.php 第 12 行.
INFO: [ app_begin ] --START--
INFO: Run Behavior\ReadHtmlCacheBehavior [ RunTime:0.000943s ]
INFO: [ app_begin ] --END-- [ RunTime:0.000977s ]
ERR: syntax error, unexpected '$situation' (T_VARIABLE)

[ 2018-04-06T19:58:14+08:00 ] ::1 /sysulab/logm
INFO: [ app_init ] --START--
INFO: Run Behavior\BuildLiteBehavior [ RunTime:0.000014s ]
INFO: [ app_init ] --END-- [ RunTime:0.000869s ]
NOTIC: [2] Use of undefined constant TMPL_PARSE_STRING - assumed 'TMPL_PARSE_STRING' (this will throw an Error in a future version of PHP) C:\xampp\htdocs\sysulab\lab_sys\Home\Conf\config.php 第 12 行.
INFO: [ app_begin ] --START--
INFO: Run Behavior\ReadHtmlCacheBehavior [ RunTime:0.001593s ]
INFO: [ app_begin ] --END-- [ RunTime:0.001660s ]
INFO: [ view_parse ] --START--
INFO: [ template_filter ] --START--
INFO: Run Behavior\ContentReplaceBehavior [ RunTime:0.000065s ]
INFO: [ template_filter ] --END-- [ RunTime:0.000125s ]
INFO: Run Behavior\ParseTemplateBehavior [ RunTime:0.010762s ]
INFO: [ view_parse ] --END-- [ RunTime:0.010830s ]
INFO: [ view_filter ] --START--
INFO: Run Behavior\WriteHtmlCacheBehavior [ RunTime:0.001534s ]
INFO: [ view_filter ] --END-- [ RunTime:0.001584s ]
INFO: [ app_end ] --START--
INFO: Run Behavior\ShowPageTraceBehavior [ RunTime:0.001419s ]
INFO: [ app_end ] --END-- [ RunTime:0.001466s ]

[ 2018-04-06T19:58:22+08:00 ] ::1 /sysulab/index.php/Home/Login/logm_
INFO: [ app_init ] --START--
INFO: Run Behavior\BuildLiteBehavior [ RunTime:0.000102s ]
INFO: [ app_init ] --END-- [ RunTime:0.001092s ]
NOTIC: [2] Use of undefined constant TMPL_PARSE_STRING - assumed 'TMPL_PARSE_STRING' (this will throw an Error in a future version of PHP) C:\xampp\htdocs\sysulab\lab_sys\Home\Conf\config.php 第 12 行.
INFO: [ app_begin ] --START--
INFO: Run Behavior\ReadHtmlCacheBehavior [ RunTime:0.001331s ]
INFO: [ app_begin ] --END-- [ RunTime:0.001370s ]
SQL: SHOW COLUMNS FROM `man` [ RunTime:0.0232s ]
SQL: SELECT * FROM `man` WHERE ( id=100002 )  [ RunTime:0.0005s ]

[ 2018-04-06T19:58:22+08:00 ] ::1 /sysulab/index.php/Home/main/main_m.html
INFO: [ app_init ] --START--
INFO: Run Behavior\BuildLiteBehavior [ RunTime:0.000009s ]
INFO: [ app_init ] --END-- [ RunTime:0.000584s ]
NOTIC: [2] Use of undefined constant TMPL_PARSE_STRING - assumed 'TMPL_PARSE_STRING' (this will throw an Error in a future version of PHP) C:\xampp\htdocs\sysulab\lab_sys\Home\Conf\config.php 第 12 行.
INFO: [ app_begin ] --START--
INFO: Run Behavior\ReadHtmlCacheBehavior [ RunTime:0.001184s ]
INFO: [ app_begin ] --END-- [ RunTime:0.001226s ]
INFO: [ view_parse ] --START--
INFO: [ template_filter ] --START--
INFO: Run Behavior\ContentReplaceBehavior [ RunTime:0.000040s ]
INFO: [ template_filter ] --END-- [ RunTime:0.000078s ]
INFO: Run Behavior\ParseTemplateBehavior [ RunTime:0.009132s ]
INFO: [ view_parse ] --END-- [ RunTime:0.009177s ]
INFO: [ view_filter ] --START--
INFO: Run Behavior\WriteHtmlCacheBehavior [ RunTime:0.000810s ]
INFO: [ view_filter ] --END-- [ RunTime:0.000839s ]
INFO: [ app_end ] --START--
INFO: Run Behavior\ShowPageTraceBehavior [ RunTime:0.001130s ]
INFO: [ app_end ] --END-- [ RunTime:0.001158s ]

[ 2018-04-06T19:58:23+08:00 ] ::1 /sysulab/index.php/Home/main/fbman
INFO: [ app_init ] --START--
INFO: Run Behavior\BuildLiteBehavior [ RunTime:0.000009s ]
INFO: [ app_init ] --END-- [ RunTime:0.000546s ]
NOTIC: [2] Use of undefined constant TMPL_PARSE_STRING - assumed 'TMPL_PARSE_STRING' (this will throw an Error in a future version of PHP) C:\xampp\htdocs\sysulab\lab_sys\Home\Conf\config.php 第 12 行.
INFO: [ app_begin ] --START--
INFO: Run Behavior\ReadHtmlCacheBehavior [ RunTime:0.000932s ]
INFO: [ app_begin ] --END-- [ RunTime:0.000967s ]

[ 2018-04-06T19:58:23+08:00 ] ::1 /sysulab/index.php/Home/feedback/fbman.html
INFO: [ app_init ] --START--
INFO: Run Behavior\BuildLiteBehavior [ RunTime:0.000009s ]
INFO: [ app_init ] --END-- [ RunTime:0.000569s ]
NOTIC: [2] Use of undefined constant TMPL_PARSE_STRING - assumed 'TMPL_PARSE_STRING' (this will throw an Error in a future version of PHP) C:\xampp\htdocs\sysulab\lab_sys\Home\Conf\config.php 第 12 行.
INFO: [ app_begin ] --START--
INFO: Run Behavior\ReadHtmlCacheBehavior [ RunTime:0.000910s ]
INFO: [ app_begin ] --END-- [ RunTime:0.000942s ]
ERR: syntax error, unexpected '$situation' (T_VARIABLE)

[ 2018-04-06T20:07:22+08:00 ] ::1 /sysulab/index.php/Home/feedback/fbman.html
INFO: [ app_init ] --START--
INFO: Run Behavior\BuildLiteBehavior [ RunTime:0.000052s ]
INFO: [ app_init ] --END-- [ RunTime:0.001544s ]
NOTIC: [2] Use of undefined constant TMPL_PARSE_STRING - assumed 'TMPL_PARSE_STRING' (this will throw an Error in a future version of PHP) C:\xampp\htdocs\sysulab\lab_sys\Home\Conf\config.php 第 12 行.
INFO: [ app_begin ] --START--
INFO: Run Behavior\ReadHtmlCacheBehavior [ RunTime:0.001725s ]
INFO: [ app_begin ] --END-- [ RunTime:0.001774s ]
SQL: SHOW COLUMNS FROM `fbori` [ RunTime:0.0093s ]
NOTIC: [8] Undefined index: id C:\xampp\htdocs\sysulab\lab_sys\Home\Controller\FeedbackController.class.php 第 80 行.
SQL: SELECT * FROM `fbori`  [ RunTime:0.0010s ]
INFO: [ view_parse ] --START--
INFO: [ template_filter ] --START--
INFO: Run Behavior\ContentReplaceBehavior [ RunTime:0.000064s ]
INFO: [ template_filter ] --END-- [ RunTime:0.000174s ]
INFO: Run Behavior\ParseTemplateBehavior [ RunTime:0.011379s ]
INFO: [ view_parse ] --END-- [ RunTime:0.011447s ]
INFO: [ view_filter ] --START--
INFO: Run Behavior\WriteHtmlCacheBehavior [ RunTime:0.001124s ]
INFO: [ view_filter ] --END-- [ RunTime:0.001164s ]
INFO: [ app_end ] --START--
INFO: Run Behavior\ShowPageTraceBehavior [ RunTime:0.001531s ]
INFO: [ app_end ] --END-- [ RunTime:0.001575s ]

[ 2018-04-06T20:07:25+08:00 ] ::1 /sysulab/index.php/Home/feedback/fbman.html?btn_fbcre=
INFO: [ app_init ] --START--
INFO: Run Behavior\BuildLiteBehavior [ RunTime:0.000011s ]
INFO: [ app_init ] --END-- [ RunTime:0.000802s ]
NOTIC: [2] Use of undefined constant TMPL_PARSE_STRING - assumed 'TMPL_PARSE_STRING' (this will throw an Error in a future version of PHP) C:\xampp\htdocs\sysulab\lab_sys\Home\Conf\config.php 第 12 行.
INFO: [ app_begin ] --START--
INFO: Run Behavior\ReadHtmlCacheBehavior [ RunTime:0.000971s ]
INFO: [ app_begin ] --END-- [ RunTime:0.001009s ]
SQL: SHOW COLUMNS FROM `fbori` [ RunTime:0.0082s ]
NOTIC: [8] Undefined index: id C:\xampp\htdocs\sysulab\lab_sys\Home\Controller\FeedbackController.class.php 第 80 行.
SQL: SELECT * FROM `fbori`  [ RunTime:0.0007s ]
INFO: [ view_parse ] --START--
INFO: [ template_filter ] --START--
INFO: Run Behavior\ContentReplaceBehavior [ RunTime:0.000046s ]
INFO: [ template_filter ] --END-- [ RunTime:0.000084s ]
INFO: Run Behavior\ParseTemplateBehavior [ RunTime:0.008946s ]
INFO: [ view_parse ] --END-- [ RunTime:0.008989s ]
INFO: [ view_filter ] --START--
INFO: Run Behavior\WriteHtmlCacheBehavior [ RunTime:0.000690s ]
INFO: [ view_filter ] --END-- [ RunTime:0.000718s ]
INFO: [ app_end ] --START--
INFO: Run Behavior\ShowPageTraceBehavior [ RunTime:0.000995s ]
INFO: [ app_end ] --END-- [ RunTime:0.001022s ]

