[ 2018-03-26T15:36:45+08:00 ] ::1 /sysulab/
INFO: [ app_init ] --START--
INFO: Run Behavior\BuildLiteBehavior [ RunTime:0.000016s ]
INFO: [ app_init ] --END-- [ RunTime:0.000951s ]
NOTIC: [2] Use of undefined constant TMPL_PARSE_STRING - assumed 'TMPL_PARSE_STRING' (this will throw an Error in a future version of PHP) C:\xampp\htdocs\sysulab\lab_sys\Home\Conf\config.php 第 12 行.
INFO: [ app_begin ] --START--
INFO: Run Behavior\ReadHtmlCacheBehavior [ RunTime:0.002164s ]
INFO: [ app_begin ] --END-- [ RunTime:0.002228s ]
INFO: [ view_parse ] --START--
INFO: [ template_filter ] --START--
INFO: Run Behavior\ContentReplaceBehavior [ RunTime:0.000066s ]
INFO: [ template_filter ] --END-- [ RunTime:0.000106s ]
INFO: Run Behavior\ParseTemplateBehavior [ RunTime:0.031328s ]
INFO: [ view_parse ] --END-- [ RunTime:0.031385s ]
INFO: [ view_filter ] --START--
INFO: Run Behavior\WriteHtmlCacheBehavior [ RunTime:0.001032s ]
INFO: [ view_filter ] --END-- [ RunTime:0.001073s ]
INFO: [ app_end ] --START--
INFO: Run Behavior\ShowPageTraceBehavior [ RunTime:0.001382s ]
INFO: [ app_end ] --END-- [ RunTime:0.001418s ]

[ 2018-03-26T15:36:57+08:00 ] ::1 /sysulab/home/exception/excpsts_a
INFO: [ app_init ] --START--
INFO: Run Behavior\BuildLiteBehavior [ RunTime:0.000018s ]
INFO: [ app_init ] --END-- [ RunTime:0.000879s ]
NOTIC: [2] Use of undefined constant TMPL_PARSE_STRING - assumed 'TMPL_PARSE_STRING' (this will throw an Error in a future version of PHP) C:\xampp\htdocs\sysulab\lab_sys\Home\Conf\config.php 第 12 行.
INFO: [ app_begin ] --START--
INFO: Run Behavior\ReadHtmlCacheBehavior [ RunTime:0.001147s ]
INFO: [ app_begin ] --END-- [ RunTime:0.001185s ]
SQL: SHOW COLUMNS FROM `excp` [ RunTime:0.0295s ]
SQL: SELECT * FROM `excp` LIMIT 5   [ RunTime:0.0005s ]
ERR: 模板不存在:./lab_sys/Home/View/Exception/excpsts_a.html

[ 2018-03-26T15:37:04+08:00 ] ::1 /sysulab/home/exception/expsts_a
INFO: [ app_init ] --START--
INFO: Run Behavior\BuildLiteBehavior [ RunTime:0.000016s ]
INFO: [ app_init ] --END-- [ RunTime:0.000838s ]
NOTIC: [2] Use of undefined constant TMPL_PARSE_STRING - assumed 'TMPL_PARSE_STRING' (this will throw an Error in a future version of PHP) C:\xampp\htdocs\sysulab\lab_sys\Home\Conf\config.php 第 12 行.
INFO: [ app_begin ] --START--
INFO: Run Behavior\ReadHtmlCacheBehavior [ RunTime:0.001392s ]
INFO: [ app_begin ] --END-- [ RunTime:0.001438s ]
ERR: 非法操作:expsts_a

[ 2018-03-26T15:37:32+08:00 ] ::1 /sysulab/home/exception/expsts
INFO: [ app_init ] --START--
INFO: Run Behavior\BuildLiteBehavior [ RunTime:0.000012s ]
INFO: [ app_init ] --END-- [ RunTime:0.000634s ]
NOTIC: [2] Use of undefined constant TMPL_PARSE_STRING - assumed 'TMPL_PARSE_STRING' (this will throw an Error in a future version of PHP) C:\xampp\htdocs\sysulab\lab_sys\Home\Conf\config.php 第 12 行.
INFO: [ app_begin ] --START--
INFO: Run Behavior\ReadHtmlCacheBehavior [ RunTime:0.001176s ]
INFO: [ app_begin ] --END-- [ RunTime:0.001212s ]
ERR: 非法操作:expsts

[ 2018-03-26T15:37:36+08:00 ] ::1 /sysulab/home/exception/excpsts
INFO: [ app_init ] --START--
INFO: Run Behavior\BuildLiteBehavior [ RunTime:0.000013s ]
INFO: [ app_init ] --END-- [ RunTime:0.000850s ]
NOTIC: [2] Use of undefined constant TMPL_PARSE_STRING - assumed 'TMPL_PARSE_STRING' (this will throw an Error in a future version of PHP) C:\xampp\htdocs\sysulab\lab_sys\Home\Conf\config.php 第 12 行.
INFO: [ app_begin ] --START--
INFO: Run Behavior\ReadHtmlCacheBehavior [ RunTime:0.000928s ]
INFO: [ app_begin ] --END-- [ RunTime:0.000964s ]
INFO: [ view_parse ] --START--
INFO: [ template_filter ] --START--
INFO: Run Behavior\ContentReplaceBehavior [ RunTime:0.000081s ]
INFO: [ template_filter ] --END-- [ RunTime:0.000117s ]
NOTIC: [8] Undefined variable: user C:\xampp\htdocs\sysulab\lab_sys\Runtime\Cache\Home\a5a14055ce9fb5b618757cc4711010b2.php 第 5 行.
NOTIC: [8] Undefined variable: list C:\xampp\htdocs\sysulab\lab_sys\Runtime\Cache\Home\a5a14055ce9fb5b618757cc4711010b2.php 第 48 行.
INFO: Run Behavior\ParseTemplateBehavior [ RunTime:0.010782s ]
INFO: [ view_parse ] --END-- [ RunTime:0.010817s ]
INFO: [ view_filter ] --START--
INFO: Run Behavior\WriteHtmlCacheBehavior [ RunTime:0.000793s ]
INFO: [ view_filter ] --END-- [ RunTime:0.000827s ]
INFO: [ app_end ] --START--
INFO: Run Behavior\ShowPageTraceBehavior [ RunTime:0.001139s ]
INFO: [ app_end ] --END-- [ RunTime:0.001167s ]

[ 2018-03-26T15:37:36+08:00 ] ::1 /sysulab/home/exception/js/jquery-1.11.1.min.js
INFO: [ app_init ] --START--
INFO: Run Behavior\BuildLiteBehavior [ RunTime:0.000013s ]
INFO: [ app_init ] --END-- [ RunTime:0.000772s ]
NOTIC: [2] Use of undefined constant TMPL_PARSE_STRING - assumed 'TMPL_PARSE_STRING' (this will throw an Error in a future version of PHP) C:\xampp\htdocs\sysulab\lab_sys\Home\Conf\config.php 第 12 行.
INFO: [ app_begin ] --START--
INFO: Run Behavior\ReadHtmlCacheBehavior [ RunTime:0.001282s ]
INFO: [ app_begin ] --END-- [ RunTime:0.001336s ]
ERR: 非法操作:js

[ 2018-03-26T15:37:36+08:00 ] ::1 /sysulab/home/exception/js/init.js
INFO: [ app_init ] --START--
INFO: Run Behavior\BuildLiteBehavior [ RunTime:0.000015s ]
INFO: [ app_init ] --END-- [ RunTime:0.000721s ]
NOTIC: [2] Use of undefined constant TMPL_PARSE_STRING - assumed 'TMPL_PARSE_STRING' (this will throw an Error in a future version of PHP) C:\xampp\htdocs\sysulab\lab_sys\Home\Conf\config.php 第 12 行.
INFO: [ app_begin ] --START--
INFO: Run Behavior\ReadHtmlCacheBehavior [ RunTime:0.001809s ]
INFO: [ app_begin ] --END-- [ RunTime:0.001873s ]
ERR: 非法操作:js

[ 2018-03-26T15:38:12+08:00 ] ::1 /sysulab/home/exception/excpsts
INFO: [ app_init ] --START--
INFO: Run Behavior\BuildLiteBehavior [ RunTime:0.000015s ]
INFO: [ app_init ] --END-- [ RunTime:0.000886s ]
NOTIC: [2] Use of undefined constant TMPL_PARSE_STRING - assumed 'TMPL_PARSE_STRING' (this will throw an Error in a future version of PHP) C:\xampp\htdocs\sysulab\lab_sys\Home\Conf\config.php 第 12 行.
INFO: [ app_begin ] --START--
INFO: Run Behavior\ReadHtmlCacheBehavior [ RunTime:0.001291s ]
INFO: [ app_begin ] --END-- [ RunTime:0.001341s ]
SQL: SHOW COLUMNS FROM `excp` [ RunTime:0.0824s ]
SQL: SELECT * FROM `excp` LIMIT 5   [ RunTime:0.0006s ]
INFO: [ view_parse ] --START--
INFO: [ template_filter ] --START--
INFO: Run Behavior\ContentReplaceBehavior [ RunTime:0.000051s ]
INFO: [ template_filter ] --END-- [ RunTime:0.000101s ]
NOTIC: [8] Undefined variable: user C:\xampp\htdocs\sysulab\lab_sys\Runtime\Cache\Home\a5a14055ce9fb5b618757cc4711010b2.php 第 5 行.
INFO: Run Behavior\ParseTemplateBehavior [ RunTime:0.014124s ]
INFO: [ view_parse ] --END-- [ RunTime:0.014178s ]
INFO: [ view_filter ] --START--
INFO: Run Behavior\WriteHtmlCacheBehavior [ RunTime:0.001209s ]
INFO: [ view_filter ] --END-- [ RunTime:0.001256s ]
INFO: [ app_end ] --START--
INFO: Run Behavior\ShowPageTraceBehavior [ RunTime:0.001571s ]
INFO: [ app_end ] --END-- [ RunTime:0.001688s ]

[ 2018-03-26T15:38:13+08:00 ] ::1 /sysulab/home/exception/js/init.js
INFO: [ app_init ] --START--
INFO: Run Behavior\BuildLiteBehavior [ RunTime:0.000014s ]
INFO: [ app_init ] --END-- [ RunTime:0.000840s ]
NOTIC: [2] Use of undefined constant TMPL_PARSE_STRING - assumed 'TMPL_PARSE_STRING' (this will throw an Error in a future version of PHP) C:\xampp\htdocs\sysulab\lab_sys\Home\Conf\config.php 第 12 行.
INFO: [ app_begin ] --START--
INFO: Run Behavior\ReadHtmlCacheBehavior [ RunTime:0.001331s ]
INFO: [ app_begin ] --END-- [ RunTime:0.001380s ]
ERR: 非法操作:js

[ 2018-03-26T15:38:13+08:00 ] ::1 /sysulab/home/exception/js/jquery-1.11.1.min.js
INFO: [ app_init ] --START--
INFO: Run Behavior\BuildLiteBehavior [ RunTime:0.000011s ]
INFO: [ app_init ] --END-- [ RunTime:0.000736s ]
NOTIC: [2] Use of undefined constant TMPL_PARSE_STRING - assumed 'TMPL_PARSE_STRING' (this will throw an Error in a future version of PHP) C:\xampp\htdocs\sysulab\lab_sys\Home\Conf\config.php 第 12 行.
INFO: [ app_begin ] --START--
INFO: Run Behavior\ReadHtmlCacheBehavior [ RunTime:0.001365s ]
INFO: [ app_begin ] --END-- [ RunTime:0.001415s ]
ERR: 非法操作:js

[ 2018-03-26T15:38:13+08:00 ] ::1 /sysulab/home/exception/js/init.js
INFO: [ app_init ] --START--
INFO: Run Behavior\BuildLiteBehavior [ RunTime:0.000012s ]
INFO: [ app_init ] --END-- [ RunTime:0.000803s ]
NOTIC: [2] Use of undefined constant TMPL_PARSE_STRING - assumed 'TMPL_PARSE_STRING' (this will throw an Error in a future version of PHP) C:\xampp\htdocs\sysulab\lab_sys\Home\Conf\config.php 第 12 行.
INFO: [ app_begin ] --START--
INFO: Run Behavior\ReadHtmlCacheBehavior [ RunTime:0.001239s ]
INFO: [ app_begin ] --END-- [ RunTime:0.001288s ]
ERR: 非法操作:js

[ 2018-03-26T15:53:20+08:00 ] ::1 /sysulab/
INFO: [ app_init ] --START--
INFO: Run Behavior\BuildLiteBehavior [ RunTime:0.000017s ]
INFO: [ app_init ] --END-- [ RunTime:0.000803s ]
NOTIC: [2] Use of undefined constant TMPL_PARSE_STRING - assumed 'TMPL_PARSE_STRING' (this will throw an Error in a future version of PHP) C:\xampp\htdocs\sysulab\lab_sys\Home\Conf\config.php 第 12 行.
INFO: [ app_begin ] --START--
INFO: Run Behavior\ReadHtmlCacheBehavior [ RunTime:0.001455s ]
INFO: [ app_begin ] --END-- [ RunTime:0.001505s ]
INFO: [ view_parse ] --START--
INFO: [ template_filter ] --START--
INFO: Run Behavior\ContentReplaceBehavior [ RunTime:0.000064s ]
INFO: [ template_filter ] --END-- [ RunTime:0.000126s ]
INFO: Run Behavior\ParseTemplateBehavior [ RunTime:0.014466s ]
INFO: [ view_parse ] --END-- [ RunTime:0.014527s ]
INFO: [ view_filter ] --START--
INFO: Run Behavior\WriteHtmlCacheBehavior [ RunTime:0.001056s ]
INFO: [ view_filter ] --END-- [ RunTime:0.001099s ]
INFO: [ app_end ] --START--
INFO: Run Behavior\ShowPageTraceBehavior [ RunTime:0.002223s ]
INFO: [ app_end ] --END-- [ RunTime:0.002301s ]

[ 2018-03-26T15:53:32+08:00 ] ::1 /sysulab/home/login/logm
INFO: [ app_init ] --START--
INFO: Run Behavior\BuildLiteBehavior [ RunTime:0.000011s ]
INFO: [ app_init ] --END-- [ RunTime:0.000624s ]
NOTIC: [2] Use of undefined constant TMPL_PARSE_STRING - assumed 'TMPL_PARSE_STRING' (this will throw an Error in a future version of PHP) C:\xampp\htdocs\sysulab\lab_sys\Home\Conf\config.php 第 12 行.
INFO: [ app_begin ] --START--
INFO: Run Behavior\ReadHtmlCacheBehavior [ RunTime:0.002059s ]
INFO: [ app_begin ] --END-- [ RunTime:0.002122s ]
INFO: [ view_parse ] --START--
INFO: [ template_filter ] --START--
INFO: Run Behavior\ContentReplaceBehavior [ RunTime:0.000053s ]
INFO: [ template_filter ] --END-- [ RunTime:0.000109s ]
INFO: Run Behavior\ParseTemplateBehavior [ RunTime:0.011270s ]
INFO: [ view_parse ] --END-- [ RunTime:0.011324s ]
INFO: [ view_filter ] --START--
INFO: Run Behavior\WriteHtmlCacheBehavior [ RunTime:0.000816s ]
INFO: [ view_filter ] --END-- [ RunTime:0.000847s ]
INFO: [ app_end ] --START--
INFO: Run Behavior\ShowPageTraceBehavior [ RunTime:0.001161s ]
INFO: [ app_end ] --END-- [ RunTime:0.001191s ]

[ 2018-03-26T15:54:13+08:00 ] 172.18.92.48 /sysulab/home/login/logm
INFO: [ app_init ] --START--
INFO: Run Behavior\BuildLiteBehavior [ RunTime:0.000013s ]
INFO: [ app_init ] --END-- [ RunTime:0.000825s ]
NOTIC: [2] Use of undefined constant TMPL_PARSE_STRING - assumed 'TMPL_PARSE_STRING' (this will throw an Error in a future version of PHP) C:\xampp\htdocs\sysulab\lab_sys\Home\Conf\config.php 第 12 行.
INFO: [ app_begin ] --START--
INFO: Run Behavior\ReadHtmlCacheBehavior [ RunTime:0.001556s ]
INFO: [ app_begin ] --END-- [ RunTime:0.001616s ]
INFO: [ view_parse ] --START--
INFO: [ template_filter ] --START--
INFO: Run Behavior\ContentReplaceBehavior [ RunTime:0.000058s ]
INFO: [ template_filter ] --END-- [ RunTime:0.000113s ]
INFO: Run Behavior\ParseTemplateBehavior [ RunTime:0.012657s ]
INFO: [ view_parse ] --END-- [ RunTime:0.012720s ]
INFO: [ view_filter ] --START--
INFO: Run Behavior\WriteHtmlCacheBehavior [ RunTime:0.000974s ]
INFO: [ view_filter ] --END-- [ RunTime:0.001012s ]
INFO: [ app_end ] --START--
INFO: Run Behavior\ShowPageTraceBehavior [ RunTime:0.001333s ]
INFO: [ app_end ] --END-- [ RunTime:0.001373s ]

[ 2018-03-26T15:54:36+08:00 ] 172.18.95.186 /sysulab/home/login/logm
INFO: [ app_init ] --START--
INFO: Run Behavior\BuildLiteBehavior [ RunTime:0.000010s ]
INFO: [ app_init ] --END-- [ RunTime:0.000632s ]
NOTIC: [2] Use of undefined constant TMPL_PARSE_STRING - assumed 'TMPL_PARSE_STRING' (this will throw an Error in a future version of PHP) C:\xampp\htdocs\sysulab\lab_sys\Home\Conf\config.php 第 12 行.
INFO: [ app_begin ] --START--
INFO: Run Behavior\ReadHtmlCacheBehavior [ RunTime:0.001122s ]
INFO: [ app_begin ] --END-- [ RunTime:0.001157s ]
INFO: [ view_parse ] --START--
INFO: [ template_filter ] --START--
INFO: Run Behavior\ContentReplaceBehavior [ RunTime:0.000039s ]
INFO: [ template_filter ] --END-- [ RunTime:0.000073s ]
INFO: Run Behavior\ParseTemplateBehavior [ RunTime:0.007618s ]
INFO: [ view_parse ] --END-- [ RunTime:0.007669s ]
INFO: [ view_filter ] --START--
INFO: Run Behavior\WriteHtmlCacheBehavior [ RunTime:0.001101s ]
INFO: [ view_filter ] --END-- [ RunTime:0.001143s ]
INFO: [ app_end ] --START--
INFO: Run Behavior\ShowPageTraceBehavior [ RunTime:0.001769s ]
INFO: [ app_end ] --END-- [ RunTime:0.001822s ]

[ 2018-03-26T15:58:17+08:00 ] ::1 /sysulab/
INFO: [ app_init ] --START--
INFO: Run Behavior\BuildLiteBehavior [ RunTime:0.000015s ]
INFO: [ app_init ] --END-- [ RunTime:0.001452s ]
NOTIC: [2] Use of undefined constant TMPL_PARSE_STRING - assumed 'TMPL_PARSE_STRING' (this will throw an Error in a future version of PHP) C:\xampp\htdocs\sysulab\lab_sys\Home\Conf\config.php 第 12 行.
INFO: [ app_begin ] --START--
INFO: Run Behavior\ReadHtmlCacheBehavior [ RunTime:0.001497s ]
INFO: [ app_begin ] --END-- [ RunTime:0.001553s ]
INFO: [ view_parse ] --START--
INFO: [ template_filter ] --START--
INFO: Run Behavior\ContentReplaceBehavior [ RunTime:0.000072s ]
INFO: [ template_filter ] --END-- [ RunTime:0.000130s ]
INFO: Run Behavior\ParseTemplateBehavior [ RunTime:0.011927s ]
INFO: [ view_parse ] --END-- [ RunTime:0.011993s ]
INFO: [ view_filter ] --START--
INFO: Run Behavior\WriteHtmlCacheBehavior [ RunTime:0.001223s ]
INFO: [ view_filter ] --END-- [ RunTime:0.001270s ]
INFO: [ app_end ] --START--
INFO: Run Behavior\ShowPageTraceBehavior [ RunTime:0.001641s ]
INFO: [ app_end ] --END-- [ RunTime:0.001689s ]

[ 2018-03-26T15:58:25+08:00 ] ::1 /sysulab/home/exception/excpsts
INFO: [ app_init ] --START--
INFO: Run Behavior\BuildLiteBehavior [ RunTime:0.000010s ]
INFO: [ app_init ] --END-- [ RunTime:0.000660s ]
NOTIC: [2] Use of undefined constant TMPL_PARSE_STRING - assumed 'TMPL_PARSE_STRING' (this will throw an Error in a future version of PHP) C:\xampp\htdocs\sysulab\lab_sys\Home\Conf\config.php 第 12 行.
INFO: [ app_begin ] --START--
INFO: Run Behavior\ReadHtmlCacheBehavior [ RunTime:0.001306s ]
INFO: [ app_begin ] --END-- [ RunTime:0.001353s ]
SQL: SHOW COLUMNS FROM `excp` [ RunTime:0.0379s ]
SQL: SELECT * FROM `excp` LIMIT 5   [ RunTime:0.0005s ]
INFO: [ view_parse ] --START--
INFO: [ template_filter ] --START--
INFO: Run Behavior\ContentReplaceBehavior [ RunTime:0.000038s ]
INFO: [ template_filter ] --END-- [ RunTime:0.000074s ]
NOTIC: [8] Undefined variable: user C:\xampp\htdocs\sysulab\lab_sys\Runtime\Cache\Home\a5a14055ce9fb5b618757cc4711010b2.php 第 5 行.
INFO: Run Behavior\ParseTemplateBehavior [ RunTime:0.010105s ]
INFO: [ view_parse ] --END-- [ RunTime:0.010147s ]
INFO: [ view_filter ] --START--
INFO: Run Behavior\WriteHtmlCacheBehavior [ RunTime:0.000954s ]
INFO: [ view_filter ] --END-- [ RunTime:0.000987s ]
INFO: [ app_end ] --START--
INFO: Run Behavior\ShowPageTraceBehavior [ RunTime:0.001253s ]
INFO: [ app_end ] --END-- [ RunTime:0.001285s ]

[ 2018-03-26T15:58:26+08:00 ] ::1 /sysulab/home/exception/js/jquery-1.11.1.min.js
INFO: [ app_init ] --START--
INFO: Run Behavior\BuildLiteBehavior [ RunTime:0.000013s ]
INFO: [ app_init ] --END-- [ RunTime:0.000734s ]
NOTIC: [2] Use of undefined constant TMPL_PARSE_STRING - assumed 'TMPL_PARSE_STRING' (this will throw an Error in a future version of PHP) C:\xampp\htdocs\sysulab\lab_sys\Home\Conf\config.php 第 12 行.
INFO: [ app_begin ] --START--
INFO: Run Behavior\ReadHtmlCacheBehavior [ RunTime:0.002126s ]
INFO: [ app_begin ] --END-- [ RunTime:0.002211s ]
ERR: 非法操作:js

[ 2018-03-26T15:58:26+08:00 ] ::1 /sysulab/home/exception/js/init.js
INFO: [ app_init ] --START--
INFO: Run Behavior\BuildLiteBehavior [ RunTime:0.000015s ]
INFO: [ app_init ] --END-- [ RunTime:0.001632s ]
NOTIC: [2] Use of undefined constant TMPL_PARSE_STRING - assumed 'TMPL_PARSE_STRING' (this will throw an Error in a future version of PHP) C:\xampp\htdocs\sysulab\lab_sys\Home\Conf\config.php 第 12 行.
INFO: [ app_begin ] --START--
INFO: Run Behavior\ReadHtmlCacheBehavior [ RunTime:0.003534s ]
INFO: [ app_begin ] --END-- [ RunTime:0.003602s ]
ERR: 非法操作:js

[ 2018-03-26T16:36:09+08:00 ] ::1 /sysulab/
INFO: [ app_init ] --START--
INFO: Run Behavior\BuildLiteBehavior [ RunTime:0.000013s ]
INFO: [ app_init ] --END-- [ RunTime:0.001003s ]
NOTIC: [2] Use of undefined constant TMPL_PARSE_STRING - assumed 'TMPL_PARSE_STRING' (this will throw an Error in a future version of PHP) C:\xampp\htdocs\sysulab\lab_sys\Home\Conf\config.php 第 12 行.
INFO: [ app_begin ] --START--
INFO: Run Behavior\ReadHtmlCacheBehavior [ RunTime:0.001640s ]
INFO: [ app_begin ] --END-- [ RunTime:0.001706s ]
INFO: [ view_parse ] --START--
INFO: [ template_filter ] --START--
INFO: Run Behavior\ContentReplaceBehavior [ RunTime:0.000065s ]
INFO: [ template_filter ] --END-- [ RunTime:0.000123s ]
INFO: Run Behavior\ParseTemplateBehavior [ RunTime:0.012692s ]
INFO: [ view_parse ] --END-- [ RunTime:0.012758s ]
INFO: [ view_filter ] --START--
INFO: Run Behavior\WriteHtmlCacheBehavior [ RunTime:0.001225s ]
INFO: [ view_filter ] --END-- [ RunTime:0.001271s ]
INFO: [ app_end ] --START--
INFO: Run Behavior\ShowPageTraceBehavior [ RunTime:0.002000s ]
INFO: [ app_end ] --END-- [ RunTime:0.002056s ]

[ 2018-03-26T16:36:20+08:00 ] ::1 /sysulab/home/exception/excpsts
INFO: [ app_init ] --START--
INFO: Run Behavior\BuildLiteBehavior [ RunTime:0.000012s ]
INFO: [ app_init ] --END-- [ RunTime:0.000651s ]
NOTIC: [2] Use of undefined constant TMPL_PARSE_STRING - assumed 'TMPL_PARSE_STRING' (this will throw an Error in a future version of PHP) C:\xampp\htdocs\sysulab\lab_sys\Home\Conf\config.php 第 12 行.
INFO: [ app_begin ] --START--
INFO: Run Behavior\ReadHtmlCacheBehavior [ RunTime:0.001295s ]
INFO: [ app_begin ] --END-- [ RunTime:0.001339s ]
SQL: SHOW COLUMNS FROM `excp` [ RunTime:0.0290s ]
SQL: SELECT * FROM `excp` LIMIT 5   [ RunTime:0.0005s ]
INFO: [ view_parse ] --START--
INFO: [ template_filter ] --START--
INFO: Run Behavior\ContentReplaceBehavior [ RunTime:0.000042s ]
INFO: [ template_filter ] --END-- [ RunTime:0.000078s ]
NOTIC: [8] Undefined variable: user C:\xampp\htdocs\sysulab\lab_sys\Runtime\Cache\Home\a5a14055ce9fb5b618757cc4711010b2.php 第 5 行.
INFO: Run Behavior\ParseTemplateBehavior [ RunTime:0.009162s ]
INFO: [ view_parse ] --END-- [ RunTime:0.009205s ]
INFO: [ view_filter ] --START--
INFO: Run Behavior\WriteHtmlCacheBehavior [ RunTime:0.001020s ]
INFO: [ view_filter ] --END-- [ RunTime:0.001060s ]
INFO: [ app_end ] --START--
INFO: Run Behavior\ShowPageTraceBehavior [ RunTime:0.001386s ]
INFO: [ app_end ] --END-- [ RunTime:0.001431s ]

[ 2018-03-26T16:36:21+08:00 ] ::1 /sysulab/home/exception/js/jquery-1.11.1.min.js
INFO: [ app_init ] --START--
INFO: Run Behavior\BuildLiteBehavior [ RunTime:0.000013s ]
INFO: [ app_init ] --END-- [ RunTime:0.000910s ]
NOTIC: [2] Use of undefined constant TMPL_PARSE_STRING - assumed 'TMPL_PARSE_STRING' (this will throw an Error in a future version of PHP) C:\xampp\htdocs\sysulab\lab_sys\Home\Conf\config.php 第 12 行.
INFO: [ app_begin ] --START--
INFO: Run Behavior\ReadHtmlCacheBehavior [ RunTime:0.004337s ]
INFO: [ app_begin ] --END-- [ RunTime:0.004402s ]
ERR: 非法操作:js

[ 2018-03-26T16:36:21+08:00 ] ::1 /sysulab/home/exception/js/init.js
INFO: [ app_init ] --START--
INFO: Run Behavior\BuildLiteBehavior [ RunTime:0.000015s ]
INFO: [ app_init ] --END-- [ RunTime:0.001829s ]
NOTIC: [2] Use of undefined constant TMPL_PARSE_STRING - assumed 'TMPL_PARSE_STRING' (this will throw an Error in a future version of PHP) C:\xampp\htdocs\sysulab\lab_sys\Home\Conf\config.php 第 12 行.
INFO: [ app_begin ] --START--
INFO: Run Behavior\ReadHtmlCacheBehavior [ RunTime:0.001651s ]
INFO: [ app_begin ] --END-- [ RunTime:0.001713s ]
ERR: 非法操作:js

[ 2018-03-26T16:38:32+08:00 ] ::1 /sysulab/home/exception/deal_
INFO: [ app_init ] --START--
INFO: Run Behavior\BuildLiteBehavior [ RunTime:0.000011s ]
INFO: [ app_init ] --END-- [ RunTime:0.000821s ]
NOTIC: [2] Use of undefined constant TMPL_PARSE_STRING - assumed 'TMPL_PARSE_STRING' (this will throw an Error in a future version of PHP) C:\xampp\htdocs\sysulab\lab_sys\Home\Conf\config.php 第 12 行.
INFO: [ app_begin ] --START--
INFO: Run Behavior\ReadHtmlCacheBehavior [ RunTime:0.001115s ]
INFO: [ app_begin ] --END-- [ RunTime:0.001152s ]
ERR: 非法操作:deal_

[ 2018-03-26T16:38:35+08:00 ] ::1 /sysulab/home/exception/js/jquery-1.11.1.min.js
INFO: [ app_init ] --START--
INFO: Run Behavior\BuildLiteBehavior [ RunTime:0.000017s ]
INFO: [ app_init ] --END-- [ RunTime:0.002011s ]
NOTIC: [2] Use of undefined constant TMPL_PARSE_STRING - assumed 'TMPL_PARSE_STRING' (this will throw an Error in a future version of PHP) C:\xampp\htdocs\sysulab\lab_sys\Home\Conf\config.php 第 12 行.
INFO: [ app_begin ] --START--
INFO: Run Behavior\ReadHtmlCacheBehavior [ RunTime:0.001248s ]
INFO: [ app_begin ] --END-- [ RunTime:0.001299s ]
ERR: 非法操作:js

[ 2018-03-26T16:38:35+08:00 ] ::1 /sysulab/home/exception/js/init.js
INFO: [ app_init ] --START--
INFO: Run Behavior\BuildLiteBehavior [ RunTime:0.000011s ]
INFO: [ app_init ] --END-- [ RunTime:0.000871s ]
NOTIC: [2] Use of undefined constant TMPL_PARSE_STRING - assumed 'TMPL_PARSE_STRING' (this will throw an Error in a future version of PHP) C:\xampp\htdocs\sysulab\lab_sys\Home\Conf\config.php 第 12 行.
INFO: [ app_begin ] --START--
INFO: Run Behavior\ReadHtmlCacheBehavior [ RunTime:0.001615s ]
INFO: [ app_begin ] --END-- [ RunTime:0.001673s ]
ERR: 非法操作:js

[ 2018-03-26T16:38:38+08:00 ] ::1 /sysulab/home/exception/fb
INFO: [ app_init ] --START--
INFO: Run Behavior\BuildLiteBehavior [ RunTime:0.000019s ]
INFO: [ app_init ] --END-- [ RunTime:0.002302s ]
NOTIC: [2] Use of undefined constant TMPL_PARSE_STRING - assumed 'TMPL_PARSE_STRING' (this will throw an Error in a future version of PHP) C:\xampp\htdocs\sysulab\lab_sys\Home\Conf\config.php 第 12 行.
INFO: [ app_begin ] --START--
INFO: Run Behavior\ReadHtmlCacheBehavior [ RunTime:0.001929s ]
INFO: [ app_begin ] --END-- [ RunTime:0.001995s ]

[ 2018-03-26T16:38:38+08:00 ] ::1 /sysulab/index.php/Home/feedback/fb.html
INFO: [ app_init ] --START--
INFO: Run Behavior\BuildLiteBehavior [ RunTime:0.000014s ]
INFO: [ app_init ] --END-- [ RunTime:0.000966s ]
NOTIC: [2] Use of undefined constant TMPL_PARSE_STRING - assumed 'TMPL_PARSE_STRING' (this will throw an Error in a future version of PHP) C:\xampp\htdocs\sysulab\lab_sys\Home\Conf\config.php 第 12 行.
INFO: [ app_begin ] --START--
INFO: Run Behavior\ReadHtmlCacheBehavior [ RunTime:0.001103s ]
INFO: [ app_begin ] --END-- [ RunTime:0.001147s ]

[ 2018-03-26T16:38:38+08:00 ] ::1 /sysulab/index.php/Home/login/log.html
INFO: [ app_init ] --START--
INFO: Run Behavior\BuildLiteBehavior [ RunTime:0.000013s ]
INFO: [ app_init ] --END-- [ RunTime:0.000831s ]
NOTIC: [2] Use of undefined constant TMPL_PARSE_STRING - assumed 'TMPL_PARSE_STRING' (this will throw an Error in a future version of PHP) C:\xampp\htdocs\sysulab\lab_sys\Home\Conf\config.php 第 12 行.
INFO: [ app_begin ] --START--
INFO: Run Behavior\ReadHtmlCacheBehavior [ RunTime:0.001064s ]
INFO: [ app_begin ] --END-- [ RunTime:0.001151s ]
INFO: [ view_parse ] --START--
INFO: [ template_filter ] --START--
INFO: Run Behavior\ContentReplaceBehavior [ RunTime:0.000063s ]
INFO: [ template_filter ] --END-- [ RunTime:0.000123s ]
INFO: Run Behavior\ParseTemplateBehavior [ RunTime:0.011731s ]
INFO: [ view_parse ] --END-- [ RunTime:0.011798s ]
INFO: [ view_filter ] --START--
INFO: Run Behavior\WriteHtmlCacheBehavior [ RunTime:0.001247s ]
INFO: [ view_filter ] --END-- [ RunTime:0.001294s ]
INFO: [ app_end ] --START--
INFO: Run Behavior\ShowPageTraceBehavior [ RunTime:0.002220s ]
INFO: [ app_end ] --END-- [ RunTime:0.002277s ]

[ 2018-03-26T16:38:42+08:00 ] ::1 /sysulab/home/exception/js/jquery-1.11.1.min.js
INFO: [ app_init ] --START--
INFO: Run Behavior\BuildLiteBehavior [ RunTime:0.000014s ]
INFO: [ app_init ] --END-- [ RunTime:0.000831s ]
NOTIC: [2] Use of undefined constant TMPL_PARSE_STRING - assumed 'TMPL_PARSE_STRING' (this will throw an Error in a future version of PHP) C:\xampp\htdocs\sysulab\lab_sys\Home\Conf\config.php 第 12 行.
INFO: [ app_begin ] --START--
INFO: Run Behavior\ReadHtmlCacheBehavior [ RunTime:0.001301s ]
INFO: [ app_begin ] --END-- [ RunTime:0.001360s ]
ERR: 非法操作:js

[ 2018-03-26T16:38:42+08:00 ] ::1 /sysulab/home/exception/js/init.js
INFO: [ app_init ] --START--
INFO: Run Behavior\BuildLiteBehavior [ RunTime:0.000012s ]
INFO: [ app_init ] --END-- [ RunTime:0.000804s ]
NOTIC: [2] Use of undefined constant TMPL_PARSE_STRING - assumed 'TMPL_PARSE_STRING' (this will throw an Error in a future version of PHP) C:\xampp\htdocs\sysulab\lab_sys\Home\Conf\config.php 第 12 行.
INFO: [ app_begin ] --START--
INFO: Run Behavior\ReadHtmlCacheBehavior [ RunTime:0.001311s ]
INFO: [ app_begin ] --END-- [ RunTime:0.001359s ]
ERR: 非法操作:js

